#
# There is insufficient memory for the Java Runtime Environment to continue.
# Native memory allocation (malloc) failed to allocate 2097152 bytes. Error detail: AllocateHeap
# Possible reasons:
#   The system is out of physical RAM or swap space
#   This process is running with CompressedOops enabled, and the Java Heap may be blocking the growth of the native heap
# Possible solutions:
#   Reduce memory load on the system
#   Increase physical memory or swap space
#   Check if swap backing store is full
#   Decrease Java heap size (-Xmx/-Xms)
#   Decrease number of Java threads
#   Decrease Java thread stack sizes (-Xss)
#   Set larger code cache with -XX:ReservedCodeCacheSize=
#   JVM is running with Unscaled Compressed Oops mode in which the Java heap is
#     placed in the first 4GB address space. The Java Heap base address is the
#     maximum limit for the native heap growth. Please use -XX:HeapBaseMinAddress
#     to set the Java Heap base and to place the Java Heap above 4GB virtual address.
# This output file may be truncated or incomplete.
#
#  Out of Memory Error (allocation.cpp:44), pid=13528, tid=12008
#
# JRE version: OpenJDK Runtime Environment Temurin-17.0.11+9 (17.0.11+9) (build 17.0.11+9)
# Java VM: OpenJDK 64-Bit Server VM Temurin-17.0.11+9 (17.0.11+9, mixed mode, emulated-client, tiered, compressed oops, compressed class ptrs, g1 gc, windows-amd64)
# No core dump will be written. Minidumps are not enabled by default on client versions of Windows
#

---------------  S U M M A R Y ------------

Command Line: -Xmx1024m -Dsts.lsp.client=vscode -Dsts.log.file=/dev/null -XX:TieredStopAtLevel=1 -Xlog:jni+resolve=off -Dspring.config.location=file:c:\Users\holar\.vscode\extensions\vmware.vscode-spring-boot-1.55.1\language-server\BOOT-INF\classes\application.properties org.springframework.ide.vscode.boot.app.BootLanguageServerBootApp

Host: Intel(R) Core(TM) i3-6100U CPU @ 2.30GHz, 4 cores, 3G,  Windows 10 , 64 bit Build 19041 (10.0.19041.4597)
Time: Wed Jul 10 11:24:05 2024 W. Central Africa Standard Time elapsed time: 99418.910814 seconds (1d 3h 36m 58s)

---------------  T H R E A D  ---------------

Current thread (0x000002020b88f710):  VMThread "VM Thread" [stack: 0x0000004660100000,0x0000004660200000] [id=12008]

Stack: [0x0000004660100000,0x0000004660200000]
Native frames: (J=compiled Java code, j=interpreted, Vv=VM code, C=native code)
V  [jvm.dll+0x67d429]
V  [jvm.dll+0x834b7a]
V  [jvm.dll+0x83663e]
V  [jvm.dll+0x836ca3]
V  [jvm.dll+0x247dbf]
V  [jvm.dll+0xa6cb3]
V  [jvm.dll+0x2f8b61]
V  [jvm.dll+0x2f4750]
V  [jvm.dll+0x2dcf67]
V  [jvm.dll+0x31fb67]
V  [jvm.dll+0x83b19b]
V  [jvm.dll+0x83bed2]
V  [jvm.dll+0x83c3ed]
V  [jvm.dll+0x83c7c4]
V  [jvm.dll+0x83c890]
V  [jvm.dll+0x7e410a]
V  [jvm.dll+0x67c315]
C  [ucrtbase.dll+0x21bb2]
C  [KERNEL32.DLL+0x17374]
C  [ntdll.dll+0x4cc91]

VM_Operation (0x00000046611fe9d0): G1CollectFull, mode: safepoint, requested by thread 0x0000020210a21f60


---------------  P R O C E S S  ---------------

Threads class SMR info:
_java_thread_list=0x000002021a52f900, length=31, elements={
0x000002020b8a3730, 0x000002020b8a7660, 0x000002020b8d4a40, 0x000002020b8d5510,
0x000002020b8d6ff0, 0x000002020b8d99d0, 0x000002020b8da2a0, 0x000002020b90d010,
0x000002020bbf70e0, 0x000002020bc1d890, 0x0000020210f5f040, 0x0000020210a21f60,
0x0000020210f5f520, 0x000002027f1fe430, 0x00000202105592e0, 0x000002021110e910,
0x0000020211207dd0, 0x0000020211206990, 0x0000020211205550, 0x00000202112078c0,
0x0000020211206ea0, 0x00000202114c7510, 0x00000202114c3d60, 0x000002021a3fed60,
0x000002021a3fe340, 0x000002021a4006b0, 0x000002021a3fd920, 0x000002021a3ff780,
0x000002021a3fbac0, 0x000002021a3f9c60, 0x000002021a3fa170
}

Java Threads: ( => current thread )
  0x000002020b8a3730 JavaThread "Reference Handler" daemon [_thread_blocked, id=13572, stack(0x0000004660200000,0x0000004660300000)]
  0x000002020b8a7660 JavaThread "Finalizer" daemon [_thread_blocked, id=4112, stack(0x0000004660300000,0x0000004660400000)]
  0x000002020b8d4a40 JavaThread "Signal Dispatcher" daemon [_thread_blocked, id=15824, stack(0x0000004660400000,0x0000004660500000)]
  0x000002020b8d5510 JavaThread "Attach Listener" daemon [_thread_blocked, id=7228, stack(0x0000004660500000,0x0000004660600000)]
  0x000002020b8d6ff0 JavaThread "Service Thread" daemon [_thread_blocked, id=12512, stack(0x0000004660600000,0x0000004660700000)]
  0x000002020b8d99d0 JavaThread "Monitor Deflation Thread" daemon [_thread_blocked, id=14204, stack(0x0000004660700000,0x0000004660800000)]
  0x000002020b8da2a0 JavaThread "C1 CompilerThread0" daemon [_thread_blocked, id=10976, stack(0x0000004660800000,0x0000004660900000)]
  0x000002020b90d010 JavaThread "Sweeper thread" daemon [_thread_blocked, id=6804, stack(0x0000004660900000,0x0000004660a00000)]
  0x000002020bbf70e0 JavaThread "Notification Thread" daemon [_thread_blocked, id=4580, stack(0x0000004660b00000,0x0000004660c00000)]
  0x000002020bc1d890 JavaThread "Common-Cleaner" daemon [_thread_blocked, id=9604, stack(0x0000004660d00000,0x0000004660e00000)]
  0x0000020210f5f040 JavaThread "boundedElastic-evictor-1" daemon [_thread_blocked, id=1844, stack(0x0000004661200000,0x0000004661300000)]
  0x0000020210a21f60 JavaThread "pool-13-thread-1" [_thread_blocked, id=1244, stack(0x0000004661100000,0x0000004661200000)]
  0x0000020210f5f520 JavaThread "LanguageServerApp-lifecycle" [_thread_blocked, id=15984, stack(0x0000004661300000,0x0000004661400000)]
  0x000002027f1fe430 JavaThread "DestroyJavaVM" [_thread_blocked, id=2808, stack(0x000000465fb00000,0x000000465fc00000)]
  0x00000202105592e0 JavaThread "pool-14-thread-1" [_thread_blocked, id=13624, stack(0x0000004661400000,0x0000004661500000)]
  0x000002021110e910 JavaThread "Simple-Language-Server main thread" daemon [_thread_blocked, id=8304, stack(0x0000004661500000,0x0000004661600000)]
  0x0000020211207dd0 JavaThread "pool-8-thread-1" [_thread_blocked, id=5624, stack(0x0000004661800000,0x0000004661900000)]
  0x0000020211206990 JavaThread "parallel-1" daemon [_thread_blocked, id=10800, stack(0x0000004661900000,0x0000004661a00000)]
  0x0000020211205550 JavaThread "pool-6-thread-1" [_thread_blocked, id=1036, stack(0x0000004661a00000,0x0000004661b00000)]
  0x00000202112078c0 JavaThread "parallel-2" daemon [_thread_blocked, id=11420, stack(0x0000004661b00000,0x0000004661c00000)]
  0x0000020211206ea0 JavaThread "parallel-3" daemon [_thread_blocked, id=13844, stack(0x0000004661c00000,0x0000004661d00000)]
  0x00000202114c7510 JavaThread "Reconciler-1" daemon [_thread_blocked, id=15424, stack(0x0000004662200000,0x0000004662300000)]
  0x00000202114c3d60 JavaThread "parallel-4" daemon [_thread_blocked, id=9752, stack(0x000000465f900000,0x000000465fa00000)]
  0x000002021a3fed60 JavaThread "CompletableFutureDelayScheduler" daemon [_thread_blocked, id=15184, stack(0x0000004663b00000,0x0000004663c00000)]
  0x000002021a3fe340 JavaThread "pool-5-thread-128" [_thread_blocked, id=17048, stack(0x000000465fa00000,0x000000465fb00000)]
  0x000002021a4006b0 JavaThread "pool-5-thread-129" [_thread_blocked, id=2828, stack(0x0000004661d00000,0x0000004661e00000)]
  0x000002021a3fd920 JavaThread "pool-5-thread-130" [_thread_blocked, id=5676, stack(0x0000004661e00000,0x0000004661f00000)]
  0x000002021a3ff780 JavaThread "ForkJoinPool.commonPool-worker-40" daemon [_thread_blocked, id=11368, stack(0x0000004661f00000,0x0000004662000000)]
  0x000002021a3fbac0 JavaThread "pool-5-thread-131" [_thread_blocked, id=2268, stack(0x0000004662400000,0x0000004662500000)]
  0x000002021a3f9c60 JavaThread "pool-5-thread-132" [_thread_blocked, id=1800, stack(0x0000004662100000,0x0000004662200000)]
  0x000002021a3fa170 JavaThread "pool-5-thread-133" [_thread_blocked, id=6888, stack(0x0000004662500000,0x0000004662600000)]

Other Threads:
=>0x000002020b88f710 VMThread "VM Thread" [stack: 0x0000004660100000,0x0000004660200000] [id=12008]
  0x000002020bc195e0 WatcherThread [stack: 0x0000004660c00000,0x0000004660d00000] [id=12928]
  0x000002027fed5ae0 GCTaskThread "GC Thread#0" [stack: 0x000000465fc00000,0x000000465fd00000] [id=4584]
  0x000002021013f4a0 GCTaskThread "GC Thread#1" [stack: 0x0000004660a00000,0x0000004660b00000] [id=14404]
  0x000002020bab8aa0 GCTaskThread "GC Thread#2" [stack: 0x0000004660e00000,0x0000004660f00000] [id=15872]
  0x000002020bb4fb10 GCTaskThread "GC Thread#3" [stack: 0x0000004660f00000,0x0000004661000000] [id=8784]
  0x000002027fedea30 ConcurrentGCThread "G1 Main Marker" [stack: 0x000000465fd00000,0x000000465fe00000] [id=3272]
  0x000002027fedf450 ConcurrentGCThread "G1 Conc#0" [stack: 0x000000465fe00000,0x000000465ff00000] [id=10332]
  0x000002027ff2b0a0 ConcurrentGCThread "G1 Refine#0" [stack: 0x000000465ff00000,0x0000004660000000] [id=7632]
  0x000002027ff2bad0 ConcurrentGCThread "G1 Service" [stack: 0x0000004660000000,0x0000004660100000] [id=4116]

Threads with active compile tasks:

VM state: at safepoint (normal execution)

VM Mutex/Monitor currently owned by a thread:  ([mutex/lock_event])
[0x000002027f13d1a0] Threads_lock - owner thread: 0x000002020b88f710
[0x000002027f1fc8f0] Heap_lock - owner thread: 0x0000020210a21f60

Heap address: 0x00000000c0000000, size: 1024 MB, Compressed Oops mode: 32-bit

CDS archive(s) not mapped
Compressed class space mapped at: 0x0000000100000000-0x0000000140000000, reserved size: 1073741824
Narrow klass base: 0x0000000000000000, Narrow klass shift: 3, Narrow klass range: 0x140000000

GC Precious Log:
 CPUs: 4 total, 4 available
 Memory: 3984M
 Large Page Support: Disabled
 NUMA Support: Disabled
 Compressed Oops: Enabled (32-bit)
 Heap Region Size: 1M
 Heap Min Capacity: 8M
 Heap Initial Capacity: 64M
 Heap Max Capacity: 1G
 Pre-touch: Disabled
 Parallel Workers: 4
 Concurrent Workers: 1
 Concurrent Refinement Workers: 4
 Periodic GC: Disabled

Heap:
 garbage-first heap   total 116736K, used 40288K [0x00000000c0000000, 0x0000000100000000)
  region size 1024K, 1 young (1024K), 0 survivors (0K)
 Metaspace       used 63190K, committed 63680K, reserved 1114112K
  class space    used 8085K, committed 8320K, reserved 1048576K

Heap Regions: E=young(eden), S=young(survivor), O=old, HS=humongous(starts), HC=humongous(continues), CS=collection set, F=free, OA=open archive, CA=closed archive, TAMS=top-at-mark-start (previous, next)
|   0|0x00000000c0000000, 0x00000000c0100000, 0x00000000c0100000|100%|HS|  |TAMS 0x00000000c0100000, 0x00000000c0000000| Untracked 
|   1|0x00000000c0100000, 0x00000000c0200000, 0x00000000c0200000|100%|HC|  |TAMS 0x00000000c0200000, 0x00000000c0100000| Untracked 
|   2|0x00000000c0200000, 0x00000000c0300000, 0x00000000c0300000|100%|HC|  |TAMS 0x00000000c0300000, 0x00000000c0200000| Untracked 
|   3|0x00000000c0300000, 0x00000000c0400000, 0x00000000c0400000|100%|HC|  |TAMS 0x00000000c0400000, 0x00000000c0300000| Untracked 
|   4|0x00000000c0400000, 0x00000000c04ffff8, 0x00000000c0500000| 99%| O|  |TAMS 0x00000000c04ffff8, 0x00000000c0400000| Untracked 
|   5|0x00000000c0500000, 0x00000000c0600000, 0x00000000c0600000|100%| O|  |TAMS 0x00000000c0600000, 0x00000000c0500000| Untracked 
|   6|0x00000000c0600000, 0x00000000c06ffff8, 0x00000000c0700000| 99%| O|  |TAMS 0x00000000c06ffff8, 0x00000000c0600000| Untracked 
|   7|0x00000000c0700000, 0x00000000c0800000, 0x00000000c0800000|100%| O|  |TAMS 0x00000000c0800000, 0x00000000c0700000| Untracked 
|   8|0x00000000c0800000, 0x00000000c0900000, 0x00000000c0900000|100%| O|  |TAMS 0x00000000c0900000, 0x00000000c0800000| Untracked 
|   9|0x00000000c0900000, 0x00000000c0a00000, 0x00000000c0a00000|100%| O|  |TAMS 0x00000000c0a00000, 0x00000000c0900000| Untracked 
|  10|0x00000000c0a00000, 0x00000000c0b00000, 0x00000000c0b00000|100%|HS|  |TAMS 0x00000000c0b00000, 0x00000000c0a00000| Untracked 
|  11|0x00000000c0b00000, 0x00000000c0c00000, 0x00000000c0c00000|100%|HC|  |TAMS 0x00000000c0c00000, 0x00000000c0b00000| Untracked 
|  12|0x00000000c0c00000, 0x00000000c0d00000, 0x00000000c0d00000|100%| O|  |TAMS 0x00000000c0d00000, 0x00000000c0c00000| Untracked 
|  13|0x00000000c0d00000, 0x00000000c0dffff8, 0x00000000c0e00000| 99%| O|  |TAMS 0x00000000c0dffff8, 0x00000000c0d00000| Untracked 
|  14|0x00000000c0e00000, 0x00000000c0effff8, 0x00000000c0f00000| 99%| O|  |TAMS 0x00000000c0effff8, 0x00000000c0e00000| Untracked 
|  15|0x00000000c0f00000, 0x00000000c0ffe178, 0x00000000c1000000| 99%| O|  |TAMS 0x00000000c0ffe178, 0x00000000c0f00000| Untracked 
|  16|0x00000000c1000000, 0x00000000c10ffff0, 0x00000000c1100000| 99%| O|  |TAMS 0x00000000c10ffff0, 0x00000000c1000000| Untracked 
|  17|0x00000000c1100000, 0x00000000c11ffff8, 0x00000000c1200000| 99%| O|  |TAMS 0x00000000c11ffff8, 0x00000000c1100000| Untracked 
|  18|0x00000000c1200000, 0x00000000c1300000, 0x00000000c1300000|100%| O|  |TAMS 0x00000000c1300000, 0x00000000c1200000| Untracked 
|  19|0x00000000c1300000, 0x00000000c1400000, 0x00000000c1400000|100%| O|  |TAMS 0x00000000c1400000, 0x00000000c1300000| Untracked 
|  20|0x00000000c1400000, 0x00000000c14fffd0, 0x00000000c1500000| 99%| O|  |TAMS 0x00000000c14fffd0, 0x00000000c1400000| Untracked 
|  21|0x00000000c1500000, 0x00000000c15fffe8, 0x00000000c1600000| 99%| O|  |TAMS 0x00000000c15fffe8, 0x00000000c1500000| Untracked 
|  22|0x00000000c1600000, 0x00000000c16ffef0, 0x00000000c1700000| 99%| O|  |TAMS 0x00000000c16ffef0, 0x00000000c1600000| Untracked 
|  23|0x00000000c1700000, 0x00000000c17ffff8, 0x00000000c1800000| 99%| O|  |TAMS 0x00000000c17ffff8, 0x00000000c1700000| Untracked 
|  24|0x00000000c1800000, 0x00000000c18ffff8, 0x00000000c1900000| 99%| O|  |TAMS 0x00000000c18ffff8, 0x00000000c1800000| Untracked 
|  25|0x00000000c1900000, 0x00000000c19ffff0, 0x00000000c1a00000| 99%| O|  |TAMS 0x00000000c19ffff0, 0x00000000c1900000| Untracked 
|  26|0x00000000c1a00000, 0x00000000c1b00000, 0x00000000c1b00000|100%| O|  |TAMS 0x00000000c1b00000, 0x00000000c1a00000| Untracked 
|  27|0x00000000c1b00000, 0x00000000c1bffff0, 0x00000000c1c00000| 99%| O|  |TAMS 0x00000000c1bffff0, 0x00000000c1b00000| Untracked 
|  28|0x00000000c1c00000, 0x00000000c1cffff0, 0x00000000c1d00000| 99%| O|  |TAMS 0x00000000c1cffff0, 0x00000000c1c00000| Untracked 
|  29|0x00000000c1d00000, 0x00000000c1dffff8, 0x00000000c1e00000| 99%| O|  |TAMS 0x00000000c1dffff8, 0x00000000c1d00000| Untracked 
|  30|0x00000000c1e00000, 0x00000000c1effff8, 0x00000000c1f00000| 99%| O|  |TAMS 0x00000000c1effff8, 0x00000000c1e00000| Untracked 
|  31|0x00000000c1f00000, 0x00000000c1fffff0, 0x00000000c2000000| 99%| O|  |TAMS 0x00000000c1fffff0, 0x00000000c1f00000| Untracked 
|  32|0x00000000c2000000, 0x00000000c20f5778, 0x00000000c2100000| 95%| O|  |TAMS 0x00000000c20f5778, 0x00000000c2000000| Untracked 
|  33|0x00000000c2100000, 0x00000000c21ffff8, 0x00000000c2200000| 99%| O|  |TAMS 0x00000000c21ffff8, 0x00000000c2100000| Untracked 
|  34|0x00000000c2200000, 0x00000000c2300000, 0x00000000c2300000|100%|HS|  |TAMS 0x00000000c2300000, 0x00000000c2200000| Untracked 
|  35|0x00000000c2300000, 0x00000000c23fffd8, 0x00000000c2400000| 99%| O|  |TAMS 0x00000000c23fffd8, 0x00000000c2300000| Untracked 
|  36|0x00000000c2400000, 0x00000000c24649e8, 0x00000000c2500000| 39%| O|  |TAMS 0x00000000c2400000, 0x00000000c2400000| Untracked 
|  37|0x00000000c2500000, 0x00000000c2500000, 0x00000000c2600000|  0%| F|  |TAMS 0x00000000c2500000, 0x00000000c2500000| Untracked 
|  38|0x00000000c2600000, 0x00000000c2600000, 0x00000000c2700000|  0%| F|  |TAMS 0x00000000c2600000, 0x00000000c2600000| Untracked 
|  39|0x00000000c2700000, 0x00000000c2700000, 0x00000000c2800000|  0%| F|  |TAMS 0x00000000c2700000, 0x00000000c2700000| Untracked 
|  40|0x00000000c2800000, 0x00000000c2800000, 0x00000000c2900000|  0%| F|  |TAMS 0x00000000c2800000, 0x00000000c2800000| Untracked 
|  41|0x00000000c2900000, 0x00000000c2900000, 0x00000000c2a00000|  0%| F|  |TAMS 0x00000000c2900000, 0x00000000c2900000| Untracked 
|  42|0x00000000c2a00000, 0x00000000c2a00000, 0x00000000c2b00000|  0%| F|  |TAMS 0x00000000c2a00000, 0x00000000c2a00000| Untracked 
|  43|0x00000000c2b00000, 0x00000000c2b00000, 0x00000000c2c00000|  0%| F|  |TAMS 0x00000000c2b00000, 0x00000000c2b00000| Untracked 
|  44|0x00000000c2c00000, 0x00000000c2c00000, 0x00000000c2d00000|  0%| F|  |TAMS 0x00000000c2c00000, 0x00000000c2c00000| Untracked 
|  45|0x00000000c2d00000, 0x00000000c2d00000, 0x00000000c2e00000|  0%| F|  |TAMS 0x00000000c2d00000, 0x00000000c2d00000| Untracked 
|  46|0x00000000c2e00000, 0x00000000c2e00000, 0x00000000c2f00000|  0%| F|  |TAMS 0x00000000c2e00000, 0x00000000c2e00000| Untracked 
|  47|0x00000000c2f00000, 0x00000000c2f00000, 0x00000000c3000000|  0%| F|  |TAMS 0x00000000c2f00000, 0x00000000c2f00000| Untracked 
|  48|0x00000000c3000000, 0x00000000c3000000, 0x00000000c3100000|  0%| F|  |TAMS 0x00000000c3000000, 0x00000000c3000000| Untracked 
|  49|0x00000000c3100000, 0x00000000c3100000, 0x00000000c3200000|  0%| F|  |TAMS 0x00000000c3100000, 0x00000000c3100000| Untracked 
|  50|0x00000000c3200000, 0x00000000c3200000, 0x00000000c3300000|  0%| F|  |TAMS 0x00000000c3200000, 0x00000000c3200000| Untracked 
|  51|0x00000000c3300000, 0x00000000c3300000, 0x00000000c3400000|  0%| F|  |TAMS 0x00000000c3300000, 0x00000000c3300000| Untracked 
|  52|0x00000000c3400000, 0x00000000c3400000, 0x00000000c3500000|  0%| F|  |TAMS 0x00000000c3400000, 0x00000000c3400000| Untracked 
|  53|0x00000000c3500000, 0x00000000c3500000, 0x00000000c3600000|  0%| F|  |TAMS 0x00000000c3500000, 0x00000000c3500000| Untracked 
|  54|0x00000000c3600000, 0x00000000c3600000, 0x00000000c3700000|  0%| F|  |TAMS 0x00000000c3600000, 0x00000000c3600000| Untracked 
|  55|0x00000000c3700000, 0x00000000c3700000, 0x00000000c3800000|  0%| F|  |TAMS 0x00000000c3700000, 0x00000000c3700000| Untracked 
|  56|0x00000000c3800000, 0x00000000c3800000, 0x00000000c3900000|  0%| F|  |TAMS 0x00000000c3800000, 0x00000000c3800000| Untracked 
|  57|0x00000000c3900000, 0x00000000c3900000, 0x00000000c3a00000|  0%| F|  |TAMS 0x00000000c3900000, 0x00000000c3900000| Untracked 
|  58|0x00000000c3a00000, 0x00000000c3a00000, 0x00000000c3b00000|  0%| F|  |TAMS 0x00000000c3a00000, 0x00000000c3a00000| Untracked 
|  59|0x00000000c3b00000, 0x00000000c3b00000, 0x00000000c3c00000|  0%| F|  |TAMS 0x00000000c3b00000, 0x00000000c3b00000| Untracked 
|  60|0x00000000c3c00000, 0x00000000c3c00000, 0x00000000c3d00000|  0%| F|  |TAMS 0x00000000c3c00000, 0x00000000c3c00000| Untracked 
|  61|0x00000000c3d00000, 0x00000000c3d00000, 0x00000000c3e00000|  0%| F|  |TAMS 0x00000000c3d00000, 0x00000000c3d00000| Untracked 
|  62|0x00000000c3e00000, 0x00000000c3e00000, 0x00000000c3f00000|  0%| F|  |TAMS 0x00000000c3e00000, 0x00000000c3e00000| Untracked 
|  63|0x00000000c3f00000, 0x00000000c3f00000, 0x00000000c4000000|  0%| F|  |TAMS 0x00000000c3f00000, 0x00000000c3f00000| Untracked 
|  64|0x00000000c4000000, 0x00000000c4000000, 0x00000000c4100000|  0%| F|  |TAMS 0x00000000c4000000, 0x00000000c4000000| Untracked 
|  65|0x00000000c4100000, 0x00000000c4100000, 0x00000000c4200000|  0%| F|  |TAMS 0x00000000c4100000, 0x00000000c4100000| Untracked 
|  66|0x00000000c4200000, 0x00000000c4200000, 0x00000000c4300000|  0%| F|  |TAMS 0x00000000c4200000, 0x00000000c4200000| Untracked 
|  67|0x00000000c4300000, 0x00000000c4300000, 0x00000000c4400000|  0%| F|  |TAMS 0x00000000c4300000, 0x00000000c4300000| Untracked 
|  68|0x00000000c4400000, 0x00000000c4400000, 0x00000000c4500000|  0%| F|  |TAMS 0x00000000c4400000, 0x00000000c4400000| Untracked 
|  69|0x00000000c4500000, 0x00000000c4500000, 0x00000000c4600000|  0%| F|  |TAMS 0x00000000c4500000, 0x00000000c4500000| Untracked 
|  70|0x00000000c4600000, 0x00000000c4600000, 0x00000000c4700000|  0%| F|  |TAMS 0x00000000c4600000, 0x00000000c4600000| Untracked 
|  71|0x00000000c4700000, 0x00000000c4700000, 0x00000000c4800000|  0%| F|  |TAMS 0x00000000c4700000, 0x00000000c4700000| Untracked 
|  72|0x00000000c4800000, 0x00000000c4800000, 0x00000000c4900000|  0%| F|  |TAMS 0x00000000c4800000, 0x00000000c4800000| Untracked 
|  73|0x00000000c4900000, 0x00000000c4900000, 0x00000000c4a00000|  0%| F|  |TAMS 0x00000000c4900000, 0x00000000c4900000| Untracked 
|  74|0x00000000c4a00000, 0x00000000c4a00000, 0x00000000c4b00000|  0%| F|  |TAMS 0x00000000c4a00000, 0x00000000c4a00000| Untracked 
|  75|0x00000000c4b00000, 0x00000000c4b00000, 0x00000000c4c00000|  0%| F|  |TAMS 0x00000000c4b00000, 0x00000000c4b00000| Untracked 
|  76|0x00000000c4c00000, 0x00000000c4c00000, 0x00000000c4d00000|  0%| F|  |TAMS 0x00000000c4c00000, 0x00000000c4c00000| Untracked 
|  77|0x00000000c4d00000, 0x00000000c4d00000, 0x00000000c4e00000|  0%| F|  |TAMS 0x00000000c4d00000, 0x00000000c4d00000| Untracked 
|  78|0x00000000c4e00000, 0x00000000c4e00000, 0x00000000c4f00000|  0%| F|  |TAMS 0x00000000c4e00000, 0x00000000c4e00000| Untracked 
|  79|0x00000000c4f00000, 0x00000000c4f00000, 0x00000000c5000000|  0%| F|  |TAMS 0x00000000c4f00000, 0x00000000c4f00000| Untracked 
|  80|0x00000000c5000000, 0x00000000c5000000, 0x00000000c5100000|  0%| F|  |TAMS 0x00000000c5000000, 0x00000000c5000000| Untracked 
|  81|0x00000000c5100000, 0x00000000c5100000, 0x00000000c5200000|  0%| F|  |TAMS 0x00000000c5100000, 0x00000000c5100000| Untracked 
|  82|0x00000000c5200000, 0x00000000c5200000, 0x00000000c5300000|  0%| F|  |TAMS 0x00000000c5200000, 0x00000000c5200000| Untracked 
|  83|0x00000000c5300000, 0x00000000c5300000, 0x00000000c5400000|  0%| F|  |TAMS 0x00000000c5300000, 0x00000000c5300000| Untracked 
|  84|0x00000000c5400000, 0x00000000c5400000, 0x00000000c5500000|  0%| F|  |TAMS 0x00000000c5400000, 0x00000000c5400000| Untracked 
|  85|0x00000000c5500000, 0x00000000c5500000, 0x00000000c5600000|  0%| F|  |TAMS 0x00000000c5500000, 0x00000000c5500000| Untracked 
|  86|0x00000000c5600000, 0x00000000c5600000, 0x00000000c5700000|  0%| F|  |TAMS 0x00000000c5600000, 0x00000000c5600000| Untracked 
|  87|0x00000000c5700000, 0x00000000c5700000, 0x00000000c5800000|  0%| F|  |TAMS 0x00000000c5700000, 0x00000000c5700000| Untracked 
|  88|0x00000000c5800000, 0x00000000c5800000, 0x00000000c5900000|  0%| F|  |TAMS 0x00000000c5800000, 0x00000000c5800000| Untracked 
|  89|0x00000000c5900000, 0x00000000c5900000, 0x00000000c5a00000|  0%| F|  |TAMS 0x00000000c5900000, 0x00000000c5900000| Untracked 
|  90|0x00000000c5a00000, 0x00000000c5a00000, 0x00000000c5b00000|  0%| F|  |TAMS 0x00000000c5a00000, 0x00000000c5a00000| Untracked 
|  91|0x00000000c5b00000, 0x00000000c5b00000, 0x00000000c5c00000|  0%| F|  |TAMS 0x00000000c5b00000, 0x00000000c5b00000| Untracked 
|  92|0x00000000c5c00000, 0x00000000c5c00000, 0x00000000c5d00000|  0%| F|  |TAMS 0x00000000c5c00000, 0x00000000c5c00000| Untracked 
|  93|0x00000000c5d00000, 0x00000000c5d00000, 0x00000000c5e00000|  0%| F|  |TAMS 0x00000000c5d00000, 0x00000000c5d00000| Untracked 
|  94|0x00000000c5e00000, 0x00000000c5e00000, 0x00000000c5f00000|  0%| F|  |TAMS 0x00000000c5e00000, 0x00000000c5e00000| Untracked 
|  95|0x00000000c5f00000, 0x00000000c5f00000, 0x00000000c6000000|  0%| F|  |TAMS 0x00000000c5f00000, 0x00000000c5f00000| Untracked 
|  96|0x00000000c6000000, 0x00000000c6000000, 0x00000000c6100000|  0%| F|  |TAMS 0x00000000c6000000, 0x00000000c6000000| Untracked 
|  97|0x00000000c6100000, 0x00000000c6100000, 0x00000000c6200000|  0%| F|  |TAMS 0x00000000c6100000, 0x00000000c6100000| Untracked 
|  98|0x00000000c6200000, 0x00000000c6200000, 0x00000000c6300000|  0%| F|  |TAMS 0x00000000c6200000, 0x00000000c6200000| Untracked 
|  99|0x00000000c6300000, 0x00000000c6300000, 0x00000000c6400000|  0%| F|  |TAMS 0x00000000c6300000, 0x00000000c6300000| Untracked 
| 100|0x00000000c6400000, 0x00000000c6400000, 0x00000000c6500000|  0%| F|  |TAMS 0x00000000c6400000, 0x00000000c6400000| Untracked 
| 101|0x00000000c6500000, 0x00000000c6500068, 0x00000000c6600000|  0%| O|  |TAMS 0x00000000c6500000, 0x00000000c6500000| Untracked 
| 102|0x00000000c6600000, 0x00000000c6600000, 0x00000000c6700000|  0%| F|  |TAMS 0x00000000c6600000, 0x00000000c6600000| Untracked 
| 103|0x00000000c6700000, 0x00000000c6700000, 0x00000000c6800000|  0%| F|  |TAMS 0x00000000c6700000, 0x00000000c6700000| Untracked 
| 104|0x00000000c6800000, 0x00000000c6800000, 0x00000000c6900000|  0%| F|  |TAMS 0x00000000c6800000, 0x00000000c6800000| Untracked 
| 105|0x00000000c6900000, 0x00000000c6900000, 0x00000000c6a00000|  0%| F|  |TAMS 0x00000000c6900000, 0x00000000c6900000| Untracked 
| 106|0x00000000c6a00000, 0x00000000c6a00000, 0x00000000c6b00000|  0%| F|  |TAMS 0x00000000c6a00000, 0x00000000c6a00000| Untracked 
| 107|0x00000000c6b00000, 0x00000000c6b00000, 0x00000000c6c00000|  0%| F|  |TAMS 0x00000000c6b00000, 0x00000000c6b00000| Untracked 
| 108|0x00000000c6c00000, 0x00000000c6c00000, 0x00000000c6d00000|  0%| F|  |TAMS 0x00000000c6c00000, 0x00000000c6c00000| Untracked 
| 109|0x00000000c6d00000, 0x00000000c6d00000, 0x00000000c6e00000|  0%| F|  |TAMS 0x00000000c6d00000, 0x00000000c6d00000| Untracked 
| 110|0x00000000c6e00000, 0x00000000c6f00000, 0x00000000c6f00000|100%| O|  |TAMS 0x00000000c6f00000, 0x00000000c6e00000| Untracked 
| 111|0x00000000c6f00000, 0x00000000c7000000, 0x00000000c7000000|100%| O|  |TAMS 0x00000000c7000000, 0x00000000c6f00000| Untracked 
| 112|0x00000000c7000000, 0x00000000c70058a8, 0x00000000c7100000|  2%| E|  |TAMS 0x00000000c7000000, 0x00000000c7000000| Complete 
| 113|0x00000000c7100000, 0x00000000c7200000, 0x00000000c7200000|100%| O|  |TAMS 0x00000000c7200000, 0x00000000c7100000| Untracked 

Card table byte_map: [0x0000020206ff0000,0x00000202071f0000] _byte_map_base: 0x00000202069f0000

Marking Bits (Prev, Next): (CMBitMap*) 0x000002027fed6140, (CMBitMap*) 0x000002027fed6100
 Prev Bits: [0x00000202083f0000, 0x00000202093f0000)
 Next Bits: [0x00000202073f0000, 0x00000202083f0000)

Polling page: 0x000002027f240000

Metaspace:

Usage:
  Non-class:     53.81 MB used.
      Class:      7.90 MB used.
       Both:     61.71 MB used.

Virtual space:
  Non-class space:       64.00 MB reserved,      54.06 MB ( 84%) committed,  1 nodes.
      Class space:        1.00 GB reserved,       8.12 MB ( <1%) committed,  1 nodes.
             Both:        1.06 GB reserved,      62.19 MB (  6%) committed. 

Chunk freelists:
   Non-Class:  9.55 MB
       Class:  7.91 MB
        Both:  17.46 MB

MaxMetaspaceSize: unlimited
CompressedClassSpaceSize: 1.00 GB
Initial GC threshold: 21.00 MB
Current GC threshold: 103.69 MB
CDS: off
MetaspaceReclaimPolicy: balanced
 - commit_granule_bytes: 65536.
 - commit_granule_words: 8192.
 - virtual_space_node_default_size: 8388608.
 - enlarge_chunks_in_place: 1.
 - new_chunks_are_fully_committed: 0.
 - uncommit_free_chunks: 1.
 - use_allocation_guard: 0.
 - handle_deallocations: 1.


Internal statistics:

num_allocs_failed_limit: 6.
num_arena_births: 988.
num_arena_deaths: 448.
num_vsnodes_births: 2.
num_vsnodes_deaths: 0.
num_space_committed: 995.
num_space_uncommitted: 0.
num_chunks_returned_to_freelist: 542.
num_chunks_taken_from_freelist: 3210.
num_chunk_merges: 185.
num_chunk_splits: 2065.
num_chunks_enlarged: 1523.
num_inconsistent_stats: 0.

CodeCache: size=49152Kb used=21921Kb max_used=23048Kb free=27230Kb
 bounds [0x0000020203ff0000, 0x0000020205680000, 0x0000020206ff0000]
 total_blobs=11939 nmethods=11255 adapters=609
 compilation: enabled
              stopped_count=0, restarted_count=0
 full_count=0

Compilation events (20 events):
Event: 42238.843 Thread 0x000002020b8da2a0 11615       1       org.springframework.ide.vscode.commons.languageserver.composable.CompositeLanguageServerComponents$7::findHandler (66 bytes)
Event: 42238.844 Thread 0x0000020211229450 11616       1       org.springframework.ide.vscode.commons.languageserver.composable.CompositeLanguageServerComponents$7$$Lambda$832/0x000000010055e750::test (8 bytes)
Event: 42238.846 Thread 0x0000020211229450 nmethod 11616 0x00000202054e8590 code [0x00000202054e8740, 0x00000202054e88a8]
Event: 42238.847 Thread 0x0000020211229450 11617       1       org.springframework.ide.vscode.commons.languageserver.composable.CompositeLanguageServerComponents$7::lambda$findHandler$4 (10 bytes)
Event: 42238.848 Thread 0x0000020211229450 nmethod 11617 0x00000202054e8290 code [0x00000202054e8420, 0x00000202054e8508]
Event: 42238.848 Thread 0x0000020211229450 11618       1       org.springframework.ide.vscode.commons.languageserver.composable.CompositeLanguageServerComponents$7$$Lambda$833/0x000000010055e998::apply (8 bytes)
Event: 42238.851 Thread 0x0000020211229450 nmethod 11618 0x00000202054e7d90 code [0x00000202054e7f40, 0x00000202054e8178]
Event: 42238.851 Thread 0x0000020211229450 11619       1       org.springframework.ide.vscode.commons.languageserver.composable.CompositeLanguageServerComponents$7::lambda$findHandler$5 (13 bytes)
Event: 42238.852 Thread 0x0000020211229450 nmethod 11619 0x00000202054e7910 code [0x00000202054e7ac0, 0x00000202054e7c78]
Event: 42238.852 Thread 0x0000020211229450 11620       1       org.springframework.ide.vscode.commons.languageserver.composable.CompositeLanguageServerComponents$7$$Lambda$834/0x000000010055ebd0::<init> (15 bytes)
Event: 42238.853 Thread 0x0000020211229450 nmethod 11620 0x00000202054e7590 code [0x00000202054e7720, 0x00000202054e7878]
Event: 42238.853 Thread 0x0000020211229450 11621       1       org.springframework.ide.vscode.commons.languageserver.composable.CompositeLanguageServerComponents$7$$Lambda$834/0x000000010055ebd0::apply (16 bytes)
Event: 42238.853 Thread 0x0000020211229450 nmethod 11621 0x00000202054e7210 code [0x00000202054e73a0, 0x00000202054e74e8]
Event: 42238.853 Thread 0x0000020211229450 11622       1       org.springframework.ide.vscode.commons.languageserver.composable.CompositeLanguageServerComponents$7::lambda$semanticTokensFull$2 (9 bytes)
Event: 42238.853 Thread 0x0000020211229450 nmethod 11622 0x00000202054e6f10 code [0x00000202054e70a0, 0x00000202054e7168]
Event: 42238.853 Thread 0x0000020211229450 11623       1       org.springframework.ide.vscode.boot.java.JdtSemanticTokensHandler::semanticTokensFull (8 bytes)
Event: 42238.856 Thread 0x0000020211229450 nmethod 11623 0x00000202054e6c10 code [0x00000202054e6da0, 0x00000202054e6e88]
Event: 42238.870 Thread 0x000002020b8da2a0 nmethod 11615 0x00000202054e6210 code [0x00000202054e6420, 0x00000202054e6968]
Event: 42243.808 Thread 0x0000020211229970 11625       1       org.eclipse.lsp4j.jsonrpc.json.adapters.TypeUtils::getElementTypes (188 bytes)
Event: 42243.836 Thread 0x0000020211229970 nmethod 11625 0x00000202054e4b90 code [0x00000202054e4ec0, 0x00000202054e5ae8]

GC Heap History (20 events):
Event: 99299.846 GC heap before
{Heap before GC invocations=3404 (full 3305):
 garbage-first heap   total 116736K, used 40288K [0x00000000c0000000, 0x0000000100000000)
  region size 1024K, 1 young (1024K), 0 survivors (0K)
 Metaspace       used 63190K, committed 63680K, reserved 1114112K
  class space    used 8085K, committed 8320K, reserved 1048576K
}
Event: 99299.927 GC heap after
{Heap after GC invocations=3405 (full 3306):
 garbage-first heap   total 116736K, used 40288K [0x00000000c0000000, 0x0000000100000000)
  region size 1024K, 0 young (0K), 0 survivors (0K)
 Metaspace       used 63190K, committed 63680K, reserved 1114112K
  class space    used 8085K, committed 8320K, reserved 1048576K
}
Event: 99311.810 GC heap before
{Heap before GC invocations=3405 (full 3306):
 garbage-first heap   total 116736K, used 40288K [0x00000000c0000000, 0x0000000100000000)
  region size 1024K, 1 young (1024K), 0 survivors (0K)
 Metaspace       used 63190K, committed 63680K, reserved 1114112K
  class space    used 8085K, committed 8320K, reserved 1048576K
}
Event: 99311.916 GC heap after
{Heap after GC invocations=3406 (full 3307):
 garbage-first heap   total 116736K, used 40288K [0x00000000c0000000, 0x0000000100000000)
  region size 1024K, 0 young (0K), 0 survivors (0K)
 Metaspace       used 63190K, committed 63680K, reserved 1114112K
  class space    used 8085K, committed 8320K, reserved 1048576K
}
Event: 99324.049 GC heap before
{Heap before GC invocations=3406 (full 3307):
 garbage-first heap   total 116736K, used 40288K [0x00000000c0000000, 0x0000000100000000)
  region size 1024K, 1 young (1024K), 0 survivors (0K)
 Metaspace       used 63190K, committed 63680K, reserved 1114112K
  class space    used 8085K, committed 8320K, reserved 1048576K
}
Event: 99324.300 GC heap after
{Heap after GC invocations=3407 (full 3308):
 garbage-first heap   total 116736K, used 40288K [0x00000000c0000000, 0x0000000100000000)
  region size 1024K, 0 young (0K), 0 survivors (0K)
 Metaspace       used 63190K, committed 63680K, reserved 1114112K
  class space    used 8085K, committed 8320K, reserved 1048576K
}
Event: 99337.031 GC heap before
{Heap before GC invocations=3407 (full 3308):
 garbage-first heap   total 116736K, used 40288K [0x00000000c0000000, 0x0000000100000000)
  region size 1024K, 1 young (1024K), 0 survivors (0K)
 Metaspace       used 63190K, committed 63680K, reserved 1114112K
  class space    used 8085K, committed 8320K, reserved 1048576K
}
Event: 99337.134 GC heap after
{Heap after GC invocations=3408 (full 3309):
 garbage-first heap   total 116736K, used 40288K [0x00000000c0000000, 0x0000000100000000)
  region size 1024K, 0 young (0K), 0 survivors (0K)
 Metaspace       used 63190K, committed 63680K, reserved 1114112K
  class space    used 8085K, committed 8320K, reserved 1048576K
}
Event: 99349.530 GC heap before
{Heap before GC invocations=3408 (full 3309):
 garbage-first heap   total 116736K, used 40288K [0x00000000c0000000, 0x0000000100000000)
  region size 1024K, 1 young (1024K), 0 survivors (0K)
 Metaspace       used 63190K, committed 63680K, reserved 1114112K
  class space    used 8085K, committed 8320K, reserved 1048576K
}
Event: 99349.633 GC heap after
{Heap after GC invocations=3409 (full 3310):
 garbage-first heap   total 116736K, used 40288K [0x00000000c0000000, 0x0000000100000000)
  region size 1024K, 0 young (0K), 0 survivors (0K)
 Metaspace       used 63190K, committed 63680K, reserved 1114112K
  class space    used 8085K, committed 8320K, reserved 1048576K
}
Event: 99359.971 GC heap before
{Heap before GC invocations=3409 (full 3310):
 garbage-first heap   total 116736K, used 40288K [0x00000000c0000000, 0x0000000100000000)
  region size 1024K, 1 young (1024K), 0 survivors (0K)
 Metaspace       used 63190K, committed 63680K, reserved 1114112K
  class space    used 8085K, committed 8320K, reserved 1048576K
}
Event: 99360.065 GC heap after
{Heap after GC invocations=3410 (full 3311):
 garbage-first heap   total 116736K, used 40288K [0x00000000c0000000, 0x0000000100000000)
  region size 1024K, 0 young (0K), 0 survivors (0K)
 Metaspace       used 63190K, committed 63680K, reserved 1114112K
  class space    used 8085K, committed 8320K, reserved 1048576K
}
Event: 99371.329 GC heap before
{Heap before GC invocations=3410 (full 3311):
 garbage-first heap   total 116736K, used 40288K [0x00000000c0000000, 0x0000000100000000)
  region size 1024K, 1 young (1024K), 0 survivors (0K)
 Metaspace       used 63190K, committed 63680K, reserved 1114112K
  class space    used 8085K, committed 8320K, reserved 1048576K
}
Event: 99371.440 GC heap after
{Heap after GC invocations=3411 (full 3312):
 garbage-first heap   total 116736K, used 40288K [0x00000000c0000000, 0x0000000100000000)
  region size 1024K, 0 young (0K), 0 survivors (0K)
 Metaspace       used 63190K, committed 63680K, reserved 1114112K
  class space    used 8085K, committed 8320K, reserved 1048576K
}
Event: 99382.040 GC heap before
{Heap before GC invocations=3411 (full 3312):
 garbage-first heap   total 116736K, used 40288K [0x00000000c0000000, 0x0000000100000000)
  region size 1024K, 1 young (1024K), 0 survivors (0K)
 Metaspace       used 63190K, committed 63680K, reserved 1114112K
  class space    used 8085K, committed 8320K, reserved 1048576K
}
Event: 99382.151 GC heap after
{Heap after GC invocations=3412 (full 3313):
 garbage-first heap   total 116736K, used 40288K [0x00000000c0000000, 0x0000000100000000)
  region size 1024K, 0 young (0K), 0 survivors (0K)
 Metaspace       used 63190K, committed 63680K, reserved 1114112K
  class space    used 8085K, committed 8320K, reserved 1048576K
}
Event: 99393.720 GC heap before
{Heap before GC invocations=3412 (full 3313):
 garbage-first heap   total 116736K, used 40288K [0x00000000c0000000, 0x0000000100000000)
  region size 1024K, 1 young (1024K), 0 survivors (0K)
 Metaspace       used 63190K, committed 63680K, reserved 1114112K
  class space    used 8085K, committed 8320K, reserved 1048576K
}
Event: 99393.817 GC heap after
{Heap after GC invocations=3413 (full 3314):
 garbage-first heap   total 116736K, used 40288K [0x00000000c0000000, 0x0000000100000000)
  region size 1024K, 0 young (0K), 0 survivors (0K)
 Metaspace       used 63190K, committed 63680K, reserved 1114112K
  class space    used 8085K, committed 8320K, reserved 1048576K
}
Event: 99405.926 GC heap before
{Heap before GC invocations=3413 (full 3314):
 garbage-first heap   total 116736K, used 40288K [0x00000000c0000000, 0x0000000100000000)
  region size 1024K, 1 young (1024K), 0 survivors (0K)
 Metaspace       used 63190K, committed 63680K, reserved 1114112K
  class space    used 8085K, committed 8320K, reserved 1048576K
}
Event: 99406.044 GC heap after
{Heap after GC invocations=3414 (full 3315):
 garbage-first heap   total 116736K, used 40288K [0x00000000c0000000, 0x0000000100000000)
  region size 1024K, 0 young (0K), 0 survivors (0K)
 Metaspace       used 63190K, committed 63680K, reserved 1114112K
  class space    used 8085K, committed 8320K, reserved 1048576K
}

Dll operation events (10 events):
Event: 0.022 Loaded shared library c:\Users\holar\.vscode\extensions\redhat.java-1.32.0-win32-x64\jre\17.0.11-win32-x86_64\bin\java.dll
Event: 1.015 Loaded shared library C:\Users\holar\.vscode\extensions\redhat.java-1.32.0-win32-x64\jre\17.0.11-win32-x86_64\bin\net.dll
Event: 1.035 Loaded shared library C:\Users\holar\.vscode\extensions\redhat.java-1.32.0-win32-x64\jre\17.0.11-win32-x86_64\bin\nio.dll
Event: 2.218 Loaded shared library C:\Users\holar\.vscode\extensions\redhat.java-1.32.0-win32-x64\jre\17.0.11-win32-x86_64\bin\zip.dll
Event: 29.098 Loaded shared library C:\Users\holar\.vscode\extensions\redhat.java-1.32.0-win32-x64\jre\17.0.11-win32-x86_64\bin\jimage.dll
Event: 35.464 Loaded shared library c:\Users\holar\.vscode\extensions\redhat.java-1.32.0-win32-x64\jre\17.0.11-win32-x86_64\bin\verify.dll
Event: 52.940 Loaded shared library C:\Users\holar\.vscode\extensions\redhat.java-1.32.0-win32-x64\jre\17.0.11-win32-x86_64\bin\management.dll
Event: 52.948 Loaded shared library C:\Users\holar\.vscode\extensions\redhat.java-1.32.0-win32-x64\jre\17.0.11-win32-x86_64\bin\management_ext.dll
Event: 112.017 Loaded shared library C:\Users\holar\.vscode\extensions\redhat.java-1.32.0-win32-x64\jre\17.0.11-win32-x86_64\bin\sunmscapi.dll
Event: 115.361 Loaded shared library C:\Users\holar\.vscode\extensions\redhat.java-1.32.0-win32-x64\jre\17.0.11-win32-x86_64\bin\extnet.dll

Deoptimization events (20 events):
Event: 131.974 Thread 0x0000020211205550 DEOPT PACKING pc=0x0000020204a6a94c sp=0x0000004661afe240
Event: 131.974 Thread 0x0000020211205550 DEOPT UNPACKING pc=0x0000020204047143 sp=0x0000004661afd860 mode 0
Event: 131.980 Thread 0x0000020211205550 DEOPT PACKING pc=0x0000020204a6a94c sp=0x0000004661afe450
Event: 131.980 Thread 0x0000020211205550 DEOPT UNPACKING pc=0x0000020204047143 sp=0x0000004661afda80 mode 0
Event: 132.094 Thread 0x0000020211205550 DEOPT PACKING pc=0x00000202044f720c sp=0x0000004661afe370
Event: 132.094 Thread 0x0000020211205550 DEOPT UNPACKING pc=0x0000020204047143 sp=0x0000004661afd8f0 mode 0
Event: 132.094 Thread 0x0000020211205550 DEOPT PACKING pc=0x00000202044f720c sp=0x0000004661afe5d0
Event: 132.094 Thread 0x0000020211205550 DEOPT UNPACKING pc=0x0000020204047143 sp=0x0000004661afdb50 mode 0
Event: 132.107 Thread 0x0000020211205550 DEOPT PACKING pc=0x00000202044f720c sp=0x0000004661afea50
Event: 132.107 Thread 0x0000020211205550 DEOPT UNPACKING pc=0x0000020204047143 sp=0x0000004661afdfd0 mode 0
Event: 248.055 Thread 0x00000202105592e0 DEOPT PACKING pc=0x00000202045609d4 sp=0x00000046614ff130
Event: 248.055 Thread 0x00000202105592e0 DEOPT UNPACKING pc=0x0000020204047143 sp=0x00000046614fe5b8 mode 0
Event: 470.786 Thread 0x000002021a3ff270 DEOPT PACKING pc=0x0000020204d021b4 sp=0x00000046616fdf00
Event: 470.786 Thread 0x000002021a3ff270 DEOPT UNPACKING pc=0x0000020204047143 sp=0x00000046616fd450 mode 0
Event: 36011.161 Thread 0x000002021a3fc4e0 DEOPT PACKING pc=0x0000020204b531bc sp=0x00000046610fdcf0
Event: 36011.161 Thread 0x000002021a3fbac0 DEOPT PACKING pc=0x0000020204b531bc sp=0x00000046624fe430
Event: 36011.163 Thread 0x000002021a3fc4e0 DEOPT UNPACKING pc=0x0000020204047143 sp=0x00000046610fd1d8 mode 0
Event: 36011.194 Thread 0x000002021a3fbac0 DEOPT UNPACKING pc=0x0000020204047143 sp=0x00000046624fd918 mode 0
Event: 38515.052 Thread 0x000002021a3fe850 DEOPT PACKING pc=0x0000020204a0a304 sp=0x0000004661dfde40
Event: 38515.055 Thread 0x000002021a3fe850 DEOPT UNPACKING pc=0x0000020204047143 sp=0x0000004661dfd2b8 mode 0

Classes unloaded (20 events):
Event: 40054.246 Thread 0x000002020b88f710 Unloading class 0x0000000100801400 'jdk/internal/reflect/GeneratedMethodAccessor36'
Event: 40054.246 Thread 0x000002020b88f710 Unloading class 0x0000000100803000 'jdk/internal/reflect/GeneratedConstructorAccessor72'
Event: 40054.246 Thread 0x000002020b88f710 Unloading class 0x0000000100801c00 'jdk/internal/reflect/GeneratedConstructorAccessor71'
Event: 40054.246 Thread 0x000002020b88f710 Unloading class 0x00000001007ed800 'jdk/internal/reflect/GeneratedConstructorAccessor70'
Event: 40054.247 Thread 0x000002020b88f710 Unloading class 0x0000000100803800 'jdk/internal/reflect/GeneratedConstructorAccessor69'
Event: 40054.247 Thread 0x000002020b88f710 Unloading class 0x0000000100801000 'jdk/internal/reflect/GeneratedConstructorAccessor68'
Event: 40106.922 Thread 0x000002020b88f710 Unloading class 0x00000001007ed400 'jdk/internal/reflect/GeneratedMethodAccessor35'
Event: 40106.922 Thread 0x000002020b88f710 Unloading class 0x00000001007ed000 'jdk/internal/reflect/GeneratedConstructorAccessor61'
Event: 40106.922 Thread 0x000002020b88f710 Unloading class 0x00000001007ecc00 'jdk/internal/reflect/GeneratedMethodAccessor34'
Event: 40106.923 Thread 0x000002020b88f710 Unloading class 0x00000001007ec800 'jdk/internal/reflect/GeneratedConstructorAccessor60'
Event: 40106.923 Thread 0x000002020b88f710 Unloading class 0x00000001005b0c00 'jdk/internal/reflect/GeneratedMethodAccessor33'
Event: 40106.923 Thread 0x000002020b88f710 Unloading class 0x00000001005b0800 'jdk/internal/reflect/GeneratedMethodAccessor32'
Event: 40106.923 Thread 0x000002020b88f710 Unloading class 0x00000001007ec400 'jdk/internal/reflect/GeneratedMethodAccessor31'
Event: 40869.174 Thread 0x000002020b88f710 Unloading class 0x00000001007ed400 'jdk/internal/reflect/GeneratedMethodAccessor41'
Event: 40869.174 Thread 0x000002020b88f710 Unloading class 0x00000001007ed000 'jdk/internal/reflect/GeneratedConstructorAccessor75'
Event: 40869.175 Thread 0x000002020b88f710 Unloading class 0x0000000100803800 'jdk/internal/reflect/GeneratedMethodAccessor40'
Event: 40869.175 Thread 0x000002020b88f710 Unloading class 0x00000001007ed800 'jdk/internal/reflect/GeneratedConstructorAccessor74'
Event: 40869.175 Thread 0x000002020b88f710 Unloading class 0x0000000100801c00 'jdk/internal/reflect/GeneratedMethodAccessor39'
Event: 40869.175 Thread 0x000002020b88f710 Unloading class 0x0000000100803000 'jdk/internal/reflect/GeneratedMethodAccessor38'
Event: 40869.175 Thread 0x000002020b88f710 Unloading class 0x00000001007ec400 'jdk/internal/reflect/GeneratedMethodAccessor37'

Classes redefined (0 events):
No events

Internal exceptions (20 events):
Event: 42237.496 Thread 0x000002021a3fc9f0 Exception <a 'java/lang/ClassCastException'{0x00000000c5644340}> (0x00000000c5644340) 
thrown [s\src\hotspot\share\runtime\sharedRuntime.cpp, line 631]
Event: 42237.502 Thread 0x000002021a3fc9f0 Exception <a 'java/lang/ClassCastException'{0x00000000c5682700}> (0x00000000c5682700) 
thrown [s\src\hotspot\share\runtime\sharedRuntime.cpp, line 631]
Event: 42237.794 Thread 0x000002021a3fc9f0 Exception <a 'java/lang/ClassCastException'{0x00000000c535cc78}> (0x00000000c535cc78) 
thrown [s\src\hotspot\share\runtime\sharedRuntime.cpp, line 631]
Event: 42237.800 Thread 0x000002021a3fc9f0 Exception <a 'java/lang/ClassCastException'{0x00000000c539b010}> (0x00000000c539b010) 
thrown [s\src\hotspot\share\runtime\sharedRuntime.cpp, line 631]
Event: 42238.699 Thread 0x000002021a3fc9f0 Exception <a 'java/lang/ClassCastException'{0x00000000c4f8efa8}> (0x00000000c4f8efa8) 
thrown [s\src\hotspot\share\runtime\sharedRuntime.cpp, line 631]
Event: 42238.706 Thread 0x000002021a3fc9f0 Exception <a 'java/lang/ClassCastException'{0x00000000c4fcd330}> (0x00000000c4fcd330) 
thrown [s\src\hotspot\share\runtime\sharedRuntime.cpp, line 631]
Event: 42238.832 Thread 0x000002021a3fc9f0 Exception <a 'java/lang/ClassCastException'{0x00000000c4cadcc0}> (0x00000000c4cadcc0) 
thrown [s\src\hotspot\share\runtime\sharedRuntime.cpp, line 631]
Event: 42238.859 Thread 0x000002021a3fc9f0 Exception <a 'java/lang/ClassCastException'{0x00000000c4cec048}> (0x00000000c4cec048) 
thrown [s\src\hotspot\share\runtime\sharedRuntime.cpp, line 631]
Event: 42238.992 Thread 0x000002021a3fc9f0 Exception <a 'java/lang/ClassCastException'{0x00000000c48c67f8}> (0x00000000c48c67f8) 
thrown [s\src\hotspot\share\runtime\sharedRuntime.cpp, line 631]
Event: 42239.043 Thread 0x000002021a3fc9f0 Exception <a 'java/lang/ClassCastException'{0x00000000c4704d38}> (0x00000000c4704d38) 
thrown [s\src\hotspot\share\runtime\sharedRuntime.cpp, line 631]
Event: 42239.929 Thread 0x000002021a3fc9f0 Exception <a 'java/lang/ClassCastException'{0x00000000c4307850}> (0x00000000c4307850) 
thrown [s\src\hotspot\share\runtime\sharedRuntime.cpp, line 631]
Event: 42239.936 Thread 0x000002021a3fc9f0 Exception <a 'java/lang/ClassCastException'{0x00000000c4345bd8}> (0x00000000c4345bd8) 
thrown [s\src\hotspot\share\runtime\sharedRuntime.cpp, line 631]
Event: 42240.718 Thread 0x000002021a3fc9f0 Exception <a 'java/lang/ClassCastException'{0x00000000c403d4e8}> (0x00000000c403d4e8) 
thrown [s\src\hotspot\share\runtime\sharedRuntime.cpp, line 631]
Event: 42240.729 Thread 0x000002021a3fc9f0 Exception <a 'java/lang/ClassCastException'{0x00000000c407b870}> (0x00000000c407b870) 
thrown [s\src\hotspot\share\runtime\sharedRuntime.cpp, line 631]
Event: 42241.085 Thread 0x000002021a3fc9f0 Exception <a 'java/lang/ClassCastException'{0x00000000c6dfa0d0}> (0x00000000c6dfa0d0) 
thrown [s\src\hotspot\share\runtime\sharedRuntime.cpp, line 631]
Event: 42241.088 Thread 0x000002021a3fc9f0 Exception <a 'java/lang/ClassCastException'{0x00000000c6c38498}> (0x00000000c6c38498) 
thrown [s\src\hotspot\share\runtime\sharedRuntime.cpp, line 631]
Event: 42242.596 Thread 0x0000020211205550 Exception <a 'java/lang/ClassCastException'{0x00000000c5d7c9e8}> (0x00000000c5d7c9e8) 
thrown [s\src\hotspot\share\runtime\sharedRuntime.cpp, line 631]
Event: 42242.608 Thread 0x0000020211205550 Exception <a 'java/lang/ClassCastException'{0x00000000c5db8288}> (0x00000000c5db8288) 
thrown [s\src\hotspot\share\runtime\sharedRuntime.cpp, line 631]
Event: 42243.471 Thread 0x0000020211205550 Exception <a 'java/lang/ClassCastException'{0x00000000c4c80418}> (0x00000000c4c80418) 
thrown [s\src\hotspot\share\runtime\sharedRuntime.cpp, line 631]
Event: 42243.482 Thread 0x0000020211205550 Exception <a 'java/lang/ClassCastException'{0x00000000c4cb90a8}> (0x00000000c4cb90a8) 
thrown [s\src\hotspot\share\runtime\sharedRuntime.cpp, line 631]

VM Operations (20 events):
Event: 99299.927 Executing VM operation: G1CollectFull done
Event: 99311.810 Executing VM operation: G1CollectFull
Event: 99311.916 Executing VM operation: G1CollectFull done
Event: 99324.046 Executing VM operation: G1CollectFull
Event: 99324.301 Executing VM operation: G1CollectFull done
Event: 99337.030 Executing VM operation: G1CollectFull
Event: 99337.134 Executing VM operation: G1CollectFull done
Event: 99349.527 Executing VM operation: G1CollectFull
Event: 99349.633 Executing VM operation: G1CollectFull done
Event: 99359.970 Executing VM operation: G1CollectFull
Event: 99360.065 Executing VM operation: G1CollectFull done
Event: 99371.325 Executing VM operation: G1CollectFull
Event: 99371.441 Executing VM operation: G1CollectFull done
Event: 99382.030 Executing VM operation: G1CollectFull
Event: 99382.151 Executing VM operation: G1CollectFull done
Event: 99393.718 Executing VM operation: G1CollectFull
Event: 99393.817 Executing VM operation: G1CollectFull done
Event: 99405.925 Executing VM operation: G1CollectFull
Event: 99406.044 Executing VM operation: G1CollectFull done
Event: 99418.840 Executing VM operation: G1CollectFull

Events (20 events):
Event: 40965.648 Thread 0x000002021a3fc9f0 Thread exited: 0x000002021a3fc9f0
Event: 42219.424 Thread 0x000002021a3fe340 Thread added: 0x000002021a3fe340
Event: 42219.456 Thread 0x000002021a3fc9f0 Thread added: 0x000002021a3fc9f0
Event: 42231.254 Thread 0x000002021a3fe850 Thread added: 0x000002021a3fe850
Event: 42232.121 Thread 0x000002021a3ff270 Thread added: 0x000002021a3ff270
Event: 42232.182 Thread 0x000002021a4006b0 Thread added: 0x000002021a4006b0
Event: 42235.637 Thread 0x000002021a3fd920 Thread added: 0x000002021a3fd920
Event: 42236.305 Thread 0x000002021a3ff780 Thread added: 0x000002021a3ff780
Event: 42238.813 Thread 0x0000020211229450 Thread added: 0x0000020211229450
Event: 42238.814 Thread 0x0000020211229970 Thread added: 0x0000020211229970
Event: 42242.714 Thread 0x000002021a3ffc90 Thread added: 0x000002021a3ffc90
Event: 42244.221 Thread 0x000002021a3fbac0 Thread added: 0x000002021a3fbac0
Event: 42248.840 Thread 0x0000020211229970 Thread exited: 0x0000020211229970
Event: 42250.149 Thread 0x000002021a3f9c60 Thread added: 0x000002021a3f9c60
Event: 42250.886 Thread 0x000002021a3fa170 Thread added: 0x000002021a3fa170
Event: 42253.811 Thread 0x0000020211229450 Thread exited: 0x0000020211229450
Event: 42302.737 Thread 0x000002021a3ffc90 Thread exited: 0x000002021a3ffc90
Event: 42304.508 Thread 0x000002021a3fc9f0 Thread exited: 0x000002021a3fc9f0
Event: 42310.892 Thread 0x000002021a3fe850 Thread exited: 0x000002021a3fe850
Event: 42370.916 Thread 0x000002021a3ff270 Thread exited: 0x000002021a3ff270


Dynamic libraries:
0x00007ff71c240000 - 0x00007ff71c24e000 	c:\Users\holar\.vscode\extensions\redhat.java-1.32.0-win32-x64\jre\17.0.11-win32-x86_64\bin\java.exe
0x00007ff834e50000 - 0x00007ff835048000 	C:\WINDOWS\SYSTEM32\ntdll.dll
0x00007ff834c90000 - 0x00007ff834d51000 	C:\WINDOWS\System32\KERNEL32.DLL
0x00007ff832580000 - 0x00007ff832876000 	C:\WINDOWS\System32\KERNELBASE.dll
0x00007ff832ac0000 - 0x00007ff832bc0000 	C:\WINDOWS\System32\ucrtbase.dll
0x00007ff82cff0000 - 0x00007ff82d007000 	c:\Users\holar\.vscode\extensions\redhat.java-1.32.0-win32-x64\jre\17.0.11-win32-x86_64\bin\jli.dll
0x00007ff833a80000 - 0x00007ff833c1f000 	C:\WINDOWS\System32\USER32.dll
0x00007ff832550000 - 0x00007ff832572000 	C:\WINDOWS\System32\win32u.dll
0x00007ff833030000 - 0x00007ff83305b000 	C:\WINDOWS\System32\GDI32.dll
0x00007ff832d60000 - 0x00007ff832e77000 	C:\WINDOWS\System32\gdi32full.dll
0x00007ff832c50000 - 0x00007ff832ced000 	C:\WINDOWS\System32\msvcp_win.dll
0x00007ff822780000 - 0x00007ff82279b000 	c:\Users\holar\.vscode\extensions\redhat.java-1.32.0-win32-x64\jre\17.0.11-win32-x86_64\bin\VCRUNTIME140.dll
0x00007ff8219f0000 - 0x00007ff821c8a000 	C:\WINDOWS\WinSxS\amd64_microsoft.windows.common-controls_6595b64144ccf1df_6.0.19041.4355_none_60b8b9eb71f62e16\COMCTL32.dll
0x00007ff834a50000 - 0x00007ff834aee000 	C:\WINDOWS\System32\msvcrt.dll
0x00007ff8338d0000 - 0x00007ff8338ff000 	C:\WINDOWS\System32\IMM32.DLL
0x00007ff815230000 - 0x00007ff81523c000 	c:\Users\holar\.vscode\extensions\redhat.java-1.32.0-win32-x64\jre\17.0.11-win32-x86_64\bin\vcruntime140_1.dll
0x00007fffb0a20000 - 0x00007fffb0aad000 	c:\Users\holar\.vscode\extensions\redhat.java-1.32.0-win32-x64\jre\17.0.11-win32-x86_64\bin\msvcp140.dll
0x00007fff9add0000 - 0x00007fff9ba32000 	c:\Users\holar\.vscode\extensions\redhat.java-1.32.0-win32-x64\jre\17.0.11-win32-x86_64\bin\server\jvm.dll
0x00007ff834be0000 - 0x00007ff834c90000 	C:\WINDOWS\System32\ADVAPI32.dll
0x00007ff833f40000 - 0x00007ff833fe0000 	C:\WINDOWS\System32\sechost.dll
0x00007ff833e10000 - 0x00007ff833f33000 	C:\WINDOWS\System32\RPCRT4.dll
0x00007ff832a90000 - 0x00007ff832ab7000 	C:\WINDOWS\System32\bcrypt.dll
0x00007ff832350000 - 0x00007ff83239b000 	C:\WINDOWS\SYSTEM32\POWRPROF.dll
0x00007ff820710000 - 0x00007ff820719000 	C:\WINDOWS\SYSTEM32\WSOCK32.dll
0x00007ff834850000 - 0x00007ff8348bb000 	C:\WINDOWS\System32\WS2_32.dll
0x00007ff820ee0000 - 0x00007ff820f07000 	C:\WINDOWS\SYSTEM32\WINMM.dll
0x00007ff821cb0000 - 0x00007ff821cba000 	C:\WINDOWS\SYSTEM32\VERSION.dll
0x00007ff832330000 - 0x00007ff832342000 	C:\WINDOWS\SYSTEM32\UMPDC.dll
0x00007ff830cd0000 - 0x00007ff830ce2000 	C:\WINDOWS\SYSTEM32\kernel.appcore.dll
0x00007ffff2a80000 - 0x00007ffff2a8a000 	c:\Users\holar\.vscode\extensions\redhat.java-1.32.0-win32-x64\jre\17.0.11-win32-x86_64\bin\jimage.dll
0x00007ff830960000 - 0x00007ff830b44000 	C:\WINDOWS\SYSTEM32\DBGHELP.DLL
0x00007ff814b90000 - 0x00007ff814bc4000 	C:\WINDOWS\SYSTEM32\dbgcore.DLL
0x00007ff832bc0000 - 0x00007ff832c42000 	C:\WINDOWS\System32\bcryptPrimitives.dll
0x00007fffb3a20000 - 0x00007fffb3a45000 	c:\Users\holar\.vscode\extensions\redhat.java-1.32.0-win32-x64\jre\17.0.11-win32-x86_64\bin\java.dll
0x00007fffb3910000 - 0x00007fffb3928000 	c:\Users\holar\.vscode\extensions\redhat.java-1.32.0-win32-x64\jre\17.0.11-win32-x86_64\bin\zip.dll
0x00007ff8340e0000 - 0x00007ff83484c000 	C:\WINDOWS\System32\SHELL32.dll
0x00007ff830100000 - 0x00007ff83089d000 	C:\WINDOWS\SYSTEM32\windows.storage.dll
0x00007ff833570000 - 0x00007ff8338c3000 	C:\WINDOWS\System32\combase.dll
0x00007ff831d70000 - 0x00007ff831d9e000 	C:\WINDOWS\SYSTEM32\Wldp.dll
0x00007ff834b00000 - 0x00007ff834bcd000 	C:\WINDOWS\System32\OLEAUT32.dll
0x00007ff834d60000 - 0x00007ff834e0d000 	C:\WINDOWS\System32\SHCORE.dll
0x00007ff833900000 - 0x00007ff833955000 	C:\WINDOWS\System32\shlwapi.dll
0x00007ff832430000 - 0x00007ff832454000 	C:\WINDOWS\SYSTEM32\profapi.dll
0x00007fffc86b0000 - 0x00007fffc86c9000 	C:\Users\holar\.vscode\extensions\redhat.java-1.32.0-win32-x64\jre\17.0.11-win32-x86_64\bin\net.dll
0x00007ff823c00000 - 0x00007ff823d0a000 	C:\WINDOWS\SYSTEM32\WINHTTP.dll
0x00007ff831b50000 - 0x00007ff831bba000 	C:\WINDOWS\system32\mswsock.dll
0x00007fffc8690000 - 0x00007fffc86a6000 	C:\Users\holar\.vscode\extensions\redhat.java-1.32.0-win32-x64\jre\17.0.11-win32-x86_64\bin\nio.dll
0x00007ff8205f0000 - 0x00007ff820600000 	c:\Users\holar\.vscode\extensions\redhat.java-1.32.0-win32-x64\jre\17.0.11-win32-x86_64\bin\verify.dll
0x00007ff831db0000 - 0x00007ff831dc8000 	C:\WINDOWS\SYSTEM32\CRYPTSP.dll
0x00007ff831490000 - 0x00007ff8314c4000 	C:\WINDOWS\system32\rsaenh.dll
0x00007ff8323e0000 - 0x00007ff83240e000 	C:\WINDOWS\SYSTEM32\USERENV.dll
0x00007ff831ce0000 - 0x00007ff831cec000 	C:\WINDOWS\SYSTEM32\CRYPTBASE.dll
0x00007ff831850000 - 0x00007ff83188b000 	C:\WINDOWS\SYSTEM32\IPHLPAPI.DLL
0x00007ff834af0000 - 0x00007ff834af8000 	C:\WINDOWS\System32\NSI.dll
0x00007ff81ec50000 - 0x00007ff81ec67000 	C:\WINDOWS\SYSTEM32\dhcpcsvc6.DLL
0x00007ff8293f0000 - 0x00007ff82940d000 	C:\WINDOWS\SYSTEM32\dhcpcsvc.DLL
0x00007ff831890000 - 0x00007ff83195a000 	C:\WINDOWS\SYSTEM32\DNSAPI.dll
0x00007ff82f4d0000 - 0x00007ff82f4d9000 	C:\Users\holar\.vscode\extensions\redhat.java-1.32.0-win32-x64\jre\17.0.11-win32-x86_64\bin\management.dll
0x00007ff82f4b0000 - 0x00007ff82f4bb000 	C:\Users\holar\.vscode\extensions\redhat.java-1.32.0-win32-x64\jre\17.0.11-win32-x86_64\bin\management_ext.dll
0x00007ff834bd0000 - 0x00007ff834bd8000 	C:\WINDOWS\System32\PSAPI.DLL
0x00007ff82c6f0000 - 0x00007ff82c6fe000 	C:\Users\holar\.vscode\extensions\redhat.java-1.32.0-win32-x64\jre\17.0.11-win32-x86_64\bin\sunmscapi.dll
0x00007ff832930000 - 0x00007ff832a8e000 	C:\WINDOWS\System32\CRYPT32.dll
0x00007ff831ec0000 - 0x00007ff831ee9000 	C:\WINDOWS\SYSTEM32\ncrypt.dll
0x00007ff831e80000 - 0x00007ff831ebb000 	C:\WINDOWS\SYSTEM32\NTASN1.dll
0x00007ff821740000 - 0x00007ff82174a000 	C:\Windows\System32\rasadhlp.dll
0x00007ff822320000 - 0x00007ff8223a0000 	C:\WINDOWS\System32\fwpuclnt.dll
0x00007ff82d150000 - 0x00007ff82d159000 	C:\Users\holar\.vscode\extensions\redhat.java-1.32.0-win32-x64\jre\17.0.11-win32-x86_64\bin\extnet.dll

dbghelp: loaded successfully - version: 4.0.5 - missing functions: none
symbol engine: initialized successfully - sym options: 0x614 - pdb path: .;c:\Users\holar\.vscode\extensions\redhat.java-1.32.0-win32-x64\jre\17.0.11-win32-x86_64\bin;C:\WINDOWS\SYSTEM32;C:\WINDOWS\WinSxS\amd64_microsoft.windows.common-controls_6595b64144ccf1df_6.0.19041.4355_none_60b8b9eb71f62e16;c:\Users\holar\.vscode\extensions\redhat.java-1.32.0-win32-x64\jre\17.0.11-win32-x86_64\bin\server

VM Arguments:
jvm_args: -Xmx1024m -Dsts.lsp.client=vscode -Dsts.log.file=/dev/null -XX:TieredStopAtLevel=1 -Xlog:jni+resolve=off -Dspring.config.location=file:c:\Users\holar\.vscode\extensions\vmware.vscode-spring-boot-1.55.1\language-server\BOOT-INF\classes\application.properties 
java_command: org.springframework.ide.vscode.boot.app.BootLanguageServerBootApp
java_class_path (initial): c:\Users\holar\.vscode\extensions\vmware.vscode-spring-boot-1.55.1\language-server\BOOT-INF\classes;c:\Users\holar\.vscode\extensions\vmware.vscode-spring-boot-1.55.1\language-server\BOOT-INF\lib\annotations-24.1.0.jar;c:\Users\holar\.vscode\extensions\vmware.vscode-spring-boot-1.55.1\language-server\BOOT-INF\lib\antlr4-runtime-4.13.1.jar;c:\Users\holar\.vscode\extensions\vmware.vscode-spring-boot-1.55.1\language-server\BOOT-INF\lib\asm-9.7.jar;c:\Users\holar\.vscode\extensions\vmware.vscode-spring-boot-1.55.1\language-server\BOOT-INF\lib\asm-analysis-9.7.jar;c:\Users\holar\.vscode\extensions\vmware.vscode-spring-boot-1.55.1\language-server\BOOT-INF\lib\asm-tree-9.7.jar;c:\Users\holar\.vscode\extensions\vmware.vscode-spring-boot-1.55.1\language-server\BOOT-INF\lib\asm-util-9.7.jar;c:\Users\holar\.vscode\extensions\vmware.vscode-spring-boot-1.55.1\language-server\BOOT-INF\lib\caffeine-3.1.8.jar;c:\Users\holar\.vscode\extensions\vmware.vscode-spring-boot-1.55.1\language-server\BOOT-INF\lib\checker-qual-3.12.0.jar;c:\Users\holar\.vscode\extensions\vmware.vscode-spring-boot-1.55.1\language-server\BOOT-INF\lib\classgraph-4.8.149.jar;c:\Users\holar\.vscode\extensions\vmware.vscode-spring-boot-1.55.1\language-server\BOOT-INF\lib\commons-codec-1.16.1.jar;c:\Users\holar\.vscode\extensions\vmware.vscode-spring-boot-1.55.1\language-server\BOOT-INF\lib\commons-compress-1.26.1.jar;c:\Users\holar\.vscode\extensions\vmware.vscode-spring-boot-1.55.1\language-server\BOOT-INF\lib\commons-io-2.16.1.jar;c:\Users\holar\.vscode\extensions\vmware.vscode-spring-boot-1.55.1\language-server\BOOT-INF\lib\commons-java-1.55.1-SNAPSHOT.jar;c:\Users\holar\.vscode\extensions\vmware.vscode-spring-boot-1.55.1\language-server\BOOT-INF\lib\commons-lang3-3.14.0.jar;c:\Users\holar\.vscode\extensions\vmware.vscode-spring-boot-1.55.1\language-server\BOOT-INF\lib\commons-language-server-1.55.1-SNAPSHOT.jar;c:\Users\holar\.vscode\extensions\vmware.vscode-spring-boot-1.55.1\langu
Launcher Type: SUN_STANDARD

[Global flags]
     intx CICompilerCount                          = 3                                         {product} {ergonomic}
     uint ConcGCThreads                            = 1                                         {product} {ergonomic}
     uint G1ConcRefinementThreads                  = 4                                         {product} {ergonomic}
   size_t G1HeapRegionSize                         = 1048576                                   {product} {ergonomic}
    uintx GCDrainStackTargetSize                   = 64                                        {product} {ergonomic}
   size_t InitialHeapSize                          = 67108864                                  {product} {ergonomic}
   size_t MarkStackSize                            = 4194304                                   {product} {ergonomic}
   size_t MaxHeapSize                              = 1073741824                                {product} {command line}
   size_t MaxNewSize                               = 643825664                                 {product} {ergonomic}
   size_t MinHeapDeltaBytes                        = 1048576                                   {product} {ergonomic}
   size_t MinHeapSize                              = 8388608                                   {product} {ergonomic}
    uintx NonProfiledCodeHeapSize                  = 0                                      {pd product} {ergonomic}
     bool ProfileInterpreter                       = false                                  {pd product} {command line}
    uintx ProfiledCodeHeapSize                     = 0                                      {pd product} {ergonomic}
   size_t SoftMaxHeapSize                          = 1073741824                             {manageable} {ergonomic}
     intx TieredStopAtLevel                        = 1                                         {product} {command line}
     bool UseCompressedClassPointers               = true                           {product lp64_product} {ergonomic}
     bool UseCompressedOops                        = true                           {product lp64_product} {ergonomic}
     bool UseG1GC                                  = true                                      {product} {ergonomic}
     bool UseLargePagesIndividualAllocation        = false                                  {pd product} {ergonomic}

Logging:
Log output configuration:
 #0: stdout all=warning,jni+resolve=off uptime,level,tags
 #1: stderr all=off uptime,level,tags

Environment Variables:
PATH=C:\Program Files\Common Files\Oracle\Java\javapath;C:\WINDOWS\system32;C:\WINDOWS;C:\WINDOWS\System32\Wbem;C:\WINDOWS\System32\WindowsPowerShell\v1.0\;C:\WINDOWS\System32\OpenSSH\;C:\Program Files\nodejs\;C:\Program Files\Git\cmd;C:\Program Files\Docker\Docker\resources\bin;C:\Users\holar\AppData\Local\Microsoft\WindowsApps;C:\Users\holar\AppData\Local\Programs\Microsoft VS Code\bin;C:\Users\holar\AppData\Roaming\npm;C:\Program Files\PostgreSQL\16\bin;C:\Program Files\maven\apache-maven-3.9.6\bin;C:\Users\holar\Desktop\redis\Redis-x64-3.0.504;
USERNAME=Holar
OS=Windows_NT
PROCESSOR_IDENTIFIER=Intel64 Family 6 Model 78 Stepping 3, GenuineIntel
TMP=C:\Users\holar\AppData\Local\Temp
TEMP=C:\Users\holar\AppData\Local\Temp



Periodic native trim disabled


---------------  S Y S T E M  ---------------

OS:
 Windows 10 , 64 bit Build 19041 (10.0.19041.4597)
OS uptime: 1 days 3:47 hours
Hyper-V role detected

CPU: total 4 (initial active 4) (2 cores per cpu, 2 threads per core) family 6 model 78 stepping 3 microcode 0xcc, cx8, cmov, fxsr, ht, mmx, 3dnowpref, sse, sse2, sse3, ssse3, sse4.1, sse4.2, popcnt, lzcnt, tsc, tscinvbit, avx, avx2, aes, erms, clmul, bmi1, bmi2, rtm, adx, fma, vzeroupper, clflush, clflushopt, hv
Processor Information for all 4 processors :
  Max Mhz: 2304, Current Mhz: 2304, Mhz Limit: 2304

Memory: 4k page, system-wide physical 3984M (62M free)
TotalPageFile size 16272M (AvailPageFile size 29M)
current process WorkingSet (physical memory assigned to process): 81M, peak: 237M
current process commit charge ("private bytes"): 295M, peak: 443M

vm_info: OpenJDK 64-Bit Server VM (17.0.11+9) for windows-amd64 JRE (17.0.11+9), built on Apr 17 2024 06:07:48 by "admin" with MS VC++ 16.10 / 16.11 (VS2019)

END.
