#
# There is insufficient memory for the Java Runtime Environment to continue.
# Native memory allocation (malloc) failed to allocate 785216 bytes. Error detail: Chunk::new
# Possible reasons:
#   The system is out of physical RAM or swap space
#   This process is running with CompressedOops enabled, and the Java Heap may be blocking the growth of the native heap
# Possible solutions:
#   Reduce memory load on the system
#   Increase physical memory or swap space
#   Check if swap backing store is full
#   Decrease Java heap size (-Xmx/-Xms)
#   Decrease number of Java threads
#   Decrease Java thread stack sizes (-Xss)
#   Set larger code cache with -XX:ReservedCodeCacheSize=
#   JVM is running with Unscaled Compressed Oops mode in which the Java heap is
#     placed in the first 4GB address space. The Java Heap base address is the
#     maximum limit for the native heap growth. Please use -XX:HeapBaseMinAddress
#     to set the Java Heap base and to place the Java Heap above 4GB virtual address.
# This output file may be truncated or incomplete.
#
#  Out of Memory Error (arena.cpp:191), pid=10964, tid=2036
#
# JRE version: OpenJDK Runtime Environment Temurin-17.0.11+9 (17.0.11+9) (build 17.0.11+9)
# Java VM: OpenJDK 64-Bit Server VM Temurin-17.0.11+9 (17.0.11+9, mixed mode, tiered, compressed oops, compressed class ptrs, parallel gc, windows-amd64)
# No core dump will be written. Minidumps are not enabled by default on client versions of Windows
#

---------------  S U M M A R Y ------------

Command Line: --add-modules=ALL-SYSTEM --add-opens=java.base/java.util=ALL-UNNAMED --add-opens=java.base/java.lang=ALL-UNNAMED --add-opens=java.base/sun.nio.fs=ALL-UNNAMED -Declipse.application=org.eclipse.jdt.ls.core.id1 -Dosgi.bundles.defaultStartLevel=4 -Declipse.product=org.eclipse.jdt.ls.core.product -Djava.import.generatesMetadataFilesAtProjectRoot=false -DDetectVMInstallationsJob.disabled=true -Dfile.encoding=utf8 -XX:+UseParallelGC -XX:GCTimeRatio=4 -XX:AdaptiveSizePolicyWeight=90 -Dsun.zip.disableMemoryMapping=true -Xmx1G -Xms100m -Xlog:disable -javaagent:c:\Users\holar\.vscode\extensions\redhat.java-1.32.0-win32-x64\lombok\lombok-1.18.33.jar -XX:+HeapDumpOnOutOfMemoryError -XX:HeapDumpPath=c:\Users\holar\AppData\Roaming\Code\User\workspaceStorage\86730f4890879325f6a557beb621e666\redhat.java -Daether.dependencyCollector.impl=bf c:\Users\holar\.vscode\extensions\redhat.java-1.32.0-win32-x64\server\plugins\org.eclipse.equinox.launcher_1.6.900.v20240613-2009.jar -configuration c:\Users\holar\AppData\Roaming\Code\User\globalStorage\redhat.java\1.32.0\config_win -data c:\Users\holar\AppData\Roaming\Code\User\workspaceStorage\86730f4890879325f6a557beb621e666\redhat.java\jdt_ws --pipe=\\.\pipe\lsp-4a0ca900aeeb1e2d17a3e3ac8bd08f9d-sock

Host: Intel(R) Core(TM) i3-6100U CPU @ 2.30GHz, 4 cores, 3G,  Windows 10 , 64 bit Build 19041 (10.0.19041.4597)
Time: Sat Jul  6 23:19:31 2024 W. Central Africa Standard Time elapsed time: 128.915923 seconds (0d 0h 2m 8s)

---------------  T H R E A D  ---------------

Current thread (0x00000165fee5db40):  JavaThread "C2 CompilerThread0" daemon [_thread_in_native, id=2036, stack(0x000000543d100000,0x000000543d200000)]


Current CompileTask:
C2: 128916 15150   !   4       com.google.gson.internal.bind.ReflectiveTypeAdapterFactory$1::write (184 bytes)

Stack: [0x000000543d100000,0x000000543d200000]
Native frames: (J=compiled Java code, j=interpreted, Vv=VM code, C=native code)
V  [jvm.dll+0x67d429]
V  [jvm.dll+0x834b7a]
V  [jvm.dll+0x83663e]
V  [jvm.dll+0x836ca3]
V  [jvm.dll+0x247dbf]
V  [jvm.dll+0xac534]
V  [jvm.dll+0xacb7c]
V  [jvm.dll+0x2af2cf]
V  [jvm.dll+0x5848b7]
V  [jvm.dll+0x222d82]
V  [jvm.dll+0x21bff2]
V  [jvm.dll+0x2197a1]
V  [jvm.dll+0x1a534d]
V  [jvm.dll+0x2295cd]
V  [jvm.dll+0x22779c]
V  [jvm.dll+0x7e9d07]
V  [jvm.dll+0x7e410a]
V  [jvm.dll+0x67c315]
C  [ucrtbase.dll+0x21bb2]
C  [KERNEL32.DLL+0x17374]
C  [ntdll.dll+0x4cc91]


---------------  P R O C E S S  ---------------

Threads class SMR info:
_java_thread_list=0x00000165978c2780, length=40, elements={
0x00000165fbfe56b0, 0x00000165fc0976e0, 0x00000165fee2e840, 0x00000165fc0980d0,
0x00000165fc098f50, 0x00000165fee59160, 0x00000165fee5ce50, 0x00000165fee5db40,
0x0000016595050800, 0x00000165fee7d760, 0x00000165fc048ff0, 0x00000165952b0410,
0x0000016595da7d00, 0x0000016595da8210, 0x0000016595da4a60, 0x0000016595da63b0,
0x0000016595da4f70, 0x0000016595da5480, 0x0000016595da6dd0, 0x0000016595da5990,
0x0000016595da72e0, 0x0000016595da5ea0, 0x0000016595da77f0, 0x0000016596358eb0,
0x0000016596353db0, 0x0000016596352e80, 0x00000165963589a0, 0x000001659635a2f0,
0x0000016596356120, 0x00000165963598d0, 0x000001659635a800, 0x0000016596354ce0,
0x0000016596359de0, 0x00000165963547d0, 0x0000016596355700, 0x0000016596355c10,
0x0000016596357f80, 0x0000016596356630, 0x0000016596357560, 0x0000016596ffde90
}

Java Threads: ( => current thread )
  0x00000165fbfe56b0 JavaThread "main" [_thread_blocked, id=14348, stack(0x000000543c800000,0x000000543c900000)]
  0x00000165fc0976e0 JavaThread "Reference Handler" daemon [_thread_blocked, id=4480, stack(0x000000543cb00000,0x000000543cc00000)]
  0x00000165fee2e840 JavaThread "Finalizer" daemon [_thread_blocked, id=12116, stack(0x000000543cc00000,0x000000543cd00000)]
  0x00000165fc0980d0 JavaThread "Signal Dispatcher" daemon [_thread_blocked, id=18448, stack(0x000000543cd00000,0x000000543ce00000)]
  0x00000165fc098f50 JavaThread "Attach Listener" daemon [_thread_blocked, id=836, stack(0x000000543ce00000,0x000000543cf00000)]
  0x00000165fee59160 JavaThread "Service Thread" daemon [_thread_blocked, id=16544, stack(0x000000543cf00000,0x000000543d000000)]
  0x00000165fee5ce50 JavaThread "Monitor Deflation Thread" daemon [_thread_blocked, id=14144, stack(0x000000543d000000,0x000000543d100000)]
=>0x00000165fee5db40 JavaThread "C2 CompilerThread0" daemon [_thread_in_native, id=2036, stack(0x000000543d100000,0x000000543d200000)]
  0x0000016595050800 JavaThread "C1 CompilerThread0" daemon [_thread_blocked, id=6076, stack(0x000000543d200000,0x000000543d300000)]
  0x00000165fee7d760 JavaThread "Sweeper thread" daemon [_thread_blocked, id=18000, stack(0x000000543d300000,0x000000543d400000)]
  0x00000165fc048ff0 JavaThread "Common-Cleaner" daemon [_thread_blocked, id=10088, stack(0x000000543d400000,0x000000543d500000)]
  0x00000165952b0410 JavaThread "Notification Thread" daemon [_thread_blocked, id=17152, stack(0x000000543d500000,0x000000543d600000)]
  0x0000016595da7d00 JavaThread "Active Thread: Equinox Container: 818c7b64-6a30-4c04-9f20-84439b402a34" [_thread_blocked, id=1496, stack(0x000000543da00000,0x000000543db00000)]
  0x0000016595da8210 JavaThread "Framework Event Dispatcher: Equinox Container: 818c7b64-6a30-4c04-9f20-84439b402a34" daemon [_thread_blocked, id=11984, stack(0x000000543db00000,0x000000543dc00000)]
  0x0000016595da4a60 JavaThread "Start Level: Equinox Container: 818c7b64-6a30-4c04-9f20-84439b402a34" daemon [_thread_blocked, id=5408, stack(0x000000543dc00000,0x000000543dd00000)]
  0x0000016595da63b0 JavaThread "Bundle File Closer" daemon [_thread_blocked, id=8072, stack(0x000000543dd00000,0x000000543de00000)]
  0x0000016595da4f70 JavaThread "SCR Component Actor" daemon [_thread_blocked, id=1020, stack(0x000000543de00000,0x000000543df00000)]
  0x0000016595da5480 JavaThread "Worker-JM" [_thread_blocked, id=8888, stack(0x000000543e000000,0x000000543e100000)]
  0x0000016595da6dd0 JavaThread "Worker-0" [_thread_blocked, id=9588, stack(0x000000543e100000,0x000000543e200000)]
  0x0000016595da5990 JavaThread "Worker-1: Publish Diagnostics" [_thread_blocked, id=14640, stack(0x000000543e200000,0x000000543e300000)]
  0x0000016595da72e0 JavaThread "Worker-2" [_thread_blocked, id=1724, stack(0x000000543e300000,0x000000543e400000)]
  0x0000016595da5ea0 JavaThread "Java indexing" daemon [_thread_blocked, id=7316, stack(0x000000543df00000,0x000000543e000000)]
  0x0000016595da77f0 JavaThread "Worker-3" [_thread_blocked, id=17824, stack(0x000000543e400000,0x000000543e500000)]
  0x0000016596358eb0 JavaThread "Worker-4" [_thread_blocked, id=13868, stack(0x000000543e500000,0x000000543e600000)]
  0x0000016596353db0 JavaThread "JNA Cleaner" daemon [_thread_blocked, id=10456, stack(0x000000543e600000,0x000000543e700000)]
  0x0000016596352e80 JavaThread "Thread-2" daemon [_thread_in_native, id=4668, stack(0x000000543e900000,0x000000543ea00000)]
  0x00000165963589a0 JavaThread "Thread-3" daemon [_thread_in_native, id=16232, stack(0x000000543ea00000,0x000000543eb00000)]
  0x000001659635a2f0 JavaThread "Thread-4" daemon [_thread_in_native, id=4100, stack(0x000000543eb00000,0x000000543ec00000)]
  0x0000016596356120 JavaThread "Thread-5" daemon [_thread_in_native, id=19368, stack(0x000000543ec00000,0x000000543ed00000)]
  0x00000165963598d0 JavaThread "Thread-6" daemon [_thread_in_native, id=17464, stack(0x000000543ed00000,0x000000543ee00000)]
  0x000001659635a800 JavaThread "pool-2-thread-1" [_thread_blocked, id=612, stack(0x000000543ee00000,0x000000543ef00000)]
  0x0000016596354ce0 JavaThread "WorkspaceEventsHandler" [_thread_blocked, id=19412, stack(0x000000543ef00000,0x000000543f000000)]
  0x0000016596359de0 JavaThread "pool-1-thread-1" [_thread_in_vm, id=17616, stack(0x000000543f000000,0x000000543f100000)]
  0x00000165963547d0 JavaThread "Worker-5: Building" [_thread_in_native, id=16048, stack(0x000000543c600000,0x000000543c700000)]
  0x0000016596355700 JavaThread "ForkJoinPool.commonPool-worker-1" daemon [_thread_blocked, id=12252, stack(0x000000543f100000,0x000000543f200000)]
  0x0000016596355c10 JavaThread "ForkJoinPool.commonPool-worker-2" daemon [_thread_blocked, id=17468, stack(0x000000543c700000,0x000000543c800000)]
  0x0000016596357f80 JavaThread "ForkJoinPool.commonPool-worker-3" daemon [_thread_blocked, id=19164, stack(0x000000543f200000,0x000000543f300000)]
  0x0000016596356630 JavaThread "Worker-6" [_thread_blocked, id=17784, stack(0x000000543f300000,0x000000543f400000)]
  0x0000016596357560 JavaThread "Cleaner-0" daemon [_thread_blocked, id=9416, stack(0x000000543f400000,0x000000543f500000)]
  0x0000016596ffde90 JavaThread "Worker-7" [_thread_blocked, id=17452, stack(0x000000543c500000,0x000000543c600000)]

Other Threads:
  0x00000165fee180d0 VMThread "VM Thread" [stack: 0x000000543ca00000,0x000000543cb00000] [id=15200]
  0x00000165952f05d0 WatcherThread [stack: 0x000000543d600000,0x000000543d700000] [id=17444]
  0x00000165fbffa410 GCTaskThread "GC Thread#0" [stack: 0x000000543c900000,0x000000543ca00000] [id=2688]
  0x0000016595a49150 GCTaskThread "GC Thread#1" [stack: 0x000000543d700000,0x000000543d800000] [id=18052]
  0x0000016595732000 GCTaskThread "GC Thread#2" [stack: 0x000000543d800000,0x000000543d900000] [id=12120]
  0x00000165957322c0 GCTaskThread "GC Thread#3" [stack: 0x000000543d900000,0x000000543da00000] [id=1072]

Threads with active compile tasks:
C2 CompilerThread0   129189 15150   !   4       com.google.gson.internal.bind.ReflectiveTypeAdapterFactory$1::write (184 bytes)

VM state: not at safepoint (normal execution)

VM Mutex/Monitor currently owned by a thread:  ([mutex/lock_event])
[0x00000165fbfe0e80] Heap_lock - owner thread: 0x0000016595da5990

Heap address: 0x00000000c0000000, size: 1024 MB, Compressed Oops mode: 32-bit

CDS archive(s) not mapped
Compressed class space mapped at: 0x0000000100000000-0x0000000140000000, reserved size: 1073741824
Narrow klass base: 0x0000000000000000, Narrow klass shift: 3, Narrow klass range: 0x140000000

GC Precious Log:
 CPUs: 4 total, 4 available
 Memory: 3984M
 Large Page Support: Disabled
 NUMA Support: Disabled
 Compressed Oops: Enabled (32-bit)
 Alignments: Space 512K, Generation 512K, Heap 2M
 Heap Min Capacity: 100M
 Heap Initial Capacity: 100M
 Heap Max Capacity: 1G
 Pre-touch: Disabled
 Parallel Workers: 4

Heap:
 PSYoungGen      total 1536K, used 520K [0x00000000eab00000, 0x00000000eaf80000, 0x0000000100000000)
  eden space 1024K, 0% used [0x00000000eab00000,0x00000000eab02158,0x00000000eac00000)
  from space 512K, 100% used [0x00000000ead80000,0x00000000eae00000,0x00000000eae00000)
  to   space 1536K, 0% used [0x00000000eac00000,0x00000000eac00000,0x00000000ead80000)
 ParOldGen       total 104448K, used 83013K [0x00000000c0000000, 0x00000000c6600000, 0x00000000eab00000)
  object space 104448K, 79% used [0x00000000c0000000,0x00000000c5111430,0x00000000c6600000)
 Metaspace       used 80068K, committed 81536K, reserved 1179648K
  class space    used 8187K, committed 8896K, reserved 1048576K

Card table byte_map: [0x00000165fb980000,0x00000165fbb90000] _byte_map_base: 0x00000165fb380000

Marking Bits: (ParMarkBitMap*) 0x00007ff84fc5d820
 Begin Bits: [0x000001658f000000, 0x0000016590000000)
 End Bits:   [0x0000016590000000, 0x0000016591000000)

Polling page: 0x00000165f9ea0000

Metaspace:

Usage:
  Non-class:     70.20 MB used.
      Class:      8.00 MB used.
       Both:     78.19 MB used.

Virtual space:
  Non-class space:      128.00 MB reserved,      70.94 MB ( 55%) committed,  2 nodes.
      Class space:        1.00 GB reserved,       8.69 MB ( <1%) committed,  1 nodes.
             Both:        1.12 GB reserved,      79.62 MB (  7%) committed. 

Chunk freelists:
   Non-Class:  9.11 MB
       Class:  7.19 MB
        Both:  16.29 MB

MaxMetaspaceSize: unlimited
CompressedClassSpaceSize: 1.00 GB
Initial GC threshold: 21.00 MB
Current GC threshold: 132.62 MB
CDS: off
MetaspaceReclaimPolicy: balanced
 - commit_granule_bytes: 65536.
 - commit_granule_words: 8192.
 - virtual_space_node_default_size: 8388608.
 - enlarge_chunks_in_place: 1.
 - new_chunks_are_fully_committed: 0.
 - uncommit_free_chunks: 1.
 - use_allocation_guard: 0.
 - handle_deallocations: 1.


Internal statistics:

num_allocs_failed_limit: 13.
num_arena_births: 980.
num_arena_deaths: 24.
num_vsnodes_births: 3.
num_vsnodes_deaths: 0.
num_space_committed: 1274.
num_space_uncommitted: 0.
num_chunks_returned_to_freelist: 41.
num_chunks_taken_from_freelist: 4592.
num_chunk_merges: 18.
num_chunk_splits: 2709.
num_chunks_enlarged: 1394.
num_inconsistent_stats: 0.

CodeHeap 'non-profiled nmethods': size=120000Kb used=8582Kb max_used=8582Kb free=111417Kb
 bounds [0x0000016587ad0000, 0x0000016588340000, 0x000001658f000000]
CodeHeap 'profiled nmethods': size=120000Kb used=27121Kb max_used=27121Kb free=92878Kb
 bounds [0x0000016580000000, 0x0000016581a80000, 0x0000016587530000]
CodeHeap 'non-nmethods': size=5760Kb used=1400Kb max_used=1499Kb free=4359Kb
 bounds [0x0000016587530000, 0x00000165877a0000, 0x0000016587ad0000]
 total_blobs=13201 nmethods=12448 adapters=666
 compilation: enabled
              stopped_count=0, restarted_count=0
 full_count=0

Compilation events (20 events):
Event: 124.309 Thread 0x0000016595050800 15161       3       org.eclipse.core.internal.jobs.InternalJob::schedule (16 bytes)
Event: 124.310 Thread 0x0000016595050800 nmethod 15161 0x0000016581a7a090 code [0x0000016581a7a240, 0x0000016581a7a498]
Event: 124.310 Thread 0x0000016595050800 15162       3       org.eclipse.core.internal.jobs.JobManager::schedule (15 bytes)
Event: 124.311 Thread 0x0000016595050800 nmethod 15162 0x0000016581a7a590 code [0x0000016581a7a780, 0x0000016581a7ad38]
Event: 124.312 Thread 0x0000016595050800 15163       3       org.eclipse.jdt.ls.core.internal.handlers.ProgressReporterManager$ProgressReporter::<init> (36 bytes)
Event: 124.313 Thread 0x0000016595050800 nmethod 15163 0x0000016581a7b010 code [0x0000016581a7b1e0, 0x0000016581a7b4d8]
Event: 124.353 Thread 0x00000165fee5db40 nmethod 15133 0x000001658831e310 code [0x000001658831ea20, 0x0000016588325c28]
Event: 124.354 Thread 0x00000165fee5db40 15151 %     4       org.eclipse.jdt.internal.core.index.DiskIndex::mergeCategory @ 66 (301 bytes)
Event: 124.466 Thread 0x00000165fee5db40 nmethod 15151% 0x0000016588329b10 code [0x0000016588329d60, 0x000001658832b850]
Event: 124.466 Thread 0x00000165fee5db40 15153       4       lombok.eclipse.EclipseAST::buildTree (183 bytes)
Event: 124.487 Thread 0x0000016595050800 15164       3       sun.util.calendar.ZoneInfo::getTransitionIndex (156 bytes)
Event: 124.488 Thread 0x0000016595050800 nmethod 15164 0x0000016581a7b690 code [0x0000016581a7b860, 0x0000016581a7bd18]
Event: 124.489 Thread 0x0000016595050800 15165       1       org.eclipse.core.internal.jobs.InternalJob::setResult (6 bytes)
Event: 124.489 Thread 0x0000016595050800 nmethod 15165 0x000001658832c690 code [0x000001658832c820, 0x000001658832c8f8]
Event: 124.628 Thread 0x00000165fee5db40 nmethod 15153 0x000001658832c990 code [0x000001658832cd40, 0x000001658832f520]
Event: 124.628 Thread 0x00000165fee5db40 15155       4       java.util.Arrays$ArrayList::iterator (12 bytes)
Event: 124.630 Thread 0x00000165fee5db40 nmethod 15155 0x0000016588330e10 code [0x0000016588330fa0, 0x0000016588331078]
Event: 124.630 Thread 0x00000165fee5db40 15150   !   4       com.google.gson.internal.bind.ReflectiveTypeAdapterFactory$1::write (184 bytes)
Event: 124.687 Thread 0x0000016595050800 15166       1       org.eclipse.osgi.internal.log.ExtendedLogServiceImpl::getBundle (5 bytes)
Event: 128.487 Thread 0x0000016595050800 nmethod 15166 0x0000016588331110 code [0x00000165883312a0, 0x0000016588331378]

GC Heap History (20 events):
Event: 120.026 GC heap before
{Heap before GC invocations=221 (full 7):
 PSYoungGen      total 2048K, used 1136K [0x00000000eab00000, 0x00000000eae00000, 0x0000000100000000)
  eden space 1024K, 98% used [0x00000000eab00000,0x00000000eabfc0e0,0x00000000eac00000)
  from space 1024K, 12% used [0x00000000eac80000,0x00000000eaca0000,0x00000000ead80000)
  to   space 512K, 0% used [0x00000000ead80000,0x00000000ead80000,0x00000000eae00000)
 ParOldGen       total 119808K, used 119112K [0x00000000c0000000, 0x00000000c7500000, 0x00000000eab00000)
  object space 119808K, 99% used [0x00000000c0000000,0x00000000c74523f0,0x00000000c7500000)
 Metaspace       used 80062K, committed 81472K, reserved 1179648K
  class space    used 8186K, committed 8896K, reserved 1048576K
}
Event: 120.028 GC heap after
{Heap after GC invocations=221 (full 7):
 PSYoungGen      total 1536K, used 367K [0x00000000eab00000, 0x00000000eae00000, 0x0000000100000000)
  eden space 1024K, 0% used [0x00000000eab00000,0x00000000eab00000,0x00000000eac00000)
  from space 512K, 71% used [0x00000000ead80000,0x00000000eaddbc00,0x00000000eae00000)
  to   space 512K, 0% used [0x00000000ead00000,0x00000000ead00000,0x00000000ead80000)
 ParOldGen       total 119808K, used 119144K [0x00000000c0000000, 0x00000000c7500000, 0x00000000eab00000)
  object space 119808K, 99% used [0x00000000c0000000,0x00000000c745a3f0,0x00000000c7500000)
 Metaspace       used 80062K, committed 81472K, reserved 1179648K
  class space    used 8186K, committed 8896K, reserved 1048576K
}
Event: 120.063 GC heap before
{Heap before GC invocations=222 (full 7):
 PSYoungGen      total 1536K, used 1114K [0x00000000eab00000, 0x00000000eae00000, 0x0000000100000000)
  eden space 1024K, 72% used [0x00000000eab00000,0x00000000eabbaca0,0x00000000eac00000)
  from space 512K, 71% used [0x00000000ead80000,0x00000000eaddbc00,0x00000000eae00000)
  to   space 512K, 0% used [0x00000000ead00000,0x00000000ead00000,0x00000000ead80000)
 ParOldGen       total 119808K, used 119144K [0x00000000c0000000, 0x00000000c7500000, 0x00000000eab00000)
  object space 119808K, 99% used [0x00000000c0000000,0x00000000c745a3f0,0x00000000c7500000)
 Metaspace       used 80062K, committed 81472K, reserved 1179648K
  class space    used 8186K, committed 8896K, reserved 1048576K
}
Event: 120.065 GC heap after
{Heap after GC invocations=222 (full 7):
 PSYoungGen      total 1536K, used 495K [0x00000000eab00000, 0x00000000eae00000, 0x0000000100000000)
  eden space 1024K, 0% used [0x00000000eab00000,0x00000000eab00000,0x00000000eac00000)
  from space 512K, 96% used [0x00000000ead00000,0x00000000ead7bc00,0x00000000ead80000)
  to   space 512K, 0% used [0x00000000ead80000,0x00000000ead80000,0x00000000eae00000)
 ParOldGen       total 119808K, used 119447K [0x00000000c0000000, 0x00000000c7500000, 0x00000000eab00000)
  object space 119808K, 99% used [0x00000000c0000000,0x00000000c74a5ff0,0x00000000c7500000)
 Metaspace       used 80062K, committed 81472K, reserved 1179648K
  class space    used 8186K, committed 8896K, reserved 1048576K
}
Event: 120.109 GC heap before
{Heap before GC invocations=223 (full 7):
 PSYoungGen      total 1536K, used 1519K [0x00000000eab00000, 0x00000000eae00000, 0x0000000100000000)
  eden space 1024K, 100% used [0x00000000eab00000,0x00000000eac00000,0x00000000eac00000)
  from space 512K, 96% used [0x00000000ead00000,0x00000000ead7bc00,0x00000000ead80000)
  to   space 512K, 0% used [0x00000000ead80000,0x00000000ead80000,0x00000000eae00000)
 ParOldGen       total 119808K, used 119447K [0x00000000c0000000, 0x00000000c7500000, 0x00000000eab00000)
  object space 119808K, 99% used [0x00000000c0000000,0x00000000c74a5ff0,0x00000000c7500000)
 Metaspace       used 80062K, committed 81472K, reserved 1179648K
  class space    used 8186K, committed 8896K, reserved 1048576K
}
Event: 120.122 GC heap after
{Heap after GC invocations=223 (full 7):
 PSYoungGen      total 1024K, used 510K [0x00000000eab00000, 0x00000000eb000000, 0x0000000100000000)
  eden space 512K, 0% used [0x00000000eab00000,0x00000000eab00000,0x00000000eab80000)
  from space 512K, 99% used [0x00000000ead80000,0x00000000eadff800,0x00000000eae00000)
  to   space 2048K, 0% used [0x00000000eab80000,0x00000000eab80000,0x00000000ead80000)
 ParOldGen       total 120832K, used 120459K [0x00000000c0000000, 0x00000000c7600000, 0x00000000eab00000)
  object space 120832K, 99% used [0x00000000c0000000,0x00000000c75a2ff0,0x00000000c7600000)
 Metaspace       used 80062K, committed 81472K, reserved 1179648K
  class space    used 8186K, committed 8896K, reserved 1048576K
}
Event: 120.153 GC heap before
{Heap before GC invocations=224 (full 8):
 PSYoungGen      total 1024K, used 510K [0x00000000eab00000, 0x00000000eb000000, 0x0000000100000000)
  eden space 512K, 0% used [0x00000000eab00000,0x00000000eab00000,0x00000000eab80000)
  from space 512K, 99% used [0x00000000ead80000,0x00000000eadff800,0x00000000eae00000)
  to   space 2048K, 0% used [0x00000000eab80000,0x00000000eab80000,0x00000000ead80000)
 ParOldGen       total 120832K, used 120459K [0x00000000c0000000, 0x00000000c7600000, 0x00000000eab00000)
  object space 120832K, 99% used [0x00000000c0000000,0x00000000c75a2ff0,0x00000000c7600000)
 Metaspace       used 80062K, committed 81472K, reserved 1179648K
  class space    used 8186K, committed 8896K, reserved 1048576K
}
Event: 123.901 GC heap after
{Heap after GC invocations=224 (full 8):
 PSYoungGen      total 2560K, used 0K [0x00000000eab00000, 0x00000000eaf80000, 0x0000000100000000)
  eden space 512K, 0% used [0x00000000eab00000,0x00000000eab00000,0x00000000eab80000)
  from space 2048K, 0% used [0x00000000eab80000,0x00000000eab80000,0x00000000ead80000)
  to   space 2048K, 0% used [0x00000000ead80000,0x00000000ead80000,0x00000000eaf80000)
 ParOldGen       total 104448K, used 80610K [0x00000000c0000000, 0x00000000c6600000, 0x00000000eab00000)
  object space 104448K, 77% used [0x00000000c0000000,0x00000000c4eb8b10,0x00000000c6600000)
 Metaspace       used 80062K, committed 81472K, reserved 1179648K
  class space    used 8186K, committed 8896K, reserved 1048576K
}
Event: 124.186 GC heap before
{Heap before GC invocations=225 (full 8):
 PSYoungGen      total 2560K, used 512K [0x00000000eab00000, 0x00000000eaf80000, 0x0000000100000000)
  eden space 512K, 100% used [0x00000000eab00000,0x00000000eab80000,0x00000000eab80000)
  from space 2048K, 0% used [0x00000000eab80000,0x00000000eab80000,0x00000000ead80000)
  to   space 2048K, 0% used [0x00000000ead80000,0x00000000ead80000,0x00000000eaf80000)
 ParOldGen       total 104448K, used 80610K [0x00000000c0000000, 0x00000000c6600000, 0x00000000eab00000)
  object space 104448K, 77% used [0x00000000c0000000,0x00000000c4eb8b10,0x00000000c6600000)
 Metaspace       used 80062K, committed 81472K, reserved 1179648K
  class space    used 8186K, committed 8896K, reserved 1048576K
}
Event: 124.189 GC heap after
{Heap after GC invocations=225 (full 8):
 PSYoungGen      total 1024K, used 192K [0x00000000eab00000, 0x00000000eae00000, 0x0000000100000000)
  eden space 512K, 0% used [0x00000000eab00000,0x00000000eab00000,0x00000000eab80000)
  from space 512K, 37% used [0x00000000ead80000,0x00000000eadb0000,0x00000000eae00000)
  to   space 1024K, 0% used [0x00000000eac00000,0x00000000eac00000,0x00000000ead00000)
 ParOldGen       total 104448K, used 80610K [0x00000000c0000000, 0x00000000c6600000, 0x00000000eab00000)
  object space 104448K, 77% used [0x00000000c0000000,0x00000000c4eb8b10,0x00000000c6600000)
 Metaspace       used 80062K, committed 81472K, reserved 1179648K
  class space    used 8186K, committed 8896K, reserved 1048576K
}
Event: 124.251 GC heap before
{Heap before GC invocations=226 (full 8):
 PSYoungGen      total 1024K, used 703K [0x00000000eab00000, 0x00000000eae00000, 0x0000000100000000)
  eden space 512K, 99% used [0x00000000eab00000,0x00000000eab7ffe8,0x00000000eab80000)
  from space 512K, 37% used [0x00000000ead80000,0x00000000eadb0000,0x00000000eae00000)
  to   space 1024K, 0% used [0x00000000eac00000,0x00000000eac00000,0x00000000ead00000)
 ParOldGen       total 104448K, used 80610K [0x00000000c0000000, 0x00000000c6600000, 0x00000000eab00000)
  object space 104448K, 77% used [0x00000000c0000000,0x00000000c4eb8b10,0x00000000c6600000)
 Metaspace       used 80062K, committed 81472K, reserved 1179648K
  class space    used 8186K, committed 8896K, reserved 1048576K
}
Event: 124.253 GC heap after
{Heap after GC invocations=226 (full 8):
 PSYoungGen      total 2048K, used 160K [0x00000000eab00000, 0x00000000eae00000, 0x0000000100000000)
  eden space 1024K, 0% used [0x00000000eab00000,0x00000000eab00000,0x00000000eac00000)
  from space 1024K, 15% used [0x00000000eac00000,0x00000000eac28000,0x00000000ead00000)
  to   space 512K, 0% used [0x00000000ead80000,0x00000000ead80000,0x00000000eae00000)
 ParOldGen       total 104448K, used 80610K [0x00000000c0000000, 0x00000000c6600000, 0x00000000eab00000)
  object space 104448K, 77% used [0x00000000c0000000,0x00000000c4eb8b10,0x00000000c6600000)
 Metaspace       used 80062K, committed 81472K, reserved 1179648K
  class space    used 8186K, committed 8896K, reserved 1048576K
}
Event: 124.291 GC heap before
{Heap before GC invocations=227 (full 8):
 PSYoungGen      total 2048K, used 1184K [0x00000000eab00000, 0x00000000eae00000, 0x0000000100000000)
  eden space 1024K, 100% used [0x00000000eab00000,0x00000000eac00000,0x00000000eac00000)
  from space 1024K, 15% used [0x00000000eac00000,0x00000000eac28000,0x00000000ead00000)
  to   space 512K, 0% used [0x00000000ead80000,0x00000000ead80000,0x00000000eae00000)
 ParOldGen       total 104448K, used 80610K [0x00000000c0000000, 0x00000000c6600000, 0x00000000eab00000)
  object space 104448K, 77% used [0x00000000c0000000,0x00000000c4eb8b10,0x00000000c6600000)
 Metaspace       used 80062K, committed 81472K, reserved 1179648K
  class space    used 8186K, committed 8896K, reserved 1048576K
}
Event: 124.292 GC heap after
{Heap after GC invocations=227 (full 8):
 PSYoungGen      total 1536K, used 256K [0x00000000eab00000, 0x00000000eae00000, 0x0000000100000000)
  eden space 1024K, 0% used [0x00000000eab00000,0x00000000eab00000,0x00000000eac00000)
  from space 512K, 50% used [0x00000000ead80000,0x00000000eadc0000,0x00000000eae00000)
  to   space 512K, 0% used [0x00000000ead00000,0x00000000ead00000,0x00000000ead80000)
 ParOldGen       total 104448K, used 80610K [0x00000000c0000000, 0x00000000c6600000, 0x00000000eab00000)
  object space 104448K, 77% used [0x00000000c0000000,0x00000000c4eb8b10,0x00000000c6600000)
 Metaspace       used 80062K, committed 81472K, reserved 1179648K
  class space    used 8186K, committed 8896K, reserved 1048576K
}
Event: 124.302 GC heap before
{Heap before GC invocations=228 (full 8):
 PSYoungGen      total 1536K, used 1279K [0x00000000eab00000, 0x00000000eae00000, 0x0000000100000000)
  eden space 1024K, 99% used [0x00000000eab00000,0x00000000eabffc70,0x00000000eac00000)
  from space 512K, 50% used [0x00000000ead80000,0x00000000eadc0000,0x00000000eae00000)
  to   space 512K, 0% used [0x00000000ead00000,0x00000000ead00000,0x00000000ead80000)
 ParOldGen       total 104448K, used 80610K [0x00000000c0000000, 0x00000000c6600000, 0x00000000eab00000)
  object space 104448K, 77% used [0x00000000c0000000,0x00000000c4eb8b10,0x00000000c6600000)
 Metaspace       used 80065K, committed 81536K, reserved 1179648K
  class space    used 8186K, committed 8896K, reserved 1048576K
}
Event: 124.304 GC heap after
{Heap after GC invocations=228 (full 8):
 PSYoungGen      total 1536K, used 272K [0x00000000eab00000, 0x00000000eae00000, 0x0000000100000000)
  eden space 1024K, 0% used [0x00000000eab00000,0x00000000eab00000,0x00000000eac00000)
  from space 512K, 53% used [0x00000000ead00000,0x00000000ead44010,0x00000000ead80000)
  to   space 512K, 0% used [0x00000000ead80000,0x00000000ead80000,0x00000000eae00000)
 ParOldGen       total 104448K, used 80610K [0x00000000c0000000, 0x00000000c6600000, 0x00000000eab00000)
  object space 104448K, 77% used [0x00000000c0000000,0x00000000c4eb8b10,0x00000000c6600000)
 Metaspace       used 80065K, committed 81536K, reserved 1179648K
  class space    used 8186K, committed 8896K, reserved 1048576K
}
Event: 128.481 GC heap before
{Heap before GC invocations=229 (full 8):
 PSYoungGen      total 1536K, used 1296K [0x00000000eab00000, 0x00000000eae00000, 0x0000000100000000)
  eden space 1024K, 100% used [0x00000000eab00000,0x00000000eac00000,0x00000000eac00000)
  from space 512K, 53% used [0x00000000ead00000,0x00000000ead44010,0x00000000ead80000)
  to   space 512K, 0% used [0x00000000ead80000,0x00000000ead80000,0x00000000eae00000)
 ParOldGen       total 104448K, used 82010K [0x00000000c0000000, 0x00000000c6600000, 0x00000000eab00000)
  object space 104448K, 78% used [0x00000000c0000000,0x00000000c5016b10,0x00000000c6600000)
 Metaspace       used 80066K, committed 81536K, reserved 1179648K
  class space    used 8186K, committed 8896K, reserved 1048576K
}
Event: 128.487 GC heap after
{Heap after GC invocations=229 (full 8):
 PSYoungGen      total 1536K, used 512K [0x00000000eab00000, 0x00000000eae00000, 0x0000000100000000)
  eden space 1024K, 0% used [0x00000000eab00000,0x00000000eab00000,0x00000000eac00000)
  from space 512K, 100% used [0x00000000ead80000,0x00000000eae00000,0x00000000eae00000)
  to   space 1024K, 0% used [0x00000000eac00000,0x00000000eac00000,0x00000000ead00000)
 ParOldGen       total 104448K, used 82066K [0x00000000c0000000, 0x00000000c6600000, 0x00000000eab00000)
  object space 104448K, 78% used [0x00000000c0000000,0x00000000c5024b10,0x00000000c6600000)
 Metaspace       used 80066K, committed 81536K, reserved 1179648K
  class space    used 8186K, committed 8896K, reserved 1048576K
}
Event: 128.650 GC heap before
{Heap before GC invocations=230 (full 8):
 PSYoungGen      total 1536K, used 1536K [0x00000000eab00000, 0x00000000eae00000, 0x0000000100000000)
  eden space 1024K, 100% used [0x00000000eab00000,0x00000000eac00000,0x00000000eac00000)
  from space 512K, 100% used [0x00000000ead80000,0x00000000eae00000,0x00000000eae00000)
  to   space 1024K, 0% used [0x00000000eac00000,0x00000000eac00000,0x00000000ead00000)
 ParOldGen       total 104448K, used 82066K [0x00000000c0000000, 0x00000000c6600000, 0x00000000eab00000)
  object space 104448K, 78% used [0x00000000c0000000,0x00000000c5024b10,0x00000000c6600000)
 Metaspace       used 80066K, committed 81536K, reserved 1179648K
  class space    used 8186K, committed 8896K, reserved 1048576K
}
Event: 128.807 GC heap after
{Heap after GC invocations=230 (full 8):
 PSYoungGen      total 2048K, used 1018K [0x00000000eab00000, 0x00000000eae00000, 0x0000000100000000)
  eden space 1024K, 0% used [0x00000000eab00000,0x00000000eab00000,0x00000000eac00000)
  from space 1024K, 99% used [0x00000000eac00000,0x00000000eacfe900,0x00000000ead00000)
  to   space 512K, 0% used [0x00000000ead80000,0x00000000ead80000,0x00000000eae00000)
 ParOldGen       total 104448K, used 82274K [0x00000000c0000000, 0x00000000c6600000, 0x00000000eab00000)
  object space 104448K, 78% used [0x00000000c0000000,0x00000000c5058b10,0x00000000c6600000)
 Metaspace       used 80066K, committed 81536K, reserved 1179648K
  class space    used 8186K, committed 8896K, reserved 1048576K
}

Dll operation events (10 events):
Event: 0.036 Loaded shared library c:\Users\holar\.vscode\extensions\redhat.java-1.32.0-win32-x64\jre\17.0.11-win32-x86_64\bin\java.dll
Event: 0.726 Loaded shared library c:\Users\holar\.vscode\extensions\redhat.java-1.32.0-win32-x64\jre\17.0.11-win32-x86_64\bin\zip.dll
Event: 0.738 Loaded shared library C:\Users\holar\.vscode\extensions\redhat.java-1.32.0-win32-x64\jre\17.0.11-win32-x86_64\bin\instrument.dll
Event: 0.783 Loaded shared library C:\Users\holar\.vscode\extensions\redhat.java-1.32.0-win32-x64\jre\17.0.11-win32-x86_64\bin\net.dll
Event: 0.786 Loaded shared library C:\Users\holar\.vscode\extensions\redhat.java-1.32.0-win32-x64\jre\17.0.11-win32-x86_64\bin\nio.dll
Event: 0.804 Loaded shared library C:\Users\holar\.vscode\extensions\redhat.java-1.32.0-win32-x64\jre\17.0.11-win32-x86_64\bin\zip.dll
Event: 0.868 Loaded shared library C:\Users\holar\.vscode\extensions\redhat.java-1.32.0-win32-x64\jre\17.0.11-win32-x86_64\bin\jimage.dll
Event: 1.051 Loaded shared library c:\Users\holar\.vscode\extensions\redhat.java-1.32.0-win32-x64\jre\17.0.11-win32-x86_64\bin\verify.dll
Event: 6.018 Loaded shared library C:\Users\holar\AppData\Roaming\Code\User\globalStorage\redhat.java\1.32.0\config_win\org.eclipse.equinox.launcher\org.eclipse.equinox.launcher.win32.win32.x86_64_1.2.1100.v20240613-2013\eclipse_11903.dll
Event: 26.559 Loaded shared library C:\Users\holar\AppData\Local\Temp\jna-69907222\jna10531872365072544579.dll

Deoptimization events (20 events):
Event: 115.484 Thread 0x0000016596359de0 DEOPT PACKING pc=0x00000165882de644 sp=0x000000543f0fd290
Event: 115.484 Thread 0x0000016596359de0 DEOPT UNPACKING pc=0x00000165875866a3 sp=0x000000543f0fd1f8 mode 2
Event: 116.352 Thread 0x0000016596357f80 Uncommon trap: trap_request=0xffffffe4 fr.pc=0x000001658826855c relative=0x000000000000097c
Event: 116.352 Thread 0x0000016596357f80 Uncommon trap: reason=range_check action=make_not_entrant pc=0x000001658826855c method=org.eclipse.jdt.internal.compiler.parser.Scanner.pushLineSeparator()V @ 104 c2
Event: 116.352 Thread 0x0000016596357f80 DEOPT PACKING pc=0x000001658826855c sp=0x000000543f2fe6b0
Event: 116.352 Thread 0x0000016596357f80 DEOPT UNPACKING pc=0x00000165875866a3 sp=0x000000543f2fe5b0 mode 2
Event: 120.024 Thread 0x0000016595da5ea0 DEOPT PACKING pc=0x00000165818304e8 sp=0x000000543dffefc0
Event: 120.024 Thread 0x0000016595da5ea0 DEOPT UNPACKING pc=0x0000016587586e43 sp=0x000000543dffe498 mode 0
Event: 123.961 Thread 0x0000016596359de0 Uncommon trap: trap_request=0xffffffc6 fr.pc=0x00000165881d5464 relative=0x00000000000006c4
Event: 123.961 Thread 0x0000016596359de0 Uncommon trap: reason=bimorphic_or_optimized_type_check action=maybe_recompile pc=0x00000165881d5464 method=org.eclipse.jdt.internal.compiler.parser.Parser.consumeRule(I)V @ 4282 c2
Event: 123.963 Thread 0x0000016596359de0 DEOPT PACKING pc=0x00000165881d5464 sp=0x000000543f0fd7a0
Event: 123.963 Thread 0x0000016596359de0 DEOPT UNPACKING pc=0x00000165875866a3 sp=0x000000543f0fd730 mode 2
Event: 123.968 Thread 0x0000016596359de0 Uncommon trap: trap_request=0xffffffc6 fr.pc=0x00000165881d5698 relative=0x00000000000008f8
Event: 123.968 Thread 0x0000016596359de0 Uncommon trap: reason=bimorphic_or_optimized_type_check action=maybe_recompile pc=0x00000165881d5698 method=org.eclipse.jdt.internal.compiler.parser.Parser.consumeRule(I)V @ 7832 c2
Event: 123.968 Thread 0x0000016596359de0 DEOPT PACKING pc=0x00000165881d5698 sp=0x000000543f0fd7a0
Event: 123.969 Thread 0x0000016596359de0 DEOPT UNPACKING pc=0x00000165875866a3 sp=0x000000543f0fd730 mode 2
Event: 123.972 Thread 0x0000016596359de0 Uncommon trap: trap_request=0xffffffc6 fr.pc=0x00000165881d5658 relative=0x00000000000008b8
Event: 123.972 Thread 0x0000016596359de0 Uncommon trap: reason=bimorphic_or_optimized_type_check action=maybe_recompile pc=0x00000165881d5658 method=org.eclipse.jdt.internal.compiler.parser.Parser.consumeRule(I)V @ 7116 c2
Event: 123.973 Thread 0x0000016596359de0 DEOPT PACKING pc=0x00000165881d5658 sp=0x000000543f0fd7a0
Event: 123.973 Thread 0x0000016596359de0 DEOPT UNPACKING pc=0x00000165875866a3 sp=0x000000543f0fd730 mode 2

Classes unloaded (12 events):
Event: 20.875 Thread 0x00000165fee180d0 Unloading class 0x0000000100252400 'java/lang/invoke/LambdaForm$MH+0x0000000100252400'
Event: 20.875 Thread 0x00000165fee180d0 Unloading class 0x0000000100252000 'java/lang/invoke/LambdaForm$MH+0x0000000100252000'
Event: 20.875 Thread 0x00000165fee180d0 Unloading class 0x0000000100251c00 'java/lang/invoke/LambdaForm$MH+0x0000000100251c00'
Event: 20.875 Thread 0x00000165fee180d0 Unloading class 0x0000000100251800 'java/lang/invoke/LambdaForm$MH+0x0000000100251800'
Event: 20.875 Thread 0x00000165fee180d0 Unloading class 0x0000000100251400 'java/lang/invoke/LambdaForm$BMH+0x0000000100251400'
Event: 20.875 Thread 0x00000165fee180d0 Unloading class 0x0000000100251000 'java/lang/invoke/LambdaForm$DMH+0x0000000100251000'
Event: 20.875 Thread 0x00000165fee180d0 Unloading class 0x000000010024c400 'java/lang/invoke/LambdaForm$DMH+0x000000010024c400'
Event: 69.226 Thread 0x00000165fee180d0 Unloading class 0x000000010078a000 'java/lang/invoke/LambdaForm$DMH+0x000000010078a000'
Event: 69.226 Thread 0x00000165fee180d0 Unloading class 0x000000010073d800 'java/lang/invoke/LambdaForm$MH+0x000000010073d800'
Event: 69.226 Thread 0x00000165fee180d0 Unloading class 0x000000010073d400 'java/lang/invoke/LambdaForm$MH+0x000000010073d400'
Event: 69.226 Thread 0x00000165fee180d0 Unloading class 0x000000010073cc00 'java/lang/invoke/LambdaForm$DMH+0x000000010073cc00'
Event: 69.226 Thread 0x00000165fee180d0 Unloading class 0x000000010073c800 'java/lang/invoke/LambdaForm$DMH+0x000000010073c800'

Classes redefined (0 events):
No events

Internal exceptions (20 events):
Event: 97.114 Thread 0x0000016596355700 Exception <a 'java/lang/ArrayIndexOutOfBoundsException'{0x00000000eb075f88}: Index 357 out of bounds for length 356> (0x00000000eb075f88) 
thrown [s\src\hotspot\share\interpreter\interpreterRuntime.cpp, line 428]
Event: 99.997 Thread 0x0000016595da5ea0 Exception <a 'sun/nio/fs/WindowsException'{0x00000000eabbd448}> (0x00000000eabbd448) 
thrown [s\src\hotspot\share\prims\jni.cpp, line 516]
Event: 103.059 Thread 0x0000016596355c10 Exception <a 'java/lang/ArrayIndexOutOfBoundsException'{0x00000000eb379f50}> (0x00000000eb379f50) 
thrown [s\src\hotspot\share\runtime\sharedRuntime.cpp, line 631]
Event: 104.916 Thread 0x0000016595da5ea0 Exception <a 'sun/nio/fs/WindowsException'{0x00000000eb021450}> (0x00000000eb021450) 
thrown [s\src\hotspot\share\prims\jni.cpp, line 516]
Event: 107.156 Thread 0x0000016596355c10 Exception <a 'java/lang/ArrayIndexOutOfBoundsException'{0x00000000ead827b8}: Index 337 out of bounds for length 337> (0x00000000ead827b8) 
thrown [s\src\hotspot\share\interpreter\interpreterRuntime.cpp, line 428]
Event: 107.156 Thread 0x0000016596355c10 Exception <a 'java/lang/ArrayIndexOutOfBoundsException'{0x00000000ead82de0}: Index 337 out of bounds for length 337> (0x00000000ead82de0) 
thrown [s\src\hotspot\share\interpreter\interpreterRuntime.cpp, line 428]
Event: 107.156 Thread 0x0000016596355c10 Exception <a 'java/lang/ArrayIndexOutOfBoundsException'{0x00000000ead833b8}: Index 338 out of bounds for length 337> (0x00000000ead833b8) 
thrown [s\src\hotspot\share\interpreter\interpreterRuntime.cpp, line 428]
Event: 108.172 Thread 0x0000016596355c10 Exception <a 'java/lang/ArrayIndexOutOfBoundsException'{0x00000000eae97660}: Index 343 out of bounds for length 343> (0x00000000eae97660) 
thrown [s\src\hotspot\share\interpreter\interpreterRuntime.cpp, line 428]
Event: 108.172 Thread 0x0000016596355c10 Exception <a 'java/lang/ArrayIndexOutOfBoundsException'{0x00000000eae97c88}: Index 343 out of bounds for length 343> (0x00000000eae97c88) 
thrown [s\src\hotspot\share\interpreter\interpreterRuntime.cpp, line 428]
Event: 108.172 Thread 0x0000016596355c10 Exception <a 'java/lang/ArrayIndexOutOfBoundsException'{0x00000000eae98008}: Index 344 out of bounds for length 343> (0x00000000eae98008) 
thrown [s\src\hotspot\share\interpreter\interpreterRuntime.cpp, line 428]
Event: 109.574 Thread 0x0000016596355c10 Exception <a 'java/lang/ArrayIndexOutOfBoundsException'{0x00000000eae64f98}> (0x00000000eae64f98) 
thrown [s\src\hotspot\share\runtime\sharedRuntime.cpp, line 631]
Event: 109.574 Thread 0x0000016596355c10 Exception <a 'java/lang/ArrayIndexOutOfBoundsException'{0x00000000eae655c0}> (0x00000000eae655c0) 
thrown [s\src\hotspot\share\runtime\sharedRuntime.cpp, line 631]
Event: 109.574 Thread 0x0000016596355c10 Exception <a 'java/lang/ArrayIndexOutOfBoundsException'{0x00000000eae65940}> (0x00000000eae65940) 
thrown [s\src\hotspot\share\runtime\sharedRuntime.cpp, line 631]
Event: 110.300 Thread 0x0000016596357f80 Exception <a 'java/lang/ArrayIndexOutOfBoundsException'{0x00000000eab6c440}> (0x00000000eab6c440) 
thrown [s\src\hotspot\share\runtime\sharedRuntime.cpp, line 631]
Event: 110.300 Thread 0x0000016596357f80 Exception <a 'java/lang/ArrayIndexOutOfBoundsException'{0x00000000eab6ca68}> (0x00000000eab6ca68) 
thrown [s\src\hotspot\share\runtime\sharedRuntime.cpp, line 631]
Event: 110.300 Thread 0x0000016596357f80 Exception <a 'java/lang/ArrayIndexOutOfBoundsException'{0x00000000eab6cde8}> (0x00000000eab6cde8) 
thrown [s\src\hotspot\share\runtime\sharedRuntime.cpp, line 631]
Event: 112.975 Thread 0x0000016596355c10 Exception <a 'java/lang/ArrayIndexOutOfBoundsException'{0x00000000eadcf2c8}> (0x00000000eadcf2c8) 
thrown [s\src\hotspot\share\runtime\sharedRuntime.cpp, line 631]
Event: 112.975 Thread 0x0000016596355c10 Exception <a 'java/lang/ArrayIndexOutOfBoundsException'{0x00000000eadcf8f0}> (0x00000000eadcf8f0) 
thrown [s\src\hotspot\share\runtime\sharedRuntime.cpp, line 631]
Event: 112.980 Thread 0x0000016596355c10 Exception <a 'java/lang/ArrayIndexOutOfBoundsException'{0x00000000eadcfc70}> (0x00000000eadcfc70) 
thrown [s\src\hotspot\share\runtime\sharedRuntime.cpp, line 631]
Event: 116.352 Thread 0x0000016596357f80 Exception <a 'java/lang/ArrayIndexOutOfBoundsException'{0x00000000eade4748}: Index 359 out of bounds for length 358> (0x00000000eade4748) 
thrown [s\src\hotspot\share\interpreter\interpreterRuntime.cpp, line 428]

VM Operations (20 events):
Event: 119.761 Executing VM operation: ParallelGCFailedAllocation done
Event: 120.026 Executing VM operation: ParallelGCFailedAllocation
Event: 120.028 Executing VM operation: ParallelGCFailedAllocation done
Event: 120.063 Executing VM operation: ParallelGCFailedAllocation
Event: 120.065 Executing VM operation: ParallelGCFailedAllocation done
Event: 120.109 Executing VM operation: ParallelGCFailedAllocation
Event: 124.168 Executing VM operation: ParallelGCFailedAllocation done
Event: 124.168 Executing VM operation: HandshakeAllThreads
Event: 124.185 Executing VM operation: HandshakeAllThreads done
Event: 124.185 Executing VM operation: ParallelGCFailedAllocation
Event: 124.189 Executing VM operation: ParallelGCFailedAllocation done
Event: 124.196 Executing VM operation: ParallelGCFailedAllocation
Event: 124.276 Executing VM operation: ParallelGCFailedAllocation done
Event: 124.291 Executing VM operation: ParallelGCFailedAllocation
Event: 124.292 Executing VM operation: ParallelGCFailedAllocation done
Event: 124.302 Executing VM operation: ParallelGCFailedAllocation
Event: 124.304 Executing VM operation: ParallelGCFailedAllocation done
Event: 124.688 Executing VM operation: ParallelGCFailedAllocation
Event: 128.505 Executing VM operation: ParallelGCFailedAllocation done
Event: 128.530 Executing VM operation: ParallelGCFailedAllocation

Events (20 events):
Event: 109.828 Thread 0x00000165fee7d760 flushing nmethod 0x000001658087c510
Event: 109.837 Thread 0x00000165fee7d760 flushing nmethod 0x0000016580e2de10
Event: 109.838 Thread 0x00000165fee7d760 flushing nmethod 0x0000016580f45d90
Event: 109.839 Thread 0x00000165fee7d760 flushing nmethod 0x0000016580fd1590
Event: 109.840 Thread 0x00000165fee7d760 flushing nmethod 0x0000016581047c90
Event: 109.840 Thread 0x00000165fee7d760 flushing nmethod 0x0000016581073890
Event: 109.845 Thread 0x00000165fee7d760 flushing nmethod 0x00000165813d2b10
Event: 109.845 Thread 0x00000165fee7d760 flushing nmethod 0x00000165813f6410
Event: 109.846 Thread 0x00000165fee7d760 flushing nmethod 0x00000165814e8810
Event: 109.847 Thread 0x00000165fee7d760 flushing nmethod 0x000001658152cd10
Event: 109.848 Thread 0x00000165fee7d760 flushing nmethod 0x00000165815cf810
Event: 109.848 Thread 0x00000165fee7d760 flushing nmethod 0x0000016581614f10
Event: 109.848 Thread 0x00000165fee7d760 flushing nmethod 0x0000016581615310
Event: 109.848 Thread 0x00000165fee7d760 flushing nmethod 0x000001658161df10
Event: 109.848 Thread 0x00000165fee7d760 flushing nmethod 0x000001658161ee90
Event: 109.852 Thread 0x00000165fee7d760 flushing nmethod 0x0000016581835a10
Event: 116.846 loading class jdk/internal/module/IllegalAccessLogger
Event: 116.847 loading class jdk/internal/module/IllegalAccessLogger done
Event: 116.849 Thread 0x0000016596ffe8b0 Thread added: 0x0000016596ffe8b0
Event: 116.908 Thread 0x0000016596ffe8b0 Thread exited: 0x0000016596ffe8b0


Dynamic libraries:
0x00007ff66df20000 - 0x00007ff66df2e000 	c:\Users\holar\.vscode\extensions\redhat.java-1.32.0-win32-x64\jre\17.0.11-win32-x86_64\bin\java.exe
0x00007ff8d9a90000 - 0x00007ff8d9c88000 	C:\WINDOWS\SYSTEM32\ntdll.dll
0x00007ff8d8fc0000 - 0x00007ff8d9081000 	C:\WINDOWS\System32\KERNEL32.DLL
0x00007ff8d7600000 - 0x00007ff8d78f6000 	C:\WINDOWS\System32\KERNELBASE.dll
0x00007ff8d79c0000 - 0x00007ff8d7ac0000 	C:\WINDOWS\System32\ucrtbase.dll
0x00007ff8d1a10000 - 0x00007ff8d1a27000 	c:\Users\holar\.vscode\extensions\redhat.java-1.32.0-win32-x64\jre\17.0.11-win32-x86_64\bin\jli.dll
0x00007ff8d9740000 - 0x00007ff8d98df000 	C:\WINDOWS\System32\USER32.dll
0x00007ff8d7290000 - 0x00007ff8d72b2000 	C:\WINDOWS\System32\win32u.dll
0x00007ff8d9710000 - 0x00007ff8d973b000 	C:\WINDOWS\System32\GDI32.dll
0x00007ff8d7170000 - 0x00007ff8d7287000 	C:\WINDOWS\System32\gdi32full.dll
0x00007ff8d74d0000 - 0x00007ff8d756d000 	C:\WINDOWS\System32\msvcp_win.dll
0x00007ff8c9eb0000 - 0x00007ff8c9ecb000 	c:\Users\holar\.vscode\extensions\redhat.java-1.32.0-win32-x64\jre\17.0.11-win32-x86_64\bin\VCRUNTIME140.dll
0x00007ff8c6590000 - 0x00007ff8c682a000 	C:\WINDOWS\WinSxS\amd64_microsoft.windows.common-controls_6595b64144ccf1df_6.0.19041.4355_none_60b8b9eb71f62e16\COMCTL32.dll
0x00007ff8d8950000 - 0x00007ff8d89ee000 	C:\WINDOWS\System32\msvcrt.dll
0x00007ff8d9a20000 - 0x00007ff8d9a4f000 	C:\WINDOWS\System32\IMM32.DLL
0x00007ff8d1450000 - 0x00007ff8d145c000 	c:\Users\holar\.vscode\extensions\redhat.java-1.32.0-win32-x64\jre\17.0.11-win32-x86_64\bin\vcruntime140_1.dll
0x00007ff89e4f0000 - 0x00007ff89e57d000 	c:\Users\holar\.vscode\extensions\redhat.java-1.32.0-win32-x64\jre\17.0.11-win32-x86_64\bin\msvcp140.dll
0x00007ff84f0c0000 - 0x00007ff84fd22000 	c:\Users\holar\.vscode\extensions\redhat.java-1.32.0-win32-x64\jre\17.0.11-win32-x86_64\bin\server\jvm.dll
0x00007ff8d98e0000 - 0x00007ff8d9990000 	C:\WINDOWS\System32\ADVAPI32.dll
0x00007ff8d8230000 - 0x00007ff8d82d0000 	C:\WINDOWS\System32\sechost.dll
0x00007ff8d89f0000 - 0x00007ff8d8b13000 	C:\WINDOWS\System32\RPCRT4.dll
0x00007ff8d7140000 - 0x00007ff8d7167000 	C:\WINDOWS\System32\bcrypt.dll
0x00007ff8d6f90000 - 0x00007ff8d6fdb000 	C:\WINDOWS\SYSTEM32\POWRPROF.dll
0x00007ff8c5520000 - 0x00007ff8c5547000 	C:\WINDOWS\SYSTEM32\WINMM.dll
0x00007ff8c6840000 - 0x00007ff8c684a000 	C:\WINDOWS\SYSTEM32\VERSION.dll
0x00007ff8c4cd0000 - 0x00007ff8c4cd9000 	C:\WINDOWS\SYSTEM32\WSOCK32.dll
0x00007ff8d91b0000 - 0x00007ff8d921b000 	C:\WINDOWS\System32\WS2_32.dll
0x00007ff8d6f70000 - 0x00007ff8d6f82000 	C:\WINDOWS\SYSTEM32\UMPDC.dll
0x00007ff8d5910000 - 0x00007ff8d5922000 	C:\WINDOWS\SYSTEM32\kernel.appcore.dll
0x00007ff8d09f0000 - 0x00007ff8d09fa000 	c:\Users\holar\.vscode\extensions\redhat.java-1.32.0-win32-x64\jre\17.0.11-win32-x86_64\bin\jimage.dll
0x00007ff8d4e00000 - 0x00007ff8d4fe4000 	C:\WINDOWS\SYSTEM32\DBGHELP.DLL
0x00007ff8ba000000 - 0x00007ff8ba034000 	C:\WINDOWS\SYSTEM32\dbgcore.DLL
0x00007ff8d7570000 - 0x00007ff8d75f2000 	C:\WINDOWS\System32\bcryptPrimitives.dll
0x00007ff8cb3e0000 - 0x00007ff8cb3ee000 	c:\Users\holar\.vscode\extensions\redhat.java-1.32.0-win32-x64\jre\17.0.11-win32-x86_64\bin\instrument.dll
0x00007ff8c9bf0000 - 0x00007ff8c9c15000 	c:\Users\holar\.vscode\extensions\redhat.java-1.32.0-win32-x64\jre\17.0.11-win32-x86_64\bin\java.dll
0x00007ff8c9e90000 - 0x00007ff8c9ea8000 	c:\Users\holar\.vscode\extensions\redhat.java-1.32.0-win32-x64\jre\17.0.11-win32-x86_64\bin\zip.dll
0x00007ff8d7ac0000 - 0x00007ff8d822c000 	C:\WINDOWS\System32\SHELL32.dll
0x00007ff8d5160000 - 0x00007ff8d58fd000 	C:\WINDOWS\SYSTEM32\windows.storage.dll
0x00007ff8d8510000 - 0x00007ff8d8863000 	C:\WINDOWS\System32\combase.dll
0x00007ff8d69b0000 - 0x00007ff8d69de000 	C:\WINDOWS\SYSTEM32\Wldp.dll
0x00007ff8d94a0000 - 0x00007ff8d956d000 	C:\WINDOWS\System32\OLEAUT32.dll
0x00007ff8d8460000 - 0x00007ff8d850d000 	C:\WINDOWS\System32\SHCORE.dll
0x00007ff8d96b0000 - 0x00007ff8d9705000 	C:\WINDOWS\System32\shlwapi.dll
0x00007ff8d7070000 - 0x00007ff8d7094000 	C:\WINDOWS\SYSTEM32\profapi.dll
0x00007ff8bc6f0000 - 0x00007ff8bc709000 	C:\Users\holar\.vscode\extensions\redhat.java-1.32.0-win32-x64\jre\17.0.11-win32-x86_64\bin\net.dll
0x00007ff8c8880000 - 0x00007ff8c898a000 	C:\WINDOWS\SYSTEM32\WINHTTP.dll
0x00007ff8d6790000 - 0x00007ff8d67fa000 	C:\WINDOWS\system32\mswsock.dll
0x00007ff8ba040000 - 0x00007ff8ba056000 	C:\Users\holar\.vscode\extensions\redhat.java-1.32.0-win32-x64\jre\17.0.11-win32-x86_64\bin\nio.dll
0x00007ff8c7720000 - 0x00007ff8c7730000 	c:\Users\holar\.vscode\extensions\redhat.java-1.32.0-win32-x64\jre\17.0.11-win32-x86_64\bin\verify.dll
0x00007ff8c9c40000 - 0x00007ff8c9c84000 	C:\Users\holar\AppData\Roaming\Code\User\globalStorage\redhat.java\1.32.0\config_win\org.eclipse.equinox.launcher\org.eclipse.equinox.launcher.win32.win32.x86_64_1.2.1100.v20240613-2013\eclipse_11903.dll
0x00007ff8d8330000 - 0x00007ff8d845b000 	C:\WINDOWS\System32\ole32.dll
0x00007ff8d69f0000 - 0x00007ff8d6a08000 	C:\WINDOWS\SYSTEM32\CRYPTSP.dll
0x00007ff8d60d0000 - 0x00007ff8d6104000 	C:\WINDOWS\system32\rsaenh.dll
0x00007ff8d7020000 - 0x00007ff8d704e000 	C:\WINDOWS\SYSTEM32\USERENV.dll
0x00007ff8d6920000 - 0x00007ff8d692c000 	C:\WINDOWS\SYSTEM32\CRYPTBASE.dll
0x00007ff8d6490000 - 0x00007ff8d64cb000 	C:\WINDOWS\SYSTEM32\IPHLPAPI.DLL
0x00007ff8d9a10000 - 0x00007ff8d9a18000 	C:\WINDOWS\System32\NSI.dll
0x00007ff8cd450000 - 0x00007ff8cd467000 	C:\WINDOWS\SYSTEM32\dhcpcsvc6.DLL
0x00007ff8ce260000 - 0x00007ff8ce27d000 	C:\WINDOWS\SYSTEM32\dhcpcsvc.DLL
0x00007ff8d64d0000 - 0x00007ff8d659a000 	C:\WINDOWS\SYSTEM32\DNSAPI.dll
0x00007ff8a3dc0000 - 0x00007ff8a3e05000 	C:\Users\holar\AppData\Local\Temp\jna-69907222\jna10531872365072544579.dll
0x00007ff8d9430000 - 0x00007ff8d9438000 	C:\WINDOWS\System32\PSAPI.DLL
0x00007ff8d61f0000 - 0x00007ff8d6223000 	C:\WINDOWS\SYSTEM32\ntmarta.dll

dbghelp: loaded successfully - version: 4.0.5 - missing functions: none
symbol engine: initialized successfully - sym options: 0x614 - pdb path: .;c:\Users\holar\.vscode\extensions\redhat.java-1.32.0-win32-x64\jre\17.0.11-win32-x86_64\bin;C:\WINDOWS\SYSTEM32;C:\WINDOWS\WinSxS\amd64_microsoft.windows.common-controls_6595b64144ccf1df_6.0.19041.4355_none_60b8b9eb71f62e16;c:\Users\holar\.vscode\extensions\redhat.java-1.32.0-win32-x64\jre\17.0.11-win32-x86_64\bin\server;C:\Users\holar\AppData\Roaming\Code\User\globalStorage\redhat.java\1.32.0\config_win\org.eclipse.equinox.launcher\org.eclipse.equinox.launcher.win32.win32.x86_64_1.2.1100.v20240613-2013;C:\Users\holar\AppData\Local\Temp\jna-69907222

VM Arguments:
jvm_args: --add-modules=ALL-SYSTEM --add-opens=java.base/java.util=ALL-UNNAMED --add-opens=java.base/java.lang=ALL-UNNAMED --add-opens=java.base/sun.nio.fs=ALL-UNNAMED -Declipse.application=org.eclipse.jdt.ls.core.id1 -Dosgi.bundles.defaultStartLevel=4 -Declipse.product=org.eclipse.jdt.ls.core.product -Djava.import.generatesMetadataFilesAtProjectRoot=false -DDetectVMInstallationsJob.disabled=true -Dfile.encoding=utf8 -XX:+UseParallelGC -XX:GCTimeRatio=4 -XX:AdaptiveSizePolicyWeight=90 -Dsun.zip.disableMemoryMapping=true -Xmx1G -Xms100m -Xlog:disable -javaagent:c:\Users\holar\.vscode\extensions\redhat.java-1.32.0-win32-x64\lombok\lombok-1.18.33.jar -XX:+HeapDumpOnOutOfMemoryError -XX:HeapDumpPath=c:\Users\holar\AppData\Roaming\Code\User\workspaceStorage\86730f4890879325f6a557beb621e666\redhat.java -Daether.dependencyCollector.impl=bf 
java_command: c:\Users\holar\.vscode\extensions\redhat.java-1.32.0-win32-x64\server\plugins\org.eclipse.equinox.launcher_1.6.900.v20240613-2009.jar -configuration c:\Users\holar\AppData\Roaming\Code\User\globalStorage\redhat.java\1.32.0\config_win -data c:\Users\holar\AppData\Roaming\Code\User\workspaceStorage\86730f4890879325f6a557beb621e666\redhat.java\jdt_ws --pipe=\\.\pipe\lsp-4a0ca900aeeb1e2d17a3e3ac8bd08f9d-sock
java_class_path (initial): c:\Users\holar\.vscode\extensions\redhat.java-1.32.0-win32-x64\server\plugins\org.eclipse.equinox.launcher_1.6.900.v20240613-2009.jar
Launcher Type: SUN_STANDARD

[Global flags]
    uintx AdaptiveSizePolicyWeight                 = 90                                        {product} {command line}
     intx CICompilerCount                          = 3                                         {product} {ergonomic}
    uintx GCTimeRatio                              = 4                                         {product} {command line}
     bool HeapDumpOnOutOfMemoryError               = true                                   {manageable} {command line}
    ccstr HeapDumpPath                             = c:\Users\holar\AppData\Roaming\Code\User\workspaceStorage\86730f4890879325f6a557beb621e666\redhat.java         {manageable} {command line}
   size_t InitialHeapSize                          = 104857600                                 {product} {command line}
   size_t MaxHeapSize                              = 1073741824                                {product} {command line}
   size_t MaxNewSize                               = 357564416                                 {product} {ergonomic}
   size_t MinHeapDeltaBytes                        = 524288                                    {product} {ergonomic}
   size_t MinHeapSize                              = 104857600                                 {product} {command line}
   size_t NewSize                                  = 34603008                                  {product} {ergonomic}
    uintx NonNMethodCodeHeapSize                   = 5832780                                {pd product} {ergonomic}
    uintx NonProfiledCodeHeapSize                  = 122912730                              {pd product} {ergonomic}
   size_t OldSize                                  = 70254592                                  {product} {ergonomic}
    uintx ProfiledCodeHeapSize                     = 122912730                              {pd product} {ergonomic}
    uintx ReservedCodeCacheSize                    = 251658240                              {pd product} {ergonomic}
     bool SegmentedCodeCache                       = true                                      {product} {ergonomic}
   size_t SoftMaxHeapSize                          = 1073741824                             {manageable} {ergonomic}
     bool UseCompressedClassPointers               = true                           {product lp64_product} {ergonomic}
     bool UseCompressedOops                        = true                           {product lp64_product} {ergonomic}
     bool UseLargePagesIndividualAllocation        = false                                  {pd product} {ergonomic}
     bool UseParallelGC                            = true                                      {product} {command line}

Logging:
Log output configuration:
 #0: stdout all=off uptime,level,tags
 #1: stderr all=off uptime,level,tags

Environment Variables:
PATH=C:\Users\holar\miniconda3\condabin;C:\Users\holar\bin;C:\Program Files\Git\mingw64\bin;C:\Program Files\Git\usr\local\bin;C:\Program Files\Git\usr\bin;C:\Program Files\Git\usr\bin;C:\Program Files\Git\mingw64\bin;C:\Program Files\Git\usr\bin;C:\Users\holar\bin;C:\Program Files\Common Files\Oracle\Java\javapath;C:\WINDOWS\system32;C:\WINDOWS;C:\WINDOWS\System32\Wbem;C:\WINDOWS\System32\WindowsPowerShell\v1.0;C:\WINDOWS\System32\OpenSSH;C:\Program Files\nodejs;C:\Program Files\Git\cmd;C:\Program Files\Docker\Docker\resources\bin;C:\Users\holar\AppData\Local\Microsoft\WindowsApps;C:\Users\holar\AppData\Local\Programs\Microsoft VS Code\bin;C:\Users\holar\AppData\Roaming\npm;C:\Program Files\PostgreSQL\16\bin;C:\Program Files\maven\apache-maven-3.9.6\bin;C:\Users\holar\Desktop\redis\Redis-x64-3.0.504;C:\Program Files\Git\usr\bin\vendor_perl;C:\Program Files\Git\usr\bin\core_perl
USERNAME=Holar
SHELL=C:\Program Files\Git\usr\bin\bash.exe
DISPLAY=needs-to-be-defined
LC_CTYPE=en_GB.UTF-8
TERM=xterm
TMPDIR=C:\Users\holar\AppData\Local\Temp
OS=Windows_NT
PROCESSOR_IDENTIFIER=Intel64 Family 6 Model 78 Stepping 3, GenuineIntel
TMP=C:\Users\holar\AppData\Local\Temp
TEMP=C:\Users\holar\AppData\Local\Temp



Periodic native trim disabled


---------------  S Y S T E M  ---------------

OS:
 Windows 10 , 64 bit Build 19041 (10.0.19041.4597)
OS uptime: 0 days 16:02 hours
Hyper-V role detected

CPU: total 4 (initial active 4) (2 cores per cpu, 2 threads per core) family 6 model 78 stepping 3 microcode 0xcc, cx8, cmov, fxsr, ht, mmx, 3dnowpref, sse, sse2, sse3, ssse3, sse4.1, sse4.2, popcnt, lzcnt, tsc, tscinvbit, avx, avx2, aes, erms, clmul, bmi1, bmi2, rtm, adx, fma, vzeroupper, clflush, clflushopt, hv
Processor Information for processor 0
  Max Mhz: 2304, Current Mhz: 2304, Mhz Limit: 2304
Processor Information for processor 1
  Max Mhz: 2304, Current Mhz: 2304, Mhz Limit: 2304
Processor Information for processor 2
  Max Mhz: 2304, Current Mhz: 2304, Mhz Limit: 2304
Processor Information for processor 3
  Max Mhz: 2304, Current Mhz: 1402, Mhz Limit: 2304

Memory: 4k page, system-wide physical 3984M (273M free)
TotalPageFile size 16272M (AvailPageFile size 193M)
current process WorkingSet (physical memory assigned to process): 219M, peak: 287M
current process commit charge ("private bytes"): 348M, peak: 414M

vm_info: OpenJDK 64-Bit Server VM (17.0.11+9) for windows-amd64 JRE (17.0.11+9), built on Apr 17 2024 06:07:48 by "admin" with MS VC++ 16.10 / 16.11 (VS2019)

END.
