#
# There is insufficient memory for the Java Runtime Environment to continue.
# Native memory allocation (malloc) failed to allocate 1127136 bytes. Error detail: Chunk::new
# Possible reasons:
#   The system is out of physical RAM or swap space
#   This process is running with CompressedOops enabled, and the Java Heap may be blocking the growth of the native heap
# Possible solutions:
#   Reduce memory load on the system
#   Increase physical memory or swap space
#   Check if swap backing store is full
#   Decrease Java heap size (-Xmx/-Xms)
#   Decrease number of Java threads
#   Decrease Java thread stack sizes (-Xss)
#   Set larger code cache with -XX:ReservedCodeCacheSize=
#   JVM is running with Unscaled Compressed Oops mode in which the Java heap is
#     placed in the first 4GB address space. The Java Heap base address is the
#     maximum limit for the native heap growth. Please use -XX:HeapBaseMinAddress
#     to set the Java Heap base and to place the Java Heap above 4GB virtual address.
# This output file may be truncated or incomplete.
#
#  Out of Memory Error (arena.cpp:191), pid=12108, tid=19236
#
# JRE version: OpenJDK Runtime Environment Temurin-17.0.11+9 (17.0.11+9) (build 17.0.11+9)
# Java VM: OpenJDK 64-Bit Server VM Temurin-17.0.11+9 (17.0.11+9, mixed mode, tiered, compressed oops, compressed class ptrs, parallel gc, windows-amd64)
# No core dump will be written. Minidumps are not enabled by default on client versions of Windows
#

---------------  S U M M A R Y ------------

Command Line: --add-modules=ALL-SYSTEM --add-opens=java.base/java.util=ALL-UNNAMED --add-opens=java.base/java.lang=ALL-UNNAMED --add-opens=java.base/sun.nio.fs=ALL-UNNAMED -Declipse.application=org.eclipse.jdt.ls.core.id1 -Dosgi.bundles.defaultStartLevel=4 -Declipse.product=org.eclipse.jdt.ls.core.product -Djava.import.generatesMetadataFilesAtProjectRoot=false -DDetectVMInstallationsJob.disabled=true -Dfile.encoding=utf8 -XX:+UseParallelGC -XX:GCTimeRatio=4 -XX:AdaptiveSizePolicyWeight=90 -Dsun.zip.disableMemoryMapping=true -Xmx1G -Xms100m -Xlog:disable -javaagent:c:\Users\holar\.vscode\extensions\redhat.java-1.32.0-win32-x64\lombok\lombok-1.18.33.jar -XX:+HeapDumpOnOutOfMemoryError -XX:HeapDumpPath=c:\Users\holar\AppData\Roaming\Code\User\workspaceStorage\86730f4890879325f6a557beb621e666\redhat.java -Daether.dependencyCollector.impl=bf c:\Users\holar\.vscode\extensions\redhat.java-1.32.0-win32-x64\server\plugins\org.eclipse.equinox.launcher_1.6.900.v20240613-2009.jar -configuration c:\Users\holar\AppData\Roaming\Code\User\globalStorage\redhat.java\1.32.0\config_win -data c:\Users\holar\AppData\Roaming\Code\User\workspaceStorage\86730f4890879325f6a557beb621e666\redhat.java\jdt_ws --pipe=\\.\pipe\lsp-a335f22a9db1ebf7c9e95cf77438e6e9-sock

Host: Intel(R) Core(TM) i3-6100U CPU @ 2.30GHz, 4 cores, 3G,  Windows 10 , 64 bit Build 19041 (10.0.19041.4597)
Time: Sat Jul  6 23:10:59 2024 W. Central Africa Standard Time elapsed time: 851.344934 seconds (0d 0h 14m 11s)

---------------  T H R E A D  ---------------

Current thread (0x000002142ba39b60):  JavaThread "C2 CompilerThread0" daemon [_thread_in_native, id=19236, stack(0x000000e925100000,0x000000e925200000)]


Current CompileTask:
C2: 851345 19013 % !   4       org.eclipse.jdt.internal.core.ClassFileInfo::generateMethodInfos @ 375 (750 bytes)

Stack: [0x000000e925100000,0x000000e925200000]
Native frames: (J=compiled Java code, j=interpreted, Vv=VM code, C=native code)
V  [jvm.dll+0x67d429]
V  [jvm.dll+0x834b7a]
V  [jvm.dll+0x83663e]
V  [jvm.dll+0x836ca3]
V  [jvm.dll+0x247dbf]
V  [jvm.dll+0xac534]
V  [jvm.dll+0xacb7c]
V  [jvm.dll+0x2af2cf]
V  [jvm.dll+0x5848b7]
V  [jvm.dll+0x222d82]
V  [jvm.dll+0x22317f]
V  [jvm.dll+0x21c2a0]
V  [jvm.dll+0x2197a1]
V  [jvm.dll+0x1a534d]
V  [jvm.dll+0x2295cd]
V  [jvm.dll+0x22779c]
V  [jvm.dll+0x7e9d07]
V  [jvm.dll+0x7e410a]
V  [jvm.dll+0x67c315]
C  [ucrtbase.dll+0x21bb2]
C  [KERNEL32.DLL+0x17374]
C  [ntdll.dll+0x4cc91]


---------------  P R O C E S S  ---------------

Threads class SMR info:
_java_thread_list=0x000002143c655490, length=39, elements={
0x0000021417bb51d0, 0x000002142b9f9740, 0x000002142b9faa50, 0x000002142ba31270,
0x000002142ba32000, 0x000002142ba35290, 0x000002142ba36e60, 0x000002142ba39b60,
0x0000021430bee0d0, 0x0000021430bf6600, 0x0000021430cada40, 0x0000021430efe110,
0x000002143139b5d0, 0x000002143179ea70, 0x0000021431770a40, 0x00000214319781f0,
0x00000214320d1330, 0x0000021430d595f0, 0x0000021430d5a520, 0x0000021430d5a010,
0x0000021430d586c0, 0x0000021430d590e0, 0x0000021432df4120, 0x0000021432df3c10,
0x0000021432df5a70, 0x0000021432df5f80, 0x0000021432df69a0, 0x0000021432df5560,
0x0000021432df3700, 0x0000021432df6490, 0x0000021433899300, 0x0000021433896a80,
0x0000021433896f90, 0x000002143389bb80, 0x00000214338988e0, 0x0000021433895640,
0x0000021433896060, 0x00000214338979b0, 0x00000214338974a0
}

Java Threads: ( => current thread )
  0x0000021417bb51d0 JavaThread "main" [_thread_blocked, id=3492, stack(0x000000e924800000,0x000000e924900000)]
  0x000002142b9f9740 JavaThread "Reference Handler" daemon [_thread_blocked, id=18520, stack(0x000000e924b00000,0x000000e924c00000)]
  0x000002142b9faa50 JavaThread "Finalizer" daemon [_thread_blocked, id=17896, stack(0x000000e924c00000,0x000000e924d00000)]
  0x000002142ba31270 JavaThread "Signal Dispatcher" daemon [_thread_blocked, id=4244, stack(0x000000e924d00000,0x000000e924e00000)]
  0x000002142ba32000 JavaThread "Attach Listener" daemon [_thread_blocked, id=12660, stack(0x000000e924e00000,0x000000e924f00000)]
  0x000002142ba35290 JavaThread "Service Thread" daemon [_thread_blocked, id=14904, stack(0x000000e924f00000,0x000000e925000000)]
  0x000002142ba36e60 JavaThread "Monitor Deflation Thread" daemon [_thread_blocked, id=15688, stack(0x000000e925000000,0x000000e925100000)]
=>0x000002142ba39b60 JavaThread "C2 CompilerThread0" daemon [_thread_in_native, id=19236, stack(0x000000e925100000,0x000000e925200000)]
  0x0000021430bee0d0 JavaThread "C1 CompilerThread0" daemon [_thread_blocked, id=19252, stack(0x000000e925200000,0x000000e925300000)]
  0x0000021430bf6600 JavaThread "Sweeper thread" daemon [_thread_blocked, id=8448, stack(0x000000e925300000,0x000000e925400000)]
  0x0000021430cada40 JavaThread "Common-Cleaner" daemon [_thread_blocked, id=15504, stack(0x000000e925400000,0x000000e925500000)]
  0x0000021430efe110 JavaThread "Notification Thread" daemon [_thread_blocked, id=15064, stack(0x000000e925500000,0x000000e925600000)]
  0x000002143139b5d0 JavaThread "Active Thread: Equinox Container: 38b0356f-9d03-4588-9f05-046d036b23f8" [_thread_blocked, id=17948, stack(0x000000e925a00000,0x000000e925b00000)]
  0x000002143179ea70 JavaThread "Framework Event Dispatcher: Equinox Container: 38b0356f-9d03-4588-9f05-046d036b23f8" daemon [_thread_blocked, id=17876, stack(0x000000e925b00000,0x000000e925c00000)]
  0x0000021431770a40 JavaThread "Start Level: Equinox Container: 38b0356f-9d03-4588-9f05-046d036b23f8" daemon [_thread_blocked, id=16876, stack(0x000000e925c00000,0x000000e925d00000)]
  0x00000214319781f0 JavaThread "Bundle File Closer" daemon [_thread_blocked, id=8956, stack(0x000000e925d00000,0x000000e925e00000)]
  0x00000214320d1330 JavaThread "SCR Component Actor" daemon [_thread_blocked, id=5524, stack(0x000000e925e00000,0x000000e925f00000)]
  0x0000021430d595f0 JavaThread "Worker-JM" [_thread_blocked, id=17424, stack(0x000000e926000000,0x000000e926100000)]
  0x0000021430d5a520 JavaThread "Worker-0" [_thread_blocked, id=7128, stack(0x000000e926100000,0x000000e926200000)]
  0x0000021430d5a010 JavaThread "Java indexing" daemon [_thread_in_native, id=2340, stack(0x000000e926400000,0x000000e926500000)]
  0x0000021430d586c0 JavaThread "JNA Cleaner" daemon [_thread_blocked, id=5080, stack(0x000000e926500000,0x000000e926600000)]
  0x0000021430d590e0 JavaThread "Thread-2" daemon [_thread_in_native, id=7588, stack(0x000000e926800000,0x000000e926900000)]
  0x0000021432df4120 JavaThread "Thread-3" daemon [_thread_in_native, id=18128, stack(0x000000e926900000,0x000000e926a00000)]
  0x0000021432df3c10 JavaThread "Thread-4" daemon [_thread_in_native, id=10916, stack(0x000000e926a00000,0x000000e926b00000)]
  0x0000021432df5a70 JavaThread "Thread-5" daemon [_thread_in_native, id=10868, stack(0x000000e926b00000,0x000000e926c00000)]
  0x0000021432df5f80 JavaThread "Thread-6" daemon [_thread_in_native, id=3844, stack(0x000000e926c00000,0x000000e926d00000)]
  0x0000021432df69a0 JavaThread "pool-2-thread-1" [_thread_blocked, id=3540, stack(0x000000e926d00000,0x000000e926e00000)]
  0x0000021432df5560 JavaThread "WorkspaceEventsHandler" [_thread_blocked, id=11000, stack(0x000000e926e00000,0x000000e926f00000)]
  0x0000021432df3700 JavaThread "pool-1-thread-1" [_thread_blocked, id=14028, stack(0x000000e926f00000,0x000000e927000000)]
  0x0000021432df6490 JavaThread "ForkJoinPool.commonPool-worker-3" daemon [_thread_in_Java, id=17688, stack(0x000000e927300000,0x000000e927400000)]
  0x0000021433899300 JavaThread "Cleaner-0" daemon [_thread_blocked, id=12060, stack(0x000000e924700000,0x000000e924800000)]
  0x0000021433896a80 JavaThread "ForkJoinPool.commonPool-worker-5" daemon [_thread_blocked, id=15676, stack(0x000000e924600000,0x000000e924700000)]
  0x0000021433896f90 JavaThread "ForkJoinPool.commonPool-worker-7" daemon [_thread_blocked, id=18544, stack(0x000000e926200000,0x000000e926300000)]
  0x000002143389bb80 JavaThread "Worker-9" [_thread_blocked, id=19140, stack(0x000000e926700000,0x000000e926800000)]
  0x00000214338988e0 JavaThread "ForkJoinPool.commonPool-worker-8" daemon [_thread_blocked, id=18040, stack(0x000000e927200000,0x000000e927300000)]
  0x0000021433895640 JavaThread "Worker-15: Building" [_thread_blocked, id=14292, stack(0x000000e925f00000,0x000000e926000000)]
  0x0000021433896060 JavaThread "Worker-16" [_thread_blocked, id=5088, stack(0x000000e926300000,0x000000e926400000)]
  0x00000214338979b0 JavaThread "Worker-17" [_thread_blocked, id=1552, stack(0x000000e926600000,0x000000e926700000)]
  0x00000214338974a0 JavaThread "Worker-18" [_thread_blocked, id=16404, stack(0x000000e927000000,0x000000e927100000)]

Other Threads:
  0x000002142b9deb50 VMThread "VM Thread" [stack: 0x000000e924a00000,0x000000e924b00000] [id=19304]
  0x0000021430efe5f0 WatcherThread [stack: 0x000000e925600000,0x000000e925700000] [id=2316]
  0x0000021417bc9e30 GCTaskThread "GC Thread#0" [stack: 0x000000e924900000,0x000000e924a00000] [id=7384]
  0x000002143134ba00 GCTaskThread "GC Thread#1" [stack: 0x000000e925700000,0x000000e925800000] [id=1836]
  0x0000021430f9d900 GCTaskThread "GC Thread#2" [stack: 0x000000e925800000,0x000000e925900000] [id=16320]
  0x0000021430f9dbc0 GCTaskThread "GC Thread#3" [stack: 0x000000e925900000,0x000000e925a00000] [id=13768]

Threads with active compile tasks:
C2 CompilerThread0   851461 19013 % !   4       org.eclipse.jdt.internal.core.ClassFileInfo::generateMethodInfos @ 375 (750 bytes)

VM state: not at safepoint (normal execution)

VM Mutex/Monitor currently owned by a thread: None

Heap address: 0x00000000c0000000, size: 1024 MB, Compressed Oops mode: 32-bit

CDS archive(s) not mapped
Compressed class space mapped at: 0x0000000100000000-0x0000000140000000, reserved size: 1073741824
Narrow klass base: 0x0000000000000000, Narrow klass shift: 3, Narrow klass range: 0x140000000

GC Precious Log:
 CPUs: 4 total, 4 available
 Memory: 3984M
 Large Page Support: Disabled
 NUMA Support: Disabled
 Compressed Oops: Enabled (32-bit)
 Alignments: Space 512K, Generation 512K, Heap 2M
 Heap Min Capacity: 100M
 Heap Initial Capacity: 100M
 Heap Max Capacity: 1G
 Pre-touch: Disabled
 Parallel Workers: 4

Heap:
 PSYoungGen      total 8192K, used 6459K [0x00000000eab00000, 0x00000000eb400000, 0x0000000100000000)
  eden space 7680K, 77% used [0x00000000eab00000,0x00000000eb0cee58,0x00000000eb280000)
  from space 512K, 100% used [0x00000000eb280000,0x00000000eb300000,0x00000000eb300000)
  to   space 512K, 0% used [0x00000000eb300000,0x00000000eb300000,0x00000000eb380000)
 ParOldGen       total 177152K, used 168416K [0x00000000c0000000, 0x00000000cad00000, 0x00000000eab00000)
  object space 177152K, 95% used [0x00000000c0000000,0x00000000ca478160,0x00000000cad00000)
 Metaspace       used 87643K, committed 89152K, reserved 1179648K
  class space    used 8874K, committed 9536K, reserved 1048576K

Card table byte_map: [0x0000021417570000,0x0000021417780000] _byte_map_base: 0x0000021416f70000

Marking Bits: (ParMarkBitMap*) 0x00007ff84fc5d820
 Begin Bits: [0x0000021429850000, 0x000002142a850000)
 End Bits:   [0x000002142a850000, 0x000002142b850000)

Polling page: 0x0000021415d40000

Metaspace:

Usage:
  Non-class:     76.92 MB used.
      Class:      8.67 MB used.
       Both:     85.59 MB used.

Virtual space:
  Non-class space:      128.00 MB reserved,      77.75 MB ( 61%) committed,  2 nodes.
      Class space:        1.00 GB reserved,       9.31 MB ( <1%) committed,  1 nodes.
             Both:        1.12 GB reserved,      87.06 MB (  8%) committed. 

Chunk freelists:
   Non-Class:  2.23 MB
       Class:  6.55 MB
        Both:  8.78 MB

MaxMetaspaceSize: unlimited
CompressedClassSpaceSize: 1.00 GB
Initial GC threshold: 21.00 MB
Current GC threshold: 145.00 MB
CDS: off
MetaspaceReclaimPolicy: balanced
 - commit_granule_bytes: 65536.
 - commit_granule_words: 8192.
 - virtual_space_node_default_size: 8388608.
 - enlarge_chunks_in_place: 1.
 - new_chunks_are_fully_committed: 0.
 - uncommit_free_chunks: 1.
 - use_allocation_guard: 0.
 - handle_deallocations: 1.


Internal statistics:

num_allocs_failed_limit: 9.
num_arena_births: 1102.
num_arena_deaths: 22.
num_vsnodes_births: 3.
num_vsnodes_deaths: 0.
num_space_committed: 1393.
num_space_uncommitted: 0.
num_chunks_returned_to_freelist: 33.
num_chunks_taken_from_freelist: 5158.
num_chunk_merges: 16.
num_chunk_splits: 3004.
num_chunks_enlarged: 1502.
num_inconsistent_stats: 0.

CodeHeap 'non-profiled nmethods': size=120000Kb used=13374Kb max_used=13773Kb free=106625Kb
 bounds [0x0000021422320000, 0x00000214230a0000, 0x0000021429850000]
CodeHeap 'profiled nmethods': size=120000Kb used=32885Kb max_used=34037Kb free=87114Kb
 bounds [0x000002141a850000, 0x000002141c9a0000, 0x0000021421d80000]
CodeHeap 'non-nmethods': size=5760Kb used=1412Kb max_used=1521Kb free=4347Kb
 bounds [0x0000021421d80000, 0x0000021421ff0000, 0x0000021422320000]
 total_blobs=15630 nmethods=14862 adapters=676
 compilation: enabled
              stopped_count=0, restarted_count=0
 full_count=0

Compilation events (20 events):
Event: 850.330 Thread 0x0000021430bee0d0 nmethod 19004 0x000002142278ed10 code [0x000002142278eea0, 0x000002142278ef78]
Event: 850.340 Thread 0x0000021430bee0d0 19005       3       org.apache.maven.plugin.internal.ReadOnlyPluginParametersValidator$$Lambda$808/0x0000000100885f80::test (8 bytes)
Event: 850.341 Thread 0x0000021430bee0d0 nmethod 19005 0x000002141b7f9810 code [0x000002141b7f99c0, 0x000002141b7f9c98]
Event: 850.341 Thread 0x0000021430bee0d0 19006       3       org.apache.maven.plugin.internal.ReadOnlyPluginParametersValidator::lambda$doValidate$0 (13 bytes)
Event: 850.341 Thread 0x0000021430bee0d0 nmethod 19006 0x000002141b523990 code [0x000002141b523b20, 0x000002141b523c98]
Event: 850.368 Thread 0x0000021430bee0d0 19007       1       org.apache.maven.shared.filtering.AbstractMavenFilteringRequest::getMavenSession (5 bytes)
Event: 850.369 Thread 0x0000021430bee0d0 nmethod 19007 0x00000214227b9e10 code [0x00000214227b9fa0, 0x00000214227ba078]
Event: 850.388 Thread 0x000002142ba39b60 19008       4       org.eclipse.jdt.internal.compiler.classfmt.FieldInfo::readModifierRelatedAttributes (162 bytes)
Event: 850.423 Thread 0x000002142ba39b60 nmethod 19008 0x00000214227b8a10 code [0x00000214227b8bc0, 0x00000214227b9978]
Event: 850.454 Thread 0x0000021430bee0d0 19009       3       org.eclipse.core.internal.dtree.DataDeltaNode::compareWithParent (78 bytes)
Event: 850.462 Thread 0x0000021430bee0d0 nmethod 19009 0x000002141bd2c090 code [0x000002141bd2c2a0, 0x000002141bd2ca68]
Event: 850.462 Thread 0x0000021430bee0d0 19010       3       org.eclipse.core.internal.dtree.AbstractDataTree::isRoot (11 bytes)
Event: 850.462 Thread 0x0000021430bee0d0 nmethod 19010 0x000002141abe7390 code [0x000002141abe7540, 0x000002141abe7718]
Event: 850.464 Thread 0x0000021430bee0d0 19011   !   3       org.eclipse.jdt.apt.core.internal.generatedfile.WorkingCopyCleanupListener::processElementDelta (154 bytes)
Event: 850.469 Thread 0x0000021430bee0d0 nmethod 19011 0x000002141b7d6a10 code [0x000002141b7d6d80, 0x000002141b7d89a8]
Event: 850.853 Thread 0x000002142ba39b60 19012       4       org.eclipse.jdt.internal.compiler.classfmt.InnerClassInfo::<init> (55 bytes)
Event: 850.857 Thread 0x000002142ba39b60 nmethod 19012 0x00000214227b8590 code [0x00000214227b8720, 0x00000214227b88f8]
Event: 850.857 Thread 0x000002142ba39b60 19013 % !   4       org.eclipse.jdt.internal.core.ClassFileInfo::generateMethodInfos @ 375 (750 bytes)
Event: 851.312 Thread 0x0000021430bee0d0 19014       3       org.codehaus.plexus.util.MatchPatterns::matches (49 bytes)
Event: 851.314 Thread 0x0000021430bee0d0 nmethod 19014 0x000002141b0bde10 code [0x000002141b0be020, 0x000002141b0be678]

GC Heap History (20 events):
Event: 849.759 GC heap before
{Heap before GC invocations=1377 (full 29):
 PSYoungGen      total 5120K, used 4680K [0x00000000eab00000, 0x00000000eb100000, 0x0000000100000000)
  eden space 4608K, 97% used [0x00000000eab00000,0x00000000eaf620b8,0x00000000eaf80000)
  from space 512K, 37% used [0x00000000eb000000,0x00000000eb030000,0x00000000eb080000)
  to   space 512K, 0% used [0x00000000eb080000,0x00000000eb080000,0x00000000eb100000)
 ParOldGen       total 165376K, used 142170K [0x00000000c0000000, 0x00000000ca180000, 0x00000000eab00000)
  object space 165376K, 85% used [0x00000000c0000000,0x00000000c8ad6928,0x00000000ca180000)
 Metaspace       used 87617K, committed 89088K, reserved 1179648K
  class space    used 8874K, committed 9536K, reserved 1048576K
}
Event: 849.761 GC heap after
{Heap after GC invocations=1377 (full 29):
 PSYoungGen      total 5120K, used 452K [0x00000000eab00000, 0x00000000eb100000, 0x0000000100000000)
  eden space 4608K, 0% used [0x00000000eab00000,0x00000000eab00000,0x00000000eaf80000)
  from space 512K, 88% used [0x00000000eb080000,0x00000000eb0f1210,0x00000000eb100000)
  to   space 512K, 0% used [0x00000000eb000000,0x00000000eb000000,0x00000000eb080000)
 ParOldGen       total 165376K, used 142306K [0x00000000c0000000, 0x00000000ca180000, 0x00000000eab00000)
  object space 165376K, 86% used [0x00000000c0000000,0x00000000c8af8928,0x00000000ca180000)
 Metaspace       used 87617K, committed 89088K, reserved 1179648K
  class space    used 8874K, committed 9536K, reserved 1048576K
}
Event: 849.795 GC heap before
{Heap before GC invocations=1378 (full 29):
 PSYoungGen      total 5120K, used 5060K [0x00000000eab00000, 0x00000000eb100000, 0x0000000100000000)
  eden space 4608K, 100% used [0x00000000eab00000,0x00000000eaf80000,0x00000000eaf80000)
  from space 512K, 88% used [0x00000000eb080000,0x00000000eb0f1210,0x00000000eb100000)
  to   space 512K, 0% used [0x00000000eb000000,0x00000000eb000000,0x00000000eb080000)
 ParOldGen       total 165376K, used 142306K [0x00000000c0000000, 0x00000000ca180000, 0x00000000eab00000)
  object space 165376K, 86% used [0x00000000c0000000,0x00000000c8af8928,0x00000000ca180000)
 Metaspace       used 87617K, committed 89088K, reserved 1179648K
  class space    used 8874K, committed 9536K, reserved 1048576K
}
Event: 849.821 GC heap after
{Heap after GC invocations=1378 (full 29):
 PSYoungGen      total 5632K, used 501K [0x00000000eab00000, 0x00000000eb580000, 0x0000000100000000)
  eden space 5120K, 0% used [0x00000000eab00000,0x00000000eab00000,0x00000000eb000000)
  from space 512K, 97% used [0x00000000eb000000,0x00000000eb07d430,0x00000000eb080000)
  to   space 2560K, 0% used [0x00000000eb300000,0x00000000eb300000,0x00000000eb580000)
 ParOldGen       total 165376K, used 143617K [0x00000000c0000000, 0x00000000ca180000, 0x00000000eab00000)
  object space 165376K, 86% used [0x00000000c0000000,0x00000000c8c406b0,0x00000000ca180000)
 Metaspace       used 87617K, committed 89088K, reserved 1179648K
  class space    used 8874K, committed 9536K, reserved 1048576K
}
Event: 849.923 GC heap before
{Heap before GC invocations=1379 (full 29):
 PSYoungGen      total 5632K, used 5174K [0x00000000eab00000, 0x00000000eb580000, 0x0000000100000000)
  eden space 5120K, 91% used [0x00000000eab00000,0x00000000eaf90760,0x00000000eb000000)
  from space 512K, 97% used [0x00000000eb000000,0x00000000eb07d430,0x00000000eb080000)
  to   space 2560K, 0% used [0x00000000eb300000,0x00000000eb300000,0x00000000eb580000)
 ParOldGen       total 165376K, used 143617K [0x00000000c0000000, 0x00000000ca180000, 0x00000000eab00000)
  object space 165376K, 86% used [0x00000000c0000000,0x00000000c8c406b0,0x00000000ca180000)
 Metaspace       used 87619K, committed 89088K, reserved 1179648K
  class space    used 8874K, committed 9536K, reserved 1048576K
}
Event: 849.929 GC heap after
{Heap after GC invocations=1379 (full 29):
 PSYoungGen      total 6656K, used 403K [0x00000000eab00000, 0x00000000eb380000, 0x0000000100000000)
  eden space 6144K, 0% used [0x00000000eab00000,0x00000000eab00000,0x00000000eb100000)
  from space 512K, 78% used [0x00000000eb300000,0x00000000eb364cd8,0x00000000eb380000)
  to   space 1024K, 0% used [0x00000000eb180000,0x00000000eb180000,0x00000000eb280000)
 ParOldGen       total 165376K, used 144001K [0x00000000c0000000, 0x00000000ca180000, 0x00000000eab00000)
  object space 165376K, 87% used [0x00000000c0000000,0x00000000c8ca06d0,0x00000000ca180000)
 Metaspace       used 87619K, committed 89088K, reserved 1179648K
  class space    used 8874K, committed 9536K, reserved 1048576K
}
Event: 850.082 GC heap before
{Heap before GC invocations=1380 (full 29):
 PSYoungGen      total 6656K, used 6040K [0x00000000eab00000, 0x00000000eb380000, 0x0000000100000000)
  eden space 6144K, 91% used [0x00000000eab00000,0x00000000eb081718,0x00000000eb100000)
  from space 512K, 78% used [0x00000000eb300000,0x00000000eb364cd8,0x00000000eb380000)
  to   space 1024K, 0% used [0x00000000eb180000,0x00000000eb180000,0x00000000eb280000)
 ParOldGen       total 165376K, used 144001K [0x00000000c0000000, 0x00000000ca180000, 0x00000000eab00000)
  object space 165376K, 87% used [0x00000000c0000000,0x00000000c8ca06d0,0x00000000ca180000)
 Metaspace       used 87619K, committed 89088K, reserved 1179648K
  class space    used 8874K, committed 9536K, reserved 1048576K
}
Event: 850.087 GC heap after
{Heap after GC invocations=1380 (full 29):
 PSYoungGen      total 7168K, used 128K [0x00000000eab00000, 0x00000000eb380000, 0x0000000100000000)
  eden space 6144K, 0% used [0x00000000eab00000,0x00000000eab00000,0x00000000eb100000)
  from space 1024K, 12% used [0x00000000eb180000,0x00000000eb1a0000,0x00000000eb280000)
  to   space 512K, 0% used [0x00000000eb300000,0x00000000eb300000,0x00000000eb380000)
 ParOldGen       total 165376K, used 144356K [0x00000000c0000000, 0x00000000ca180000, 0x00000000eab00000)
  object space 165376K, 87% used [0x00000000c0000000,0x00000000c8cf93a8,0x00000000ca180000)
 Metaspace       used 87619K, committed 89088K, reserved 1179648K
  class space    used 8874K, committed 9536K, reserved 1048576K
}
Event: 850.358 GC heap before
{Heap before GC invocations=1381 (full 29):
 PSYoungGen      total 7168K, used 6249K [0x00000000eab00000, 0x00000000eb380000, 0x0000000100000000)
  eden space 6144K, 99% used [0x00000000eab00000,0x00000000eb0fa650,0x00000000eb100000)
  from space 1024K, 12% used [0x00000000eb180000,0x00000000eb1a0000,0x00000000eb280000)
  to   space 512K, 0% used [0x00000000eb300000,0x00000000eb300000,0x00000000eb380000)
 ParOldGen       total 165376K, used 144356K [0x00000000c0000000, 0x00000000ca180000, 0x00000000eab00000)
  object space 165376K, 87% used [0x00000000c0000000,0x00000000c8cf93a8,0x00000000ca180000)
 Metaspace       used 87620K, committed 89088K, reserved 1179648K
  class space    used 8874K, committed 9536K, reserved 1048576K
}
Event: 850.361 GC heap after
{Heap after GC invocations=1381 (full 29):
 PSYoungGen      total 6656K, used 256K [0x00000000eab00000, 0x00000000eb380000, 0x0000000100000000)
  eden space 6144K, 0% used [0x00000000eab00000,0x00000000eab00000,0x00000000eb100000)
  from space 512K, 50% used [0x00000000eb300000,0x00000000eb340000,0x00000000eb380000)
  to   space 512K, 0% used [0x00000000eb280000,0x00000000eb280000,0x00000000eb300000)
 ParOldGen       total 165376K, used 144428K [0x00000000c0000000, 0x00000000ca180000, 0x00000000eab00000)
  object space 165376K, 87% used [0x00000000c0000000,0x00000000c8d0b3a8,0x00000000ca180000)
 Metaspace       used 87620K, committed 89088K, reserved 1179648K
  class space    used 8874K, committed 9536K, reserved 1048576K
}
Event: 850.455 GC heap before
{Heap before GC invocations=1382 (full 29):
 PSYoungGen      total 6656K, used 5403K [0x00000000eab00000, 0x00000000eb380000, 0x0000000100000000)
  eden space 6144K, 83% used [0x00000000eab00000,0x00000000eb006f60,0x00000000eb100000)
  from space 512K, 50% used [0x00000000eb300000,0x00000000eb340000,0x00000000eb380000)
  to   space 512K, 0% used [0x00000000eb280000,0x00000000eb280000,0x00000000eb300000)
 ParOldGen       total 165376K, used 163628K [0x00000000c0000000, 0x00000000ca180000, 0x00000000eab00000)
  object space 165376K, 98% used [0x00000000c0000000,0x00000000c9fcb3c8,0x00000000ca180000)
 Metaspace       used 87620K, committed 89088K, reserved 1179648K
  class space    used 8874K, committed 9536K, reserved 1048576K
}
Event: 850.460 GC heap after
{Heap after GC invocations=1382 (full 29):
 PSYoungGen      total 6656K, used 504K [0x00000000eab00000, 0x00000000eb400000, 0x0000000100000000)
  eden space 6144K, 0% used [0x00000000eab00000,0x00000000eab00000,0x00000000eb100000)
  from space 512K, 98% used [0x00000000eb280000,0x00000000eb2fe098,0x00000000eb300000)
  to   space 1024K, 0% used [0x00000000eb300000,0x00000000eb300000,0x00000000eb400000)
 ParOldGen       total 165376K, used 164205K [0x00000000c0000000, 0x00000000ca180000, 0x00000000eab00000)
  object space 165376K, 99% used [0x00000000c0000000,0x00000000ca05b518,0x00000000ca180000)
 Metaspace       used 87620K, committed 89088K, reserved 1179648K
  class space    used 8874K, committed 9536K, reserved 1048576K
}
Event: 850.470 GC heap before
{Heap before GC invocations=1383 (full 29):
 PSYoungGen      total 6656K, used 1975K [0x00000000eab00000, 0x00000000eb400000, 0x0000000100000000)
  eden space 6144K, 23% used [0x00000000eab00000,0x00000000eac6fb88,0x00000000eb100000)
  from space 512K, 98% used [0x00000000eb280000,0x00000000eb2fe098,0x00000000eb300000)
  to   space 1024K, 0% used [0x00000000eb300000,0x00000000eb300000,0x00000000eb400000)
 ParOldGen       total 165376K, used 164205K [0x00000000c0000000, 0x00000000ca180000, 0x00000000eab00000)
  object space 165376K, 99% used [0x00000000c0000000,0x00000000ca05b518,0x00000000ca180000)
 Metaspace       used 87627K, committed 89088K, reserved 1179648K
  class space    used 8874K, committed 9536K, reserved 1048576K
}
Event: 850.474 GC heap after
{Heap after GC invocations=1383 (full 29):
 PSYoungGen      total 6656K, used 256K [0x00000000eab00000, 0x00000000eb380000, 0x0000000100000000)
  eden space 6144K, 0% used [0x00000000eab00000,0x00000000eab00000,0x00000000eb100000)
  from space 512K, 50% used [0x00000000eb300000,0x00000000eb340000,0x00000000eb380000)
  to   space 1024K, 0% used [0x00000000eb180000,0x00000000eb180000,0x00000000eb280000)
 ParOldGen       total 165376K, used 164565K [0x00000000c0000000, 0x00000000ca180000, 0x00000000eab00000)
  object space 165376K, 99% used [0x00000000c0000000,0x00000000ca0b5630,0x00000000ca180000)
 Metaspace       used 87627K, committed 89088K, reserved 1179648K
  class space    used 8874K, committed 9536K, reserved 1048576K
}
Event: 850.474 GC heap before
{Heap before GC invocations=1384 (full 29):
 PSYoungGen      total 6656K, used 256K [0x00000000eab00000, 0x00000000eb380000, 0x0000000100000000)
  eden space 6144K, 0% used [0x00000000eab00000,0x00000000eab00000,0x00000000eb100000)
  from space 512K, 50% used [0x00000000eb300000,0x00000000eb340000,0x00000000eb380000)
  to   space 1024K, 0% used [0x00000000eb180000,0x00000000eb180000,0x00000000eb280000)
 ParOldGen       total 165376K, used 164565K [0x00000000c0000000, 0x00000000ca180000, 0x00000000eab00000)
  object space 165376K, 99% used [0x00000000c0000000,0x00000000ca0b5630,0x00000000ca180000)
 Metaspace       used 87627K, committed 89088K, reserved 1179648K
  class space    used 8874K, committed 9536K, reserved 1048576K
}
Event: 850.477 GC heap after
{Heap after GC invocations=1384 (full 29):
 PSYoungGen      total 7680K, used 0K [0x00000000eab00000, 0x00000000eb380000, 0x0000000100000000)
  eden space 6656K, 0% used [0x00000000eab00000,0x00000000eab00000,0x00000000eb180000)
  from space 1024K, 0% used [0x00000000eb180000,0x00000000eb180000,0x00000000eb280000)
  to   space 512K, 0% used [0x00000000eb300000,0x00000000eb300000,0x00000000eb380000)
 ParOldGen       total 165376K, used 164773K [0x00000000c0000000, 0x00000000ca180000, 0x00000000eab00000)
  object space 165376K, 99% used [0x00000000c0000000,0x00000000ca0e9630,0x00000000ca180000)
 Metaspace       used 87627K, committed 89088K, reserved 1179648K
  class space    used 8874K, committed 9536K, reserved 1048576K
}
Event: 850.477 GC heap before
{Heap before GC invocations=1385 (full 30):
 PSYoungGen      total 7680K, used 0K [0x00000000eab00000, 0x00000000eb380000, 0x0000000100000000)
  eden space 6656K, 0% used [0x00000000eab00000,0x00000000eab00000,0x00000000eb180000)
  from space 1024K, 0% used [0x00000000eb180000,0x00000000eb180000,0x00000000eb280000)
  to   space 512K, 0% used [0x00000000eb300000,0x00000000eb300000,0x00000000eb380000)
 ParOldGen       total 165376K, used 164773K [0x00000000c0000000, 0x00000000ca180000, 0x00000000eab00000)
  object space 165376K, 99% used [0x00000000c0000000,0x00000000ca0e9630,0x00000000ca180000)
 Metaspace       used 87627K, committed 89088K, reserved 1179648K
  class space    used 8874K, committed 9536K, reserved 1048576K
}
Event: 850.828 GC heap after
{Heap after GC invocations=1385 (full 30):
 PSYoungGen      total 8192K, used 0K [0x00000000eab00000, 0x00000000eb400000, 0x0000000100000000)
  eden space 7680K, 0% used [0x00000000eab00000,0x00000000eab00000,0x00000000eb280000)
  from space 512K, 0% used [0x00000000eb300000,0x00000000eb300000,0x00000000eb380000)
  to   space 512K, 0% used [0x00000000eb280000,0x00000000eb280000,0x00000000eb300000)
 ParOldGen       total 165376K, used 156896K [0x00000000c0000000, 0x00000000ca180000, 0x00000000eab00000)
  object space 165376K, 94% used [0x00000000c0000000,0x00000000c9938150,0x00000000ca180000)
 Metaspace       used 87627K, committed 89088K, reserved 1179648K
  class space    used 8874K, committed 9536K, reserved 1048576K
}
Event: 851.265 GC heap before
{Heap before GC invocations=1386 (full 30):
 PSYoungGen      total 8192K, used 7585K [0x00000000eab00000, 0x00000000eb400000, 0x0000000100000000)
  eden space 7680K, 98% used [0x00000000eab00000,0x00000000eb268550,0x00000000eb280000)
  from space 512K, 0% used [0x00000000eb300000,0x00000000eb300000,0x00000000eb380000)
  to   space 512K, 0% used [0x00000000eb280000,0x00000000eb280000,0x00000000eb300000)
 ParOldGen       total 177152K, used 168416K [0x00000000c0000000, 0x00000000cad00000, 0x00000000eab00000)
  object space 177152K, 95% used [0x00000000c0000000,0x00000000ca478160,0x00000000cad00000)
 Metaspace       used 87627K, committed 89088K, reserved 1179648K
  class space    used 8874K, committed 9536K, reserved 1048576K
}
Event: 851.269 GC heap after
{Heap after GC invocations=1386 (full 30):
 PSYoungGen      total 8192K, used 512K [0x00000000eab00000, 0x00000000eb400000, 0x0000000100000000)
  eden space 7680K, 0% used [0x00000000eab00000,0x00000000eab00000,0x00000000eb280000)
  from space 512K, 100% used [0x00000000eb280000,0x00000000eb300000,0x00000000eb300000)
  to   space 512K, 0% used [0x00000000eb300000,0x00000000eb300000,0x00000000eb380000)
 ParOldGen       total 177152K, used 168416K [0x00000000c0000000, 0x00000000cad00000, 0x00000000eab00000)
  object space 177152K, 95% used [0x00000000c0000000,0x00000000ca478160,0x00000000cad00000)
 Metaspace       used 87627K, committed 89088K, reserved 1179648K
  class space    used 8874K, committed 9536K, reserved 1048576K
}

Dll operation events (11 events):
Event: 0.020 Loaded shared library c:\Users\holar\.vscode\extensions\redhat.java-1.32.0-win32-x64\jre\17.0.11-win32-x86_64\bin\java.dll
Event: 1.249 Loaded shared library c:\Users\holar\.vscode\extensions\redhat.java-1.32.0-win32-x64\jre\17.0.11-win32-x86_64\bin\zip.dll
Event: 1.279 Loaded shared library C:\Users\holar\.vscode\extensions\redhat.java-1.32.0-win32-x64\jre\17.0.11-win32-x86_64\bin\instrument.dll
Event: 1.432 Loaded shared library C:\Users\holar\.vscode\extensions\redhat.java-1.32.0-win32-x64\jre\17.0.11-win32-x86_64\bin\net.dll
Event: 1.437 Loaded shared library C:\Users\holar\.vscode\extensions\redhat.java-1.32.0-win32-x64\jre\17.0.11-win32-x86_64\bin\nio.dll
Event: 1.565 Loaded shared library C:\Users\holar\.vscode\extensions\redhat.java-1.32.0-win32-x64\jre\17.0.11-win32-x86_64\bin\zip.dll
Event: 1.669 Loaded shared library C:\Users\holar\.vscode\extensions\redhat.java-1.32.0-win32-x64\jre\17.0.11-win32-x86_64\bin\jimage.dll
Event: 2.120 Loaded shared library c:\Users\holar\.vscode\extensions\redhat.java-1.32.0-win32-x64\jre\17.0.11-win32-x86_64\bin\verify.dll
Event: 9.810 Loaded shared library C:\Users\holar\AppData\Roaming\Code\User\globalStorage\redhat.java\1.32.0\config_win\org.eclipse.equinox.launcher\org.eclipse.equinox.launcher.win32.win32.x86_64_1.2.1100.v20240613-2013\eclipse_11903.dll
Event: 31.196 Loaded shared library C:\Users\holar\AppData\Local\Temp\jna-69907222\jna7143138871534620426.dll
Event: 124.804 Loaded shared library C:\Users\holar\.vscode\extensions\redhat.java-1.32.0-win32-x64\jre\17.0.11-win32-x86_64\bin\sunmscapi.dll

Deoptimization events (20 events):
Event: 836.129 Thread 0x0000021433896a80 DEOPT PACKING pc=0x0000021422f31f98 sp=0x000000e9246feae0
Event: 836.129 Thread 0x0000021433896a80 DEOPT UNPACKING pc=0x0000021421dd66a3 sp=0x000000e9246fe990 mode 2
Event: 836.134 Thread 0x00000214338988e0 Uncommon trap: trap_request=0xffffff45 fr.pc=0x0000021422b4e948 relative=0x0000000000000c48
Event: 836.134 Thread 0x00000214338988e0 Uncommon trap: reason=unstable_if action=reinterpret pc=0x0000021422b4e948 method=org.eclipse.jdt.internal.codeassist.CompletionEngine.computeRelevanceForInterface()I @ 4 c2
Event: 836.134 Thread 0x00000214338988e0 DEOPT PACKING pc=0x0000021422b4e948 sp=0x000000e9272fe320
Event: 836.134 Thread 0x00000214338988e0 DEOPT UNPACKING pc=0x0000021421dd66a3 sp=0x000000e9272fe250 mode 2
Event: 836.380 Thread 0x000002143389bb80 Uncommon trap: trap_request=0xffffff45 fr.pc=0x0000021422b3d130 relative=0x0000000000000eb0
Event: 836.380 Thread 0x000002143389bb80 Uncommon trap: reason=unstable_if action=reinterpret pc=0x0000021422b3d130 method=org.eclipse.jdt.internal.core.util.WeakHashSet.cleanupGarbageCollectedValues()V @ 128 c2
Event: 836.380 Thread 0x000002143389bb80 DEOPT PACKING pc=0x0000021422b3d130 sp=0x000000e9267fe690
Event: 836.380 Thread 0x000002143389bb80 DEOPT UNPACKING pc=0x0000021421dd66a3 sp=0x000000e9267fe5b8 mode 2
Event: 838.068 Thread 0x0000021433896f90 Uncommon trap: trap_request=0xffffff45 fr.pc=0x0000021422914cb4 relative=0x0000000000002934
Event: 838.068 Thread 0x0000021433896f90 Uncommon trap: reason=unstable_if action=reinterpret pc=0x0000021422914cb4 method=org.eclipse.jdt.internal.compiler.parser.Scanner.getNextChar(CC)I @ 8 c2
Event: 838.068 Thread 0x0000021433896f90 DEOPT PACKING pc=0x0000021422914cb4 sp=0x000000e9262fe120
Event: 838.068 Thread 0x0000021433896f90 DEOPT UNPACKING pc=0x0000021421dd66a3 sp=0x000000e9262fe020 mode 2
Event: 846.371 Thread 0x0000021432df6490 DEOPT PACKING pc=0x000002141b371da3 sp=0x000000e9273fd6f0
Event: 846.371 Thread 0x0000021432df6490 DEOPT UNPACKING pc=0x0000021421dd6e43 sp=0x000000e9273fcb48 mode 0
Event: 849.173 Thread 0x0000021433895640 Uncommon trap: trap_request=0xffffff54 fr.pc=0x0000021422a49a40 relative=0x00000000000014c0
Event: 849.173 Thread 0x0000021433895640 Uncommon trap: reason=speculate_null_assert action=make_not_entrant pc=0x0000021422a49a40 method=com.google.common.cache.LocalCache$Segment.drainRecencyQueue()V @ 14 c2
Event: 849.174 Thread 0x0000021433895640 DEOPT PACKING pc=0x0000021422a49a40 sp=0x000000e925ffe2e0
Event: 849.175 Thread 0x0000021433895640 DEOPT UNPACKING pc=0x0000021421dd66a3 sp=0x000000e925ffe008 mode 2

Classes unloaded (11 events):
Event: 16.833 Thread 0x000002142b9deb50 Unloading class 0x000000010024a400 'java/lang/invoke/LambdaForm$MH+0x000000010024a400'
Event: 16.833 Thread 0x000002142b9deb50 Unloading class 0x000000010024a000 'java/lang/invoke/LambdaForm$MH+0x000000010024a000'
Event: 16.833 Thread 0x000002142b9deb50 Unloading class 0x0000000100249c00 'java/lang/invoke/LambdaForm$MH+0x0000000100249c00'
Event: 16.833 Thread 0x000002142b9deb50 Unloading class 0x0000000100249800 'java/lang/invoke/LambdaForm$MH+0x0000000100249800'
Event: 16.833 Thread 0x000002142b9deb50 Unloading class 0x0000000100249400 'java/lang/invoke/LambdaForm$BMH+0x0000000100249400'
Event: 16.833 Thread 0x000002142b9deb50 Unloading class 0x0000000100249000 'java/lang/invoke/LambdaForm$DMH+0x0000000100249000'
Event: 16.833 Thread 0x000002142b9deb50 Unloading class 0x0000000100244400 'java/lang/invoke/LambdaForm$DMH+0x0000000100244400'
Event: 89.461 Thread 0x000002142b9deb50 Unloading class 0x0000000100769400 'java/lang/invoke/LambdaForm$DMH+0x0000000100769400'
Event: 89.461 Thread 0x000002142b9deb50 Unloading class 0x0000000100724400 'java/lang/invoke/LambdaForm$DMH+0x0000000100724400'
Event: 89.461 Thread 0x000002142b9deb50 Unloading class 0x0000000100724000 'java/lang/invoke/LambdaForm$DMH+0x0000000100724000'
Event: 127.479 Thread 0x000002142b9deb50 Unloading class 0x00000001007ccc00 'java/lang/invoke/LambdaForm$DMH+0x00000001007ccc00'

Classes redefined (0 events):
No events

Internal exceptions (20 events):
Event: 849.617 Thread 0x0000021433896060 Implicit null exception at 0x000002141c41184f to 0x000002141c412b9c
Event: 849.617 Thread 0x0000021433896060 Exception <a 'java/lang/NullPointerException'{0x00000000eaeefaf8}> (0x00000000eaeefaf8) 
thrown [s\src\hotspot\share\runtime\sharedRuntime.cpp, line 631]
Event: 849.617 Thread 0x0000021433896060 Implicit null exception at 0x000002141c41184f to 0x000002141c412b9c
Event: 849.617 Thread 0x0000021433896060 Exception <a 'java/lang/NullPointerException'{0x00000000eaef1550}> (0x00000000eaef1550) 
thrown [s\src\hotspot\share\runtime\sharedRuntime.cpp, line 631]
Event: 849.617 Thread 0x0000021433896060 Implicit null exception at 0x000002141c41184f to 0x000002141c412b9c
Event: 849.617 Thread 0x0000021433896060 Exception <a 'java/lang/NullPointerException'{0x00000000eaefb4a0}> (0x00000000eaefb4a0) 
thrown [s\src\hotspot\share\runtime\sharedRuntime.cpp, line 631]
Event: 849.617 Thread 0x0000021433896060 Implicit null exception at 0x000002141c41184f to 0x000002141c412b9c
Event: 849.617 Thread 0x0000021433896060 Exception <a 'java/lang/NullPointerException'{0x00000000eaefcf10}> (0x00000000eaefcf10) 
thrown [s\src\hotspot\share\runtime\sharedRuntime.cpp, line 631]
Event: 849.771 Thread 0x0000021433896060 Implicit null exception at 0x000002141c41184f to 0x000002141c412b9c
Event: 849.771 Thread 0x0000021433896060 Exception <a 'java/lang/NullPointerException'{0x00000000eadc4c88}> (0x00000000eadc4c88) 
thrown [s\src\hotspot\share\runtime\sharedRuntime.cpp, line 631]
Event: 849.771 Thread 0x0000021433896060 Implicit null exception at 0x000002141c41184f to 0x000002141c412b9c
Event: 849.771 Thread 0x0000021433896060 Exception <a 'java/lang/NullPointerException'{0x00000000eadc69b8}> (0x00000000eadc69b8) 
thrown [s\src\hotspot\share\runtime\sharedRuntime.cpp, line 631]
Event: 849.771 Thread 0x0000021433896060 Implicit null exception at 0x000002141c41184f to 0x000002141c412b9c
Event: 849.771 Thread 0x0000021433896060 Exception <a 'java/lang/NullPointerException'{0x00000000eadcef20}> (0x00000000eadcef20) 
thrown [s\src\hotspot\share\runtime\sharedRuntime.cpp, line 631]
Event: 849.771 Thread 0x0000021433896060 Implicit null exception at 0x000002141c41184f to 0x000002141c412b9c
Event: 849.771 Thread 0x0000021433896060 Exception <a 'java/lang/NullPointerException'{0x00000000eadd0978}> (0x00000000eadd0978) 
thrown [s\src\hotspot\share\runtime\sharedRuntime.cpp, line 631]
Event: 849.772 Thread 0x0000021433896060 Implicit null exception at 0x000002141c41184f to 0x000002141c412b9c
Event: 849.772 Thread 0x0000021433896060 Exception <a 'java/lang/NullPointerException'{0x00000000eadd86e0}> (0x00000000eadd86e0) 
thrown [s\src\hotspot\share\runtime\sharedRuntime.cpp, line 631]
Event: 849.772 Thread 0x0000021433896060 Implicit null exception at 0x000002141c41184f to 0x000002141c412b9c
Event: 849.772 Thread 0x0000021433896060 Exception <a 'java/lang/NullPointerException'{0x00000000eadda150}> (0x00000000eadda150) 
thrown [s\src\hotspot\share\runtime\sharedRuntime.cpp, line 631]

VM Operations (20 events):
Event: 849.619 Executing VM operation: ParallelGCFailedAllocation
Event: 849.719 Executing VM operation: ParallelGCFailedAllocation done
Event: 849.725 Executing VM operation: ParallelGCFailedAllocation
Event: 849.762 Executing VM operation: ParallelGCFailedAllocation done
Event: 849.778 Executing VM operation: ParallelGCFailedAllocation
Event: 849.821 Executing VM operation: ParallelGCFailedAllocation done
Event: 849.860 Executing VM operation: ParallelGCFailedAllocation
Event: 850.040 Executing VM operation: ParallelGCFailedAllocation done
Event: 850.082 Executing VM operation: ParallelGCFailedAllocation
Event: 850.087 Executing VM operation: ParallelGCFailedAllocation done
Event: 850.358 Executing VM operation: ParallelGCFailedAllocation
Event: 850.364 Executing VM operation: ParallelGCFailedAllocation done
Event: 850.403 Executing VM operation: ParallelGCFailedAllocation
Event: 850.403 Executing VM operation: ParallelGCFailedAllocation done
Event: 850.455 Executing VM operation: ParallelGCSystemGC
Event: 850.460 Executing VM operation: ParallelGCSystemGC done
Event: 850.470 Executing VM operation: ParallelGCFailedAllocation
Event: 850.828 Executing VM operation: ParallelGCFailedAllocation done
Event: 851.056 Executing VM operation: ParallelGCFailedAllocation
Event: 851.273 Executing VM operation: ParallelGCFailedAllocation done

Events (20 events):
Event: 834.360 Thread 0x0000021430bf6600 flushing nmethod 0x000002141c541190
Event: 834.360 Thread 0x0000021430bf6600 flushing nmethod 0x000002141c5a6890
Event: 834.361 Thread 0x0000021430bf6600 flushing nmethod 0x000002141c5e3610
Event: 834.362 Thread 0x0000021430bf6600 flushing nmethod 0x000002141c712690
Event: 834.362 Thread 0x0000021430bf6600 flushing nmethod 0x000002141c759790
Event: 834.363 Thread 0x0000021430bf6600 flushing nmethod 0x000002141c7be110
Event: 834.363 Thread 0x0000021430bf6600 flushing nmethod 0x000002141c7be790
Event: 834.364 Thread 0x0000021430bf6600 flushing nmethod 0x000002141c8a7d90
Event: 834.364 Thread 0x0000021430bf6600 flushing nmethod 0x000002141c8a8790
Event: 834.365 Thread 0x0000021430bf6600 flushing nmethod 0x000002141c96fe90
Event: 836.265 Thread 0x0000021433895640 Thread added: 0x0000021433895640
Event: 836.383 Thread 0x000002143c982850 Thread added: 0x000002143c982850
Event: 836.998 Thread 0x000002143c982850 Thread exited: 0x000002143c982850
Event: 842.119 Thread 0x0000021433896060 Thread added: 0x0000021433896060
Event: 843.812 Thread 0x00000214338979b0 Thread added: 0x00000214338979b0
Event: 847.178 loading class jdk/internal/module/IllegalAccessLogger
Event: 847.326 loading class jdk/internal/module/IllegalAccessLogger done
Event: 847.461 Thread 0x0000021433899810 Thread added: 0x0000021433899810
Event: 847.922 Thread 0x0000021433899810 Thread exited: 0x0000021433899810
Event: 849.566 Thread 0x00000214338974a0 Thread added: 0x00000214338974a0


Dynamic libraries:
0x00007ff66df20000 - 0x00007ff66df2e000 	c:\Users\holar\.vscode\extensions\redhat.java-1.32.0-win32-x64\jre\17.0.11-win32-x86_64\bin\java.exe
0x00007ff8d9a90000 - 0x00007ff8d9c88000 	C:\WINDOWS\SYSTEM32\ntdll.dll
0x00007ff8d8fc0000 - 0x00007ff8d9081000 	C:\WINDOWS\System32\KERNEL32.DLL
0x00007ff8d7600000 - 0x00007ff8d78f6000 	C:\WINDOWS\System32\KERNELBASE.dll
0x00007ff8d79c0000 - 0x00007ff8d7ac0000 	C:\WINDOWS\System32\ucrtbase.dll
0x00007ff8d1a10000 - 0x00007ff8d1a27000 	c:\Users\holar\.vscode\extensions\redhat.java-1.32.0-win32-x64\jre\17.0.11-win32-x86_64\bin\jli.dll
0x00007ff8d9740000 - 0x00007ff8d98df000 	C:\WINDOWS\System32\USER32.dll
0x00007ff8d7290000 - 0x00007ff8d72b2000 	C:\WINDOWS\System32\win32u.dll
0x00007ff8d9710000 - 0x00007ff8d973b000 	C:\WINDOWS\System32\GDI32.dll
0x00007ff8d7170000 - 0x00007ff8d7287000 	C:\WINDOWS\System32\gdi32full.dll
0x00007ff8d74d0000 - 0x00007ff8d756d000 	C:\WINDOWS\System32\msvcp_win.dll
0x00007ff8c9eb0000 - 0x00007ff8c9ecb000 	c:\Users\holar\.vscode\extensions\redhat.java-1.32.0-win32-x64\jre\17.0.11-win32-x86_64\bin\VCRUNTIME140.dll
0x00007ff8c6590000 - 0x00007ff8c682a000 	C:\WINDOWS\WinSxS\amd64_microsoft.windows.common-controls_6595b64144ccf1df_6.0.19041.4355_none_60b8b9eb71f62e16\COMCTL32.dll
0x00007ff8d8950000 - 0x00007ff8d89ee000 	C:\WINDOWS\System32\msvcrt.dll
0x00007ff8d9a20000 - 0x00007ff8d9a4f000 	C:\WINDOWS\System32\IMM32.DLL
0x00007ff8d1450000 - 0x00007ff8d145c000 	c:\Users\holar\.vscode\extensions\redhat.java-1.32.0-win32-x64\jre\17.0.11-win32-x86_64\bin\vcruntime140_1.dll
0x00007ff89e4f0000 - 0x00007ff89e57d000 	c:\Users\holar\.vscode\extensions\redhat.java-1.32.0-win32-x64\jre\17.0.11-win32-x86_64\bin\msvcp140.dll
0x00007ff84f0c0000 - 0x00007ff84fd22000 	c:\Users\holar\.vscode\extensions\redhat.java-1.32.0-win32-x64\jre\17.0.11-win32-x86_64\bin\server\jvm.dll
0x00007ff8d98e0000 - 0x00007ff8d9990000 	C:\WINDOWS\System32\ADVAPI32.dll
0x00007ff8d8230000 - 0x00007ff8d82d0000 	C:\WINDOWS\System32\sechost.dll
0x00007ff8d89f0000 - 0x00007ff8d8b13000 	C:\WINDOWS\System32\RPCRT4.dll
0x00007ff8d7140000 - 0x00007ff8d7167000 	C:\WINDOWS\System32\bcrypt.dll
0x00007ff8d6f90000 - 0x00007ff8d6fdb000 	C:\WINDOWS\SYSTEM32\POWRPROF.dll
0x00007ff8c4cd0000 - 0x00007ff8c4cd9000 	C:\WINDOWS\SYSTEM32\WSOCK32.dll
0x00007ff8d91b0000 - 0x00007ff8d921b000 	C:\WINDOWS\System32\WS2_32.dll
0x00007ff8c5520000 - 0x00007ff8c5547000 	C:\WINDOWS\SYSTEM32\WINMM.dll
0x00007ff8c6840000 - 0x00007ff8c684a000 	C:\WINDOWS\SYSTEM32\VERSION.dll
0x00007ff8d6f70000 - 0x00007ff8d6f82000 	C:\WINDOWS\SYSTEM32\UMPDC.dll
0x00007ff8d5910000 - 0x00007ff8d5922000 	C:\WINDOWS\SYSTEM32\kernel.appcore.dll
0x00007ff8d09f0000 - 0x00007ff8d09fa000 	c:\Users\holar\.vscode\extensions\redhat.java-1.32.0-win32-x64\jre\17.0.11-win32-x86_64\bin\jimage.dll
0x00007ff8d4e00000 - 0x00007ff8d4fe4000 	C:\WINDOWS\SYSTEM32\DBGHELP.DLL
0x00007ff8ba000000 - 0x00007ff8ba034000 	C:\WINDOWS\SYSTEM32\dbgcore.DLL
0x00007ff8d7570000 - 0x00007ff8d75f2000 	C:\WINDOWS\System32\bcryptPrimitives.dll
0x00007ff8cb3e0000 - 0x00007ff8cb3ee000 	c:\Users\holar\.vscode\extensions\redhat.java-1.32.0-win32-x64\jre\17.0.11-win32-x86_64\bin\instrument.dll
0x00007ff8c9bf0000 - 0x00007ff8c9c15000 	c:\Users\holar\.vscode\extensions\redhat.java-1.32.0-win32-x64\jre\17.0.11-win32-x86_64\bin\java.dll
0x00007ff8c9e90000 - 0x00007ff8c9ea8000 	c:\Users\holar\.vscode\extensions\redhat.java-1.32.0-win32-x64\jre\17.0.11-win32-x86_64\bin\zip.dll
0x00007ff8d7ac0000 - 0x00007ff8d822c000 	C:\WINDOWS\System32\SHELL32.dll
0x00007ff8d5160000 - 0x00007ff8d58fd000 	C:\WINDOWS\SYSTEM32\windows.storage.dll
0x00007ff8d8510000 - 0x00007ff8d8863000 	C:\WINDOWS\System32\combase.dll
0x00007ff8d69b0000 - 0x00007ff8d69de000 	C:\WINDOWS\SYSTEM32\Wldp.dll
0x00007ff8d94a0000 - 0x00007ff8d956d000 	C:\WINDOWS\System32\OLEAUT32.dll
0x00007ff8d8460000 - 0x00007ff8d850d000 	C:\WINDOWS\System32\SHCORE.dll
0x00007ff8d96b0000 - 0x00007ff8d9705000 	C:\WINDOWS\System32\shlwapi.dll
0x00007ff8d7070000 - 0x00007ff8d7094000 	C:\WINDOWS\SYSTEM32\profapi.dll
0x00007ff8bc6f0000 - 0x00007ff8bc709000 	C:\Users\holar\.vscode\extensions\redhat.java-1.32.0-win32-x64\jre\17.0.11-win32-x86_64\bin\net.dll
0x00007ff8c8880000 - 0x00007ff8c898a000 	C:\WINDOWS\SYSTEM32\WINHTTP.dll
0x00007ff8d6790000 - 0x00007ff8d67fa000 	C:\WINDOWS\system32\mswsock.dll
0x00007ff8ba040000 - 0x00007ff8ba056000 	C:\Users\holar\.vscode\extensions\redhat.java-1.32.0-win32-x64\jre\17.0.11-win32-x86_64\bin\nio.dll
0x00007ff8c7720000 - 0x00007ff8c7730000 	c:\Users\holar\.vscode\extensions\redhat.java-1.32.0-win32-x64\jre\17.0.11-win32-x86_64\bin\verify.dll
0x00007ff8c9c40000 - 0x00007ff8c9c84000 	C:\Users\holar\AppData\Roaming\Code\User\globalStorage\redhat.java\1.32.0\config_win\org.eclipse.equinox.launcher\org.eclipse.equinox.launcher.win32.win32.x86_64_1.2.1100.v20240613-2013\eclipse_11903.dll
0x00007ff8d8330000 - 0x00007ff8d845b000 	C:\WINDOWS\System32\ole32.dll
0x00007ff8d69f0000 - 0x00007ff8d6a08000 	C:\WINDOWS\SYSTEM32\CRYPTSP.dll
0x00007ff8d60d0000 - 0x00007ff8d6104000 	C:\WINDOWS\system32\rsaenh.dll
0x00007ff8d7020000 - 0x00007ff8d704e000 	C:\WINDOWS\SYSTEM32\USERENV.dll
0x00007ff8d6920000 - 0x00007ff8d692c000 	C:\WINDOWS\SYSTEM32\CRYPTBASE.dll
0x00007ff8d6490000 - 0x00007ff8d64cb000 	C:\WINDOWS\SYSTEM32\IPHLPAPI.DLL
0x00007ff8d9a10000 - 0x00007ff8d9a18000 	C:\WINDOWS\System32\NSI.dll
0x00007ff8cd450000 - 0x00007ff8cd467000 	C:\WINDOWS\SYSTEM32\dhcpcsvc6.DLL
0x00007ff8ce260000 - 0x00007ff8ce27d000 	C:\WINDOWS\SYSTEM32\dhcpcsvc.DLL
0x00007ff8d64d0000 - 0x00007ff8d659a000 	C:\WINDOWS\SYSTEM32\DNSAPI.dll
0x00007ff8a3a40000 - 0x00007ff8a3a85000 	C:\Users\holar\AppData\Local\Temp\jna-69907222\jna7143138871534620426.dll
0x00007ff8d9430000 - 0x00007ff8d9438000 	C:\WINDOWS\System32\PSAPI.DLL
0x00007ff8d3f40000 - 0x00007ff8d3f4e000 	C:\Users\holar\.vscode\extensions\redhat.java-1.32.0-win32-x64\jre\17.0.11-win32-x86_64\bin\sunmscapi.dll
0x00007ff8d7370000 - 0x00007ff8d74ce000 	C:\WINDOWS\System32\CRYPT32.dll
0x00007ff8d6b00000 - 0x00007ff8d6b29000 	C:\WINDOWS\SYSTEM32\ncrypt.dll
0x00007ff8d6ac0000 - 0x00007ff8d6afb000 	C:\WINDOWS\SYSTEM32\NTASN1.dll
0x00007ff8d61f0000 - 0x00007ff8d6223000 	C:\WINDOWS\SYSTEM32\ntmarta.dll

dbghelp: loaded successfully - version: 4.0.5 - missing functions: none
symbol engine: initialized successfully - sym options: 0x614 - pdb path: .;c:\Users\holar\.vscode\extensions\redhat.java-1.32.0-win32-x64\jre\17.0.11-win32-x86_64\bin;C:\WINDOWS\SYSTEM32;C:\WINDOWS\WinSxS\amd64_microsoft.windows.common-controls_6595b64144ccf1df_6.0.19041.4355_none_60b8b9eb71f62e16;c:\Users\holar\.vscode\extensions\redhat.java-1.32.0-win32-x64\jre\17.0.11-win32-x86_64\bin\server;C:\Users\holar\AppData\Roaming\Code\User\globalStorage\redhat.java\1.32.0\config_win\org.eclipse.equinox.launcher\org.eclipse.equinox.launcher.win32.win32.x86_64_1.2.1100.v20240613-2013;C:\Users\holar\AppData\Local\Temp\jna-69907222

VM Arguments:
jvm_args: --add-modules=ALL-SYSTEM --add-opens=java.base/java.util=ALL-UNNAMED --add-opens=java.base/java.lang=ALL-UNNAMED --add-opens=java.base/sun.nio.fs=ALL-UNNAMED -Declipse.application=org.eclipse.jdt.ls.core.id1 -Dosgi.bundles.defaultStartLevel=4 -Declipse.product=org.eclipse.jdt.ls.core.product -Djava.import.generatesMetadataFilesAtProjectRoot=false -DDetectVMInstallationsJob.disabled=true -Dfile.encoding=utf8 -XX:+UseParallelGC -XX:GCTimeRatio=4 -XX:AdaptiveSizePolicyWeight=90 -Dsun.zip.disableMemoryMapping=true -Xmx1G -Xms100m -Xlog:disable -javaagent:c:\Users\holar\.vscode\extensions\redhat.java-1.32.0-win32-x64\lombok\lombok-1.18.33.jar -XX:+HeapDumpOnOutOfMemoryError -XX:HeapDumpPath=c:\Users\holar\AppData\Roaming\Code\User\workspaceStorage\86730f4890879325f6a557beb621e666\redhat.java -Daether.dependencyCollector.impl=bf 
java_command: c:\Users\holar\.vscode\extensions\redhat.java-1.32.0-win32-x64\server\plugins\org.eclipse.equinox.launcher_1.6.900.v20240613-2009.jar -configuration c:\Users\holar\AppData\Roaming\Code\User\globalStorage\redhat.java\1.32.0\config_win -data c:\Users\holar\AppData\Roaming\Code\User\workspaceStorage\86730f4890879325f6a557beb621e666\redhat.java\jdt_ws --pipe=\\.\pipe\lsp-a335f22a9db1ebf7c9e95cf77438e6e9-sock
java_class_path (initial): c:\Users\holar\.vscode\extensions\redhat.java-1.32.0-win32-x64\server\plugins\org.eclipse.equinox.launcher_1.6.900.v20240613-2009.jar
Launcher Type: SUN_STANDARD

[Global flags]
    uintx AdaptiveSizePolicyWeight                 = 90                                        {product} {command line}
     intx CICompilerCount                          = 3                                         {product} {ergonomic}
    uintx GCTimeRatio                              = 4                                         {product} {command line}
     bool HeapDumpOnOutOfMemoryError               = true                                   {manageable} {command line}
    ccstr HeapDumpPath                             = c:\Users\holar\AppData\Roaming\Code\User\workspaceStorage\86730f4890879325f6a557beb621e666\redhat.java         {manageable} {command line}
   size_t InitialHeapSize                          = 104857600                                 {product} {command line}
   size_t MaxHeapSize                              = 1073741824                                {product} {command line}
   size_t MaxNewSize                               = 357564416                                 {product} {ergonomic}
   size_t MinHeapDeltaBytes                        = 524288                                    {product} {ergonomic}
   size_t MinHeapSize                              = 104857600                                 {product} {command line}
   size_t NewSize                                  = 34603008                                  {product} {ergonomic}
    uintx NonNMethodCodeHeapSize                   = 5832780                                {pd product} {ergonomic}
    uintx NonProfiledCodeHeapSize                  = 122912730                              {pd product} {ergonomic}
   size_t OldSize                                  = 70254592                                  {product} {ergonomic}
    uintx ProfiledCodeHeapSize                     = 122912730                              {pd product} {ergonomic}
    uintx ReservedCodeCacheSize                    = 251658240                              {pd product} {ergonomic}
     bool SegmentedCodeCache                       = true                                      {product} {ergonomic}
   size_t SoftMaxHeapSize                          = 1073741824                             {manageable} {ergonomic}
     bool UseCompressedClassPointers               = true                           {product lp64_product} {ergonomic}
     bool UseCompressedOops                        = true                           {product lp64_product} {ergonomic}
     bool UseLargePagesIndividualAllocation        = false                                  {pd product} {ergonomic}
     bool UseParallelGC                            = true                                      {product} {command line}

Logging:
Log output configuration:
 #0: stdout all=off uptime,level,tags
 #1: stderr all=off uptime,level,tags

Environment Variables:
PATH=C:\Users\holar\miniconda3\condabin;C:\Users\holar\bin;C:\Program Files\Git\mingw64\bin;C:\Program Files\Git\usr\local\bin;C:\Program Files\Git\usr\bin;C:\Program Files\Git\usr\bin;C:\Program Files\Git\mingw64\bin;C:\Program Files\Git\usr\bin;C:\Users\holar\bin;C:\Program Files\Common Files\Oracle\Java\javapath;C:\WINDOWS\system32;C:\WINDOWS;C:\WINDOWS\System32\Wbem;C:\WINDOWS\System32\WindowsPowerShell\v1.0;C:\WINDOWS\System32\OpenSSH;C:\Program Files\nodejs;C:\Program Files\Git\cmd;C:\Program Files\Docker\Docker\resources\bin;C:\Users\holar\AppData\Local\Microsoft\WindowsApps;C:\Users\holar\AppData\Local\Programs\Microsoft VS Code\bin;C:\Users\holar\AppData\Roaming\npm;C:\Program Files\PostgreSQL\16\bin;C:\Program Files\maven\apache-maven-3.9.6\bin;C:\Users\holar\Desktop\redis\Redis-x64-3.0.504;C:\Program Files\Git\usr\bin\vendor_perl;C:\Program Files\Git\usr\bin\core_perl
USERNAME=Holar
SHELL=C:\Program Files\Git\usr\bin\bash.exe
DISPLAY=needs-to-be-defined
LC_CTYPE=en_GB.UTF-8
TERM=xterm
TMPDIR=C:\Users\holar\AppData\Local\Temp
OS=Windows_NT
PROCESSOR_IDENTIFIER=Intel64 Family 6 Model 78 Stepping 3, GenuineIntel
TMP=C:\Users\holar\AppData\Local\Temp
TEMP=C:\Users\holar\AppData\Local\Temp



Periodic native trim disabled


---------------  S Y S T E M  ---------------

OS:
 Windows 10 , 64 bit Build 19041 (10.0.19041.4597)
OS uptime: 0 days 15:54 hours
Hyper-V role detected

CPU: total 4 (initial active 4) (2 cores per cpu, 2 threads per core) family 6 model 78 stepping 3 microcode 0xcc, cx8, cmov, fxsr, ht, mmx, 3dnowpref, sse, sse2, sse3, ssse3, sse4.1, sse4.2, popcnt, lzcnt, tsc, tscinvbit, avx, avx2, aes, erms, clmul, bmi1, bmi2, rtm, adx, fma, vzeroupper, clflush, clflushopt, hv
Processor Information for all 4 processors :
  Max Mhz: 2304, Current Mhz: 2304, Mhz Limit: 2304

Memory: 4k page, system-wide physical 3984M (263M free)
TotalPageFile size 16272M (AvailPageFile size 4M)
current process WorkingSet (physical memory assigned to process): 344M, peak: 371M
current process commit charge ("private bytes"): 458M, peak: 968M

vm_info: OpenJDK 64-Bit Server VM (17.0.11+9) for windows-amd64 JRE (17.0.11+9), built on Apr 17 2024 06:07:48 by "admin" with MS VC++ 16.10 / 16.11 (VS2019)

END.
