#
# There is insufficient memory for the Java Runtime Environment to continue.
# Native memory allocation (malloc) failed to allocate 548432 bytes. Error detail: Chunk::new
# Possible reasons:
#   The system is out of physical RAM or swap space
#   This process is running with CompressedOops enabled, and the Java Heap may be blocking the growth of the native heap
# Possible solutions:
#   Reduce memory load on the system
#   Increase physical memory or swap space
#   Check if swap backing store is full
#   Decrease Java heap size (-Xmx/-Xms)
#   Decrease number of Java threads
#   Decrease Java thread stack sizes (-Xss)
#   Set larger code cache with -XX:ReservedCodeCacheSize=
#   JVM is running with Unscaled Compressed Oops mode in which the Java heap is
#     placed in the first 4GB address space. The Java Heap base address is the
#     maximum limit for the native heap growth. Please use -XX:HeapBaseMinAddress
#     to set the Java Heap base and to place the Java Heap above 4GB virtual address.
# This output file may be truncated or incomplete.
#
#  Out of Memory Error (arena.cpp:191), pid=18516, tid=14560
#
# JRE version: OpenJDK Runtime Environment Temurin-17.0.11+9 (17.0.11+9) (build 17.0.11+9)
# Java VM: OpenJDK 64-Bit Server VM Temurin-17.0.11+9 (17.0.11+9, mixed mode, tiered, compressed oops, compressed class ptrs, parallel gc, windows-amd64)
# No core dump will be written. Minidumps are not enabled by default on client versions of Windows
#

---------------  S U M M A R Y ------------

Command Line: --add-modules=ALL-SYSTEM --add-opens=java.base/java.util=ALL-UNNAMED --add-opens=java.base/java.lang=ALL-UNNAMED --add-opens=java.base/sun.nio.fs=ALL-UNNAMED -Declipse.application=org.eclipse.jdt.ls.core.id1 -Dosgi.bundles.defaultStartLevel=4 -Declipse.product=org.eclipse.jdt.ls.core.product -Djava.import.generatesMetadataFilesAtProjectRoot=false -DDetectVMInstallationsJob.disabled=true -Dfile.encoding=utf8 -XX:+UseParallelGC -XX:GCTimeRatio=4 -XX:AdaptiveSizePolicyWeight=90 -Dsun.zip.disableMemoryMapping=true -Xmx1G -Xms100m -Xlog:disable -javaagent:c:\Users\holar\.vscode\extensions\redhat.java-1.32.0-win32-x64\lombok\lombok-1.18.33.jar c:\Users\holar\.vscode\extensions\redhat.java-1.32.0-win32-x64\server\plugins\org.eclipse.equinox.launcher_1.6.900.v20240613-2009.jar -configuration c:\Users\holar\AppData\Roaming\Code\User\globalStorage\redhat.java\1.32.0\config_ss_win -data c:\Users\holar\AppData\Roaming\Code\User\workspaceStorage\86730f4890879325f6a557beb621e666\redhat.java\ss_ws --pipe=\\.\pipe\lsp-3dd9368fecbd91045f13b5ce34a65b8e-sock

Host: Intel(R) Core(TM) i3-6100U CPU @ 2.30GHz, 4 cores, 3G,  Windows 10 , 64 bit Build 19041 (10.0.19041.4597)
Time: Sat Jul  6 22:48:17 2024 W. Central Africa Standard Time elapsed time: 3.880773 seconds (0d 0h 0m 3s)

---------------  T H R E A D  ---------------

Current thread (0x0000020f6348a900):  JavaThread "C2 CompilerThread0" daemon [_thread_in_native, id=14560, stack(0x000000e4be300000,0x000000e4be400000)]


Current CompileTask:
C2:   3880 1425       4       java.io.WinNTFileSystem::normalize (143 bytes)

Stack: [0x000000e4be300000,0x000000e4be400000]
Native frames: (J=compiled Java code, j=interpreted, Vv=VM code, C=native code)
V  [jvm.dll+0x67d429]
V  [jvm.dll+0x834b7a]
V  [jvm.dll+0x83663e]
V  [jvm.dll+0x836ca3]
V  [jvm.dll+0x247dbf]
V  [jvm.dll+0xac534]
V  [jvm.dll+0xacb7c]
V  [jvm.dll+0x366647]
V  [jvm.dll+0x1bd272]
V  [jvm.dll+0x21a5c9]
V  [jvm.dll+0x2198b1]
V  [jvm.dll+0x1a534d]
V  [jvm.dll+0x2295cd]
V  [jvm.dll+0x22779c]
V  [jvm.dll+0x7e9d07]
V  [jvm.dll+0x7e410a]
V  [jvm.dll+0x67c315]
C  [ucrtbase.dll+0x21bb2]
C  [KERNEL32.DLL+0x17374]
C  [ntdll.dll+0x4cc91]


---------------  P R O C E S S  ---------------

Threads class SMR info:
_java_thread_list=0x0000020f69097ad0, length=15, elements={
0x0000020f4f612a60, 0x0000020f6344e5c0, 0x0000020f6344fbc0, 0x0000020f63482710,
0x0000020f634834a0, 0x0000020f63486230, 0x0000020f63489c10, 0x0000020f6348a900,
0x0000020f634aea00, 0x0000020f686a4410, 0x0000020f686c1f50, 0x0000020f688ff5c0,
0x0000020f68f999a0, 0x0000020f6a360ae0, 0x0000020f6905a3e0
}

Java Threads: ( => current thread )
  0x0000020f4f612a60 JavaThread "main" [_thread_in_native, id=13492, stack(0x000000e4bd900000,0x000000e4bda00000)]
  0x0000020f6344e5c0 JavaThread "Reference Handler" daemon [_thread_blocked, id=3488, stack(0x000000e4bdc00000,0x000000e4bdd00000)]
  0x0000020f6344fbc0 JavaThread "Finalizer" daemon [_thread_blocked, id=5324, stack(0x000000e4bdd00000,0x000000e4bde00000)]
  0x0000020f63482710 JavaThread "Signal Dispatcher" daemon [_thread_blocked, id=14144, stack(0x000000e4bdf00000,0x000000e4be000000)]
  0x0000020f634834a0 JavaThread "Attach Listener" daemon [_thread_blocked, id=15860, stack(0x000000e4be000000,0x000000e4be100000)]
  0x0000020f63486230 JavaThread "Service Thread" daemon [_thread_blocked, id=17148, stack(0x000000e4be100000,0x000000e4be200000)]
  0x0000020f63489c10 JavaThread "Monitor Deflation Thread" daemon [_thread_blocked, id=17272, stack(0x000000e4be200000,0x000000e4be300000)]
=>0x0000020f6348a900 JavaThread "C2 CompilerThread0" daemon [_thread_in_native, id=14560, stack(0x000000e4be300000,0x000000e4be400000)]
  0x0000020f634aea00 JavaThread "C1 CompilerThread0" daemon [_thread_blocked, id=19304, stack(0x000000e4be400000,0x000000e4be500000)]
  0x0000020f686a4410 JavaThread "Sweeper thread" daemon [_thread_blocked, id=16684, stack(0x000000e4be500000,0x000000e4be600000)]
  0x0000020f686c1f50 JavaThread "Common-Cleaner" daemon [_thread_blocked, id=7628, stack(0x000000e4be600000,0x000000e4be700000)]
  0x0000020f688ff5c0 JavaThread "Notification Thread" daemon [_thread_blocked, id=18292, stack(0x000000e4be700000,0x000000e4be800000)]
  0x0000020f68f999a0 JavaThread "Active Thread: Equinox Container: 29cde4d0-7b66-49db-b764-4e97c548dbfa" [_thread_blocked, id=7024, stack(0x000000e4bec00000,0x000000e4bed00000)]
  0x0000020f6a360ae0 JavaThread "Framework Event Dispatcher: Equinox Container: 29cde4d0-7b66-49db-b764-4e97c548dbfa" daemon [_thread_blocked, id=18896, stack(0x000000e4bed00000,0x000000e4bee00000)]
  0x0000020f6905a3e0 JavaThread "Start Level: Equinox Container: 29cde4d0-7b66-49db-b764-4e97c548dbfa" daemon [_thread_in_vm, id=9276, stack(0x000000e4bee00000,0x000000e4bef00000)]

Other Threads:
  0x0000020f63446700 VMThread "VM Thread" [stack: 0x000000e4bdb00000,0x000000e4bdc00000] [id=18704]
  0x0000020f6899f020 WatcherThread [stack: 0x000000e4be800000,0x000000e4be900000] [id=4524]
  0x0000020f4f628560 GCTaskThread "GC Thread#0" [stack: 0x000000e4bda00000,0x000000e4bdb00000] [id=17084]
  0x0000020f68f13cb0 GCTaskThread "GC Thread#1" [stack: 0x000000e4be900000,0x000000e4bea00000] [id=14744]
  0x0000020f68da9270 GCTaskThread "GC Thread#2" [stack: 0x000000e4bea00000,0x000000e4beb00000] [id=17748]
  0x0000020f68da9530 GCTaskThread "GC Thread#3" [stack: 0x000000e4beb00000,0x000000e4bec00000] [id=9164]

Threads with active compile tasks:
C2 CompilerThread0     3963 1425       4       java.io.WinNTFileSystem::normalize (143 bytes)
C1 CompilerThread0     3963 1463   !   3       java.util.zip.ZipFile$CleanableResource::getInflater (47 bytes)

VM state: not at safepoint (normal execution)

VM Mutex/Monitor currently owned by a thread: None

Heap address: 0x00000000c0000000, size: 1024 MB, Compressed Oops mode: 32-bit

CDS archive(s) not mapped
Compressed class space mapped at: 0x0000000100000000-0x0000000140000000, reserved size: 1073741824
Narrow klass base: 0x0000000000000000, Narrow klass shift: 3, Narrow klass range: 0x140000000

GC Precious Log:
 CPUs: 4 total, 4 available
 Memory: 3984M
 Large Page Support: Disabled
 NUMA Support: Disabled
 Compressed Oops: Enabled (32-bit)
 Alignments: Space 512K, Generation 512K, Heap 2M
 Heap Min Capacity: 100M
 Heap Initial Capacity: 100M
 Heap Max Capacity: 1G
 Pre-touch: Disabled
 Parallel Workers: 4

Heap:
 PSYoungGen      total 29696K, used 24233K [0x00000000eab00000, 0x00000000ecc00000, 0x0000000100000000)
  eden space 25600K, 82% used [0x00000000eab00000,0x00000000ebf92de0,0x00000000ec400000)
  from space 4096K, 77% used [0x00000000ec400000,0x00000000ec717700,0x00000000ec800000)
  to   space 4096K, 0% used [0x00000000ec800000,0x00000000ec800000,0x00000000ecc00000)
 ParOldGen       total 68608K, used 16K [0x00000000c0000000, 0x00000000c4300000, 0x00000000eab00000)
  object space 68608K, 0% used [0x00000000c0000000,0x00000000c0004000,0x00000000c4300000)
 Metaspace       used 13845K, committed 14016K, reserved 1114112K
  class space    used 1377K, committed 1472K, reserved 1048576K

Card table byte_map: [0x0000020f4efd0000,0x0000020f4f1e0000] _byte_map_base: 0x0000020f4e9d0000

Marking Bits: (ParMarkBitMap*) 0x00007ff84fc5d820
 Begin Bits: [0x0000020f612b0000, 0x0000020f622b0000)
 End Bits:   [0x0000020f622b0000, 0x0000020f632b0000)

Polling page: 0x0000020f4d610000

Metaspace:

Usage:
  Non-class:     12.18 MB used.
      Class:      1.35 MB used.
       Both:     13.52 MB used.

Virtual space:
  Non-class space:       64.00 MB reserved,      12.25 MB ( 19%) committed,  1 nodes.
      Class space:        1.00 GB reserved,       1.44 MB ( <1%) committed,  1 nodes.
             Both:        1.06 GB reserved,      13.69 MB (  1%) committed. 

Chunk freelists:
   Non-Class:  3.28 MB
       Class:  14.47 MB
        Both:  17.76 MB

MaxMetaspaceSize: unlimited
CompressedClassSpaceSize: 1.00 GB
Initial GC threshold: 21.00 MB
Current GC threshold: 21.00 MB
CDS: off
MetaspaceReclaimPolicy: balanced
 - commit_granule_bytes: 65536.
 - commit_granule_words: 8192.
 - virtual_space_node_default_size: 8388608.
 - enlarge_chunks_in_place: 1.
 - new_chunks_are_fully_committed: 0.
 - uncommit_free_chunks: 1.
 - use_allocation_guard: 0.
 - handle_deallocations: 1.


Internal statistics:

num_allocs_failed_limit: 0.
num_arena_births: 56.
num_arena_deaths: 0.
num_vsnodes_births: 2.
num_vsnodes_deaths: 0.
num_space_committed: 219.
num_space_uncommitted: 0.
num_chunks_returned_to_freelist: 0.
num_chunks_taken_from_freelist: 223.
num_chunk_merges: 0.
num_chunk_splits: 148.
num_chunks_enlarged: 123.
num_inconsistent_stats: 0.

CodeHeap 'non-profiled nmethods': size=120000Kb used=559Kb max_used=559Kb free=119440Kb
 bounds [0x0000020f59d80000, 0x0000020f59ff0000, 0x0000020f612b0000]
CodeHeap 'profiled nmethods': size=120000Kb used=2745Kb max_used=2745Kb free=117254Kb
 bounds [0x0000020f522b0000, 0x0000020f52560000, 0x0000020f597e0000]
CodeHeap 'non-nmethods': size=5760Kb used=1156Kb max_used=1179Kb free=4603Kb
 bounds [0x0000020f597e0000, 0x0000020f59a50000, 0x0000020f59d80000]
 total_blobs=1909 nmethods=1459 adapters=364
 compilation: enabled
              stopped_count=0, restarted_count=0
 full_count=0

Compilation events (20 events):
Event: 3.755 Thread 0x0000020f634aea00 nmethod 1422 0x0000020f52540d90 code [0x0000020f525411c0, 0x0000020f52543248]
Event: 3.755 Thread 0x0000020f634aea00 1423       3       java.lang.AbstractStringBuilder::checkRange (63 bytes)
Event: 3.756 Thread 0x0000020f634aea00 nmethod 1423 0x0000020f52543e90 code [0x0000020f52544120, 0x0000020f52544a58]
Event: 3.756 Thread 0x0000020f634aea00 1424       3       java.lang.AbstractStringBuilder::appendChars (207 bytes)
Event: 3.758 Thread 0x0000020f634aea00 nmethod 1424 0x0000020f52544e10 code [0x0000020f525450c0, 0x0000020f52546048]
Event: 3.760 Thread 0x0000020f6348a900 1425       4       java.io.WinNTFileSystem::normalize (143 bytes)
Event: 3.760 Thread 0x0000020f634aea00 1426       3       org.eclipse.osgi.framework.util.SecureAction::getProperty (31 bytes)
Event: 3.761 Thread 0x0000020f634aea00 nmethod 1426 0x0000020f52546610 code [0x0000020f525468a0, 0x0000020f52547318]
Event: 3.763 Thread 0x0000020f634aea00 1428       3       java.net.URL::isBuiltinStreamHandler (32 bytes)
Event: 3.765 Thread 0x0000020f634aea00 nmethod 1428 0x0000020f52547690 code [0x0000020f52547980, 0x0000020f52548a18]
Event: 3.765 Thread 0x0000020f634aea00 1429       3       java.net.URL::isBuiltinStreamHandler (7 bytes)
Event: 3.765 Thread 0x0000020f634aea00 nmethod 1429 0x0000020f52549010 code [0x0000020f525491c0, 0x0000020f52549388]
Event: 3.769 Thread 0x0000020f634aea00 1430       3       org.eclipse.osgi.internal.framework.EquinoxConfiguration$ConfigValues::internalGet (24 bytes)
Event: 3.770 Thread 0x0000020f634aea00 nmethod 1430 0x0000020f52549490 code [0x0000020f52549740, 0x0000020f5254a368]
Event: 3.842 Thread 0x0000020f634aea00 1431       3       java.util.Collections::emptyIterator (4 bytes)
Event: 3.842 Thread 0x0000020f634aea00 nmethod 1431 0x0000020f5254a790 code [0x0000020f5254a920, 0x0000020f5254aa18]
Event: 3.848 Thread 0x0000020f634aea00 1433       3       java.io.File::isAbsolute (8 bytes)
Event: 3.848 Thread 0x0000020f634aea00 nmethod 1433 0x0000020f5254aa90 code [0x0000020f5254ac40, 0x0000020f5254ada8]
Event: 3.851 Thread 0x0000020f634aea00 1434       3       java.net.URL::<init> (438 bytes)
Event: 3.859 Thread 0x0000020f634aea00 nmethod 1434 0x0000020f5254ae90 code [0x0000020f5254b640, 0x0000020f5254f428]

GC Heap History (2 events):
Event: 2.901 GC heap before
{Heap before GC invocations=1 (full 0):
 PSYoungGen      total 29696K, used 25600K [0x00000000eab00000, 0x00000000ecc00000, 0x0000000100000000)
  eden space 25600K, 100% used [0x00000000eab00000,0x00000000ec400000,0x00000000ec400000)
  from space 4096K, 0% used [0x00000000ec800000,0x00000000ec800000,0x00000000ecc00000)
  to   space 4096K, 0% used [0x00000000ec400000,0x00000000ec400000,0x00000000ec800000)
 ParOldGen       total 68608K, used 0K [0x00000000c0000000, 0x00000000c4300000, 0x00000000eab00000)
  object space 68608K, 0% used [0x00000000c0000000,0x00000000c0000000,0x00000000c4300000)
 Metaspace       used 10983K, committed 11200K, reserved 1114112K
  class space    used 1095K, committed 1216K, reserved 1048576K
}
Event: 2.912 GC heap after
{Heap after GC invocations=1 (full 0):
 PSYoungGen      total 29696K, used 3165K [0x00000000eab00000, 0x00000000ecc00000, 0x0000000100000000)
  eden space 25600K, 0% used [0x00000000eab00000,0x00000000eab00000,0x00000000ec400000)
  from space 4096K, 77% used [0x00000000ec400000,0x00000000ec717700,0x00000000ec800000)
  to   space 4096K, 0% used [0x00000000ec800000,0x00000000ec800000,0x00000000ecc00000)
 ParOldGen       total 68608K, used 16K [0x00000000c0000000, 0x00000000c4300000, 0x00000000eab00000)
  object space 68608K, 0% used [0x00000000c0000000,0x00000000c0004000,0x00000000c4300000)
 Metaspace       used 10983K, committed 11200K, reserved 1114112K
  class space    used 1095K, committed 1216K, reserved 1048576K
}

Dll operation events (8 events):
Event: 0.033 Loaded shared library c:\Users\holar\.vscode\extensions\redhat.java-1.32.0-win32-x64\jre\17.0.11-win32-x86_64\bin\java.dll
Event: 0.515 Loaded shared library c:\Users\holar\.vscode\extensions\redhat.java-1.32.0-win32-x64\jre\17.0.11-win32-x86_64\bin\zip.dll
Event: 0.522 Loaded shared library C:\Users\holar\.vscode\extensions\redhat.java-1.32.0-win32-x64\jre\17.0.11-win32-x86_64\bin\instrument.dll
Event: 0.550 Loaded shared library C:\Users\holar\.vscode\extensions\redhat.java-1.32.0-win32-x64\jre\17.0.11-win32-x86_64\bin\net.dll
Event: 0.553 Loaded shared library C:\Users\holar\.vscode\extensions\redhat.java-1.32.0-win32-x64\jre\17.0.11-win32-x86_64\bin\nio.dll
Event: 0.567 Loaded shared library C:\Users\holar\.vscode\extensions\redhat.java-1.32.0-win32-x64\jre\17.0.11-win32-x86_64\bin\zip.dll
Event: 0.617 Loaded shared library C:\Users\holar\.vscode\extensions\redhat.java-1.32.0-win32-x64\jre\17.0.11-win32-x86_64\bin\jimage.dll
Event: 0.825 Loaded shared library c:\Users\holar\.vscode\extensions\redhat.java-1.32.0-win32-x64\jre\17.0.11-win32-x86_64\bin\verify.dll

Deoptimization events (20 events):
Event: 3.199 Thread 0x0000020f4f612a60 DEOPT PACKING pc=0x0000020f59daa2e0 sp=0x000000e4bd9f7fe0
Event: 3.199 Thread 0x0000020f4f612a60 DEOPT UNPACKING pc=0x0000020f598366a3 sp=0x000000e4bd9f7f90 mode 2
Event: 3.199 Thread 0x0000020f4f612a60 Uncommon trap: trap_request=0xffffffc6 fr.pc=0x0000020f59daa2e0 relative=0x00000000000002c0
Event: 3.199 Thread 0x0000020f4f612a60 Uncommon trap: reason=bimorphic_or_optimized_type_check action=maybe_recompile pc=0x0000020f59daa2e0 method=java.util.Collections$UnmodifiableCollection$1.next()Ljava/lang/Object; @ 4 c2
Event: 3.199 Thread 0x0000020f4f612a60 DEOPT PACKING pc=0x0000020f59daa2e0 sp=0x000000e4bd9f7fe0
Event: 3.199 Thread 0x0000020f4f612a60 DEOPT UNPACKING pc=0x0000020f598366a3 sp=0x000000e4bd9f7f90 mode 2
Event: 3.229 Thread 0x0000020f4f612a60 DEOPT PACKING pc=0x0000020f52324845 sp=0x000000e4bd9f6d70
Event: 3.229 Thread 0x0000020f4f612a60 DEOPT UNPACKING pc=0x0000020f59836e43 sp=0x000000e4bd9f6220 mode 0
Event: 3.509 Thread 0x0000020f4f612a60 Uncommon trap: trap_request=0xffffffde fr.pc=0x0000020f59de07a0 relative=0x0000000000000960
Event: 3.509 Thread 0x0000020f4f612a60 Uncommon trap: reason=class_check action=maybe_recompile pc=0x0000020f59de07a0 method=java.util.HashMap.putVal(ILjava/lang/Object;Ljava/lang/Object;ZZ)Ljava/lang/Object; @ 253 c2
Event: 3.510 Thread 0x0000020f4f612a60 DEOPT PACKING pc=0x0000020f59de07a0 sp=0x000000e4bd9fddb0
Event: 3.510 Thread 0x0000020f4f612a60 DEOPT UNPACKING pc=0x0000020f598366a3 sp=0x000000e4bd9fdd30 mode 2
Event: 3.513 Thread 0x0000020f4f612a60 Uncommon trap: trap_request=0xffffffde fr.pc=0x0000020f59de07a0 relative=0x0000000000000960
Event: 3.513 Thread 0x0000020f4f612a60 Uncommon trap: reason=class_check action=maybe_recompile pc=0x0000020f59de07a0 method=java.util.HashMap.putVal(ILjava/lang/Object;Ljava/lang/Object;ZZ)Ljava/lang/Object; @ 253 c2
Event: 3.513 Thread 0x0000020f4f612a60 DEOPT PACKING pc=0x0000020f59de07a0 sp=0x000000e4bd9fddb0
Event: 3.513 Thread 0x0000020f4f612a60 DEOPT UNPACKING pc=0x0000020f598366a3 sp=0x000000e4bd9fdd30 mode 2
Event: 3.598 Thread 0x0000020f4f612a60 Uncommon trap: trap_request=0xffffff45 fr.pc=0x0000020f59db213c relative=0x000000000000011c
Event: 3.598 Thread 0x0000020f4f612a60 Uncommon trap: reason=unstable_if action=reinterpret pc=0x0000020f59db213c method=java.math.BigInteger.addOne([IIII)I @ 55 c2
Event: 3.598 Thread 0x0000020f4f612a60 DEOPT PACKING pc=0x0000020f59db213c sp=0x000000e4bd9fc660
Event: 3.598 Thread 0x0000020f4f612a60 DEOPT UNPACKING pc=0x0000020f598366a3 sp=0x000000e4bd9fc5e0 mode 2

Classes unloaded (0 events):
No events

Classes redefined (0 events):
No events

Internal exceptions (20 events):
Event: 2.063 Thread 0x0000020f4f612a60 Exception <a 'java/io/FileNotFoundException'{0x00000000eb87c630}> (0x00000000eb87c630) 
thrown [s\src\hotspot\share\prims\jni.cpp, line 516]
Event: 2.075 Thread 0x0000020f4f612a60 Implicit null exception at 0x0000020f59db2af2 to 0x0000020f59db3040
Event: 2.076 Thread 0x0000020f4f612a60 Implicit null exception at 0x0000020f59db36f2 to 0x0000020f59db3c54
Event: 2.085 Thread 0x0000020f4f612a60 Exception <a 'java/io/FileNotFoundException'{0x00000000eb8b5440}> (0x00000000eb8b5440) 
thrown [s\src\hotspot\share\prims\jni.cpp, line 516]
Event: 2.660 Thread 0x0000020f4f612a60 Exception <a 'java/lang/ClassNotFoundException'{0x00000000ec0d5108}: sun/net/www/protocol/c/Handler> (0x00000000ec0d5108) 
thrown [s\src\hotspot\share\classfile\systemDictionary.cpp, line 256]
Event: 2.661 Thread 0x0000020f4f612a60 Exception <a 'java/lang/ClassNotFoundException'{0x00000000ec0d6478}: sun/net/www/protocol/c/Handler> (0x00000000ec0d6478) 
thrown [s\src\hotspot\share\classfile\systemDictionary.cpp, line 256]
Event: 2.661 Thread 0x0000020f4f612a60 Exception <a 'java/lang/ClassNotFoundException'{0x00000000ec0d7640}: sun/net/www/protocol/c/Handler> (0x00000000ec0d7640) 
thrown [s\src\hotspot\share\classfile\systemDictionary.cpp, line 256]
Event: 2.701 Thread 0x0000020f4f612a60 Exception <a 'java/io/FileNotFoundException'{0x00000000ec0fb010}> (0x00000000ec0fb010) 
thrown [s\src\hotspot\share\prims\jni.cpp, line 516]
Event: 2.785 Thread 0x0000020f4f612a60 Implicit null exception at 0x0000020f59dd4a80 to 0x0000020f59dd547c
Event: 2.785 Thread 0x0000020f4f612a60 Implicit null exception at 0x0000020f59dc6b6c to 0x0000020f59dc6d5c
Event: 2.786 Thread 0x0000020f4f612a60 Implicit null exception at 0x0000020f59dc61ec to 0x0000020f59dc63d8
Event: 2.786 Thread 0x0000020f4f612a60 Implicit null exception at 0x0000020f59dbfe0f to 0x0000020f59dbfe89
Event: 2.880 Thread 0x0000020f4f612a60 Exception <a 'java/lang/NoSuchMethodError'{0x00000000ec3d3b80}: 'int java.lang.invoke.DirectMethodHandle$Holder.invokeStaticInit(java.lang.Object, java.lang.Object, java.lang.Object, java.lang.Object)'> (0x00000000ec3d3b80) 
thrown [s\src\hotspot\share\interpreter\linkResolver.cpp, line 759]
Event: 2.883 Thread 0x0000020f4f612a60 Exception <a 'java/lang/NoSuchMethodError'{0x00000000ec3de1f0}: 'java.lang.Object java.lang.invoke.DirectMethodHandle$Holder.invokeInterface(java.lang.Object, java.lang.Object)'> (0x00000000ec3de1f0) 
thrown [s\src\hotspot\share\interpreter\linkResolver.cpp, line 759]
Event: 2.884 Thread 0x0000020f4f612a60 Exception <a 'java/lang/IncompatibleClassChangeError'{0x00000000ec3e19e8}: Found class java.lang.Object, but interface was expected> (0x00000000ec3e19e8) 
thrown [s\src\hotspot\share\interpreter\linkResolver.cpp, line 826]
Event: 2.890 Thread 0x0000020f4f612a60 Exception <a 'java/lang/NoSuchMethodError'{0x00000000ec3e5ed8}: 'void java.lang.invoke.DirectMethodHandle$Holder.invokeStatic(java.lang.Object, java.lang.Object)'> (0x00000000ec3e5ed8) 
thrown [s\src\hotspot\share\interpreter\linkResolver.cpp, line 759]
Event: 2.891 Thread 0x0000020f4f612a60 Exception <a 'java/lang/NoSuchMethodError'{0x00000000ec3e96d8}: 'void java.lang.invoke.DirectMethodHandle$Holder.invokeStaticInit(java.lang.Object, java.lang.Object)'> (0x00000000ec3e96d8) 
thrown [s\src\hotspot\share\interpreter\linkResolver.cpp, line 759]
Event: 2.894 Thread 0x0000020f4f612a60 Exception <a 'java/lang/NoSuchMethodError'{0x00000000ec3f0ae8}: 'int java.lang.invoke.DirectMethodHandle$Holder.invokeStaticInit(java.lang.Object, java.lang.Object)'> (0x00000000ec3f0ae8) 
thrown [s\src\hotspot\share\interpreter\linkResolver.cpp, line 759]
Event: 2.982 Thread 0x0000020f4f612a60 Exception <a 'java/lang/NoSuchMethodError'{0x00000000eac5a5a8}: 'void java.lang.invoke.DirectMethodHandle$Holder.invokeSpecial(java.lang.Object, java.lang.Object, java.lang.Object)'> (0x00000000eac5a5a8) 
thrown [s\src\hotspot\share\interpreter\linkResolver.cpp, line 759]
Event: 3.479 Thread 0x0000020f4f612a60 Exception <a 'java/lang/NoSuchMethodError'{0x00000000eb915bc8}: 'java.lang.Object java.lang.invoke.DirectMethodHandle$Holder.newInvokeSpecial(java.lang.Object, int, java.lang.Object)'> (0x00000000eb915bc8) 
thrown [s\src\hotspot\share\interpreter\linkResolver.cpp, line 759]

VM Operations (20 events):
Event: 0.658 Executing VM operation: HandshakeAllThreads
Event: 0.658 Executing VM operation: HandshakeAllThreads done
Event: 1.663 Executing VM operation: Cleanup
Event: 1.663 Executing VM operation: Cleanup done
Event: 1.933 Executing VM operation: HandshakeAllThreads
Event: 1.933 Executing VM operation: HandshakeAllThreads done
Event: 1.987 Executing VM operation: HandshakeAllThreads
Event: 1.987 Executing VM operation: HandshakeAllThreads done
Event: 2.615 Executing VM operation: HandshakeAllThreads
Event: 2.615 Executing VM operation: HandshakeAllThreads done
Event: 2.901 Executing VM operation: ParallelGCFailedAllocation
Event: 2.912 Executing VM operation: ParallelGCFailedAllocation done
Event: 3.431 Executing VM operation: HandshakeAllThreads
Event: 3.431 Executing VM operation: HandshakeAllThreads done
Event: 3.431 Executing VM operation: HandshakeAllThreads
Event: 3.432 Executing VM operation: HandshakeAllThreads done
Event: 3.444 Executing VM operation: HandshakeAllThreads
Event: 3.444 Executing VM operation: HandshakeAllThreads done
Event: 3.468 Executing VM operation: HandshakeAllThreads
Event: 3.469 Executing VM operation: HandshakeAllThreads done

Events (20 events):
Event: 3.569 loading class javax/xml/parsers/ParserConfigurationException
Event: 3.571 loading class javax/xml/parsers/ParserConfigurationException done
Event: 3.576 loading class java/security/KeyStoreException
Event: 3.577 loading class java/security/KeyStoreException done
Event: 3.583 loading class sun/security/x509/SubjectAlternativeNameExtension
Event: 3.584 loading class sun/security/x509/SubjectAlternativeNameExtension done
Event: 3.584 loading class sun/security/x509/RFC822Name
Event: 3.584 loading class sun/security/x509/RFC822Name done
Event: 3.640 loading class java/util/LinkedList$Node
Event: 3.640 loading class java/util/LinkedList$Node done
Event: 3.640 loading class java/util/LinkedList$ListItr
Event: 3.640 loading class java/util/LinkedList$ListItr done
Event: 3.689 loading class sun/nio/fs/WindowsChannelFactory
Event: 3.690 loading class sun/nio/fs/WindowsChannelFactory done
Event: 3.690 loading class sun/nio/fs/WindowsChannelFactory$1
Event: 3.690 loading class sun/nio/fs/WindowsChannelFactory$1 done
Event: 3.690 loading class sun/nio/fs/WindowsChannelFactory$Flags
Event: 3.691 loading class sun/nio/fs/WindowsChannelFactory$Flags done
Event: 3.691 loading class sun/nio/ch/FileChannelImpl$Closer
Event: 3.691 loading class sun/nio/ch/FileChannelImpl$Closer done


Dynamic libraries:
0x00007ff66df20000 - 0x00007ff66df2e000 	c:\Users\holar\.vscode\extensions\redhat.java-1.32.0-win32-x64\jre\17.0.11-win32-x86_64\bin\java.exe
0x00007ff8d9a90000 - 0x00007ff8d9c88000 	C:\WINDOWS\SYSTEM32\ntdll.dll
0x00007ff8d8fc0000 - 0x00007ff8d9081000 	C:\WINDOWS\System32\KERNEL32.DLL
0x00007ff8d7600000 - 0x00007ff8d78f6000 	C:\WINDOWS\System32\KERNELBASE.dll
0x00007ff8d79c0000 - 0x00007ff8d7ac0000 	C:\WINDOWS\System32\ucrtbase.dll
0x00007ff8d1a10000 - 0x00007ff8d1a27000 	c:\Users\holar\.vscode\extensions\redhat.java-1.32.0-win32-x64\jre\17.0.11-win32-x86_64\bin\jli.dll
0x00007ff8d9740000 - 0x00007ff8d98df000 	C:\WINDOWS\System32\USER32.dll
0x00007ff8d7290000 - 0x00007ff8d72b2000 	C:\WINDOWS\System32\win32u.dll
0x00007ff8d9710000 - 0x00007ff8d973b000 	C:\WINDOWS\System32\GDI32.dll
0x00007ff8d7170000 - 0x00007ff8d7287000 	C:\WINDOWS\System32\gdi32full.dll
0x00007ff8d74d0000 - 0x00007ff8d756d000 	C:\WINDOWS\System32\msvcp_win.dll
0x00007ff8c9eb0000 - 0x00007ff8c9ecb000 	c:\Users\holar\.vscode\extensions\redhat.java-1.32.0-win32-x64\jre\17.0.11-win32-x86_64\bin\VCRUNTIME140.dll
0x00007ff8c6590000 - 0x00007ff8c682a000 	C:\WINDOWS\WinSxS\amd64_microsoft.windows.common-controls_6595b64144ccf1df_6.0.19041.4355_none_60b8b9eb71f62e16\COMCTL32.dll
0x00007ff8d8950000 - 0x00007ff8d89ee000 	C:\WINDOWS\System32\msvcrt.dll
0x00007ff8d9a20000 - 0x00007ff8d9a4f000 	C:\WINDOWS\System32\IMM32.DLL
0x00007ff8d1450000 - 0x00007ff8d145c000 	c:\Users\holar\.vscode\extensions\redhat.java-1.32.0-win32-x64\jre\17.0.11-win32-x86_64\bin\vcruntime140_1.dll
0x00007ff89e4f0000 - 0x00007ff89e57d000 	c:\Users\holar\.vscode\extensions\redhat.java-1.32.0-win32-x64\jre\17.0.11-win32-x86_64\bin\msvcp140.dll
0x00007ff84f0c0000 - 0x00007ff84fd22000 	c:\Users\holar\.vscode\extensions\redhat.java-1.32.0-win32-x64\jre\17.0.11-win32-x86_64\bin\server\jvm.dll
0x00007ff8d98e0000 - 0x00007ff8d9990000 	C:\WINDOWS\System32\ADVAPI32.dll
0x00007ff8d8230000 - 0x00007ff8d82d0000 	C:\WINDOWS\System32\sechost.dll
0x00007ff8d89f0000 - 0x00007ff8d8b13000 	C:\WINDOWS\System32\RPCRT4.dll
0x00007ff8d7140000 - 0x00007ff8d7167000 	C:\WINDOWS\System32\bcrypt.dll
0x00007ff8d6f90000 - 0x00007ff8d6fdb000 	C:\WINDOWS\SYSTEM32\POWRPROF.dll
0x00007ff8c4cd0000 - 0x00007ff8c4cd9000 	C:\WINDOWS\SYSTEM32\WSOCK32.dll
0x00007ff8d91b0000 - 0x00007ff8d921b000 	C:\WINDOWS\System32\WS2_32.dll
0x00007ff8c5520000 - 0x00007ff8c5547000 	C:\WINDOWS\SYSTEM32\WINMM.dll
0x00007ff8c6840000 - 0x00007ff8c684a000 	C:\WINDOWS\SYSTEM32\VERSION.dll
0x00007ff8d6f70000 - 0x00007ff8d6f82000 	C:\WINDOWS\SYSTEM32\UMPDC.dll
0x00007ff8d5910000 - 0x00007ff8d5922000 	C:\WINDOWS\SYSTEM32\kernel.appcore.dll
0x00007ff8d09f0000 - 0x00007ff8d09fa000 	c:\Users\holar\.vscode\extensions\redhat.java-1.32.0-win32-x64\jre\17.0.11-win32-x86_64\bin\jimage.dll
0x00007ff8d4e00000 - 0x00007ff8d4fe4000 	C:\WINDOWS\SYSTEM32\DBGHELP.DLL
0x00007ff8ba000000 - 0x00007ff8ba034000 	C:\WINDOWS\SYSTEM32\dbgcore.DLL
0x00007ff8d7570000 - 0x00007ff8d75f2000 	C:\WINDOWS\System32\bcryptPrimitives.dll
0x00007ff8cb3e0000 - 0x00007ff8cb3ee000 	c:\Users\holar\.vscode\extensions\redhat.java-1.32.0-win32-x64\jre\17.0.11-win32-x86_64\bin\instrument.dll
0x00007ff8c9bf0000 - 0x00007ff8c9c15000 	c:\Users\holar\.vscode\extensions\redhat.java-1.32.0-win32-x64\jre\17.0.11-win32-x86_64\bin\java.dll
0x00007ff8c9e90000 - 0x00007ff8c9ea8000 	c:\Users\holar\.vscode\extensions\redhat.java-1.32.0-win32-x64\jre\17.0.11-win32-x86_64\bin\zip.dll
0x00007ff8d7ac0000 - 0x00007ff8d822c000 	C:\WINDOWS\System32\SHELL32.dll
0x00007ff8d5160000 - 0x00007ff8d58fd000 	C:\WINDOWS\SYSTEM32\windows.storage.dll
0x00007ff8d8510000 - 0x00007ff8d8863000 	C:\WINDOWS\System32\combase.dll
0x00007ff8d69b0000 - 0x00007ff8d69de000 	C:\WINDOWS\SYSTEM32\Wldp.dll
0x00007ff8d94a0000 - 0x00007ff8d956d000 	C:\WINDOWS\System32\OLEAUT32.dll
0x00007ff8d8460000 - 0x00007ff8d850d000 	C:\WINDOWS\System32\SHCORE.dll
0x00007ff8d96b0000 - 0x00007ff8d9705000 	C:\WINDOWS\System32\shlwapi.dll
0x00007ff8d7070000 - 0x00007ff8d7094000 	C:\WINDOWS\SYSTEM32\profapi.dll
0x00007ff8bc6f0000 - 0x00007ff8bc709000 	C:\Users\holar\.vscode\extensions\redhat.java-1.32.0-win32-x64\jre\17.0.11-win32-x86_64\bin\net.dll
0x00007ff8c8880000 - 0x00007ff8c898a000 	C:\WINDOWS\SYSTEM32\WINHTTP.dll
0x00007ff8d6790000 - 0x00007ff8d67fa000 	C:\WINDOWS\system32\mswsock.dll
0x00007ff8ba040000 - 0x00007ff8ba056000 	C:\Users\holar\.vscode\extensions\redhat.java-1.32.0-win32-x64\jre\17.0.11-win32-x86_64\bin\nio.dll
0x00007ff8c7720000 - 0x00007ff8c7730000 	c:\Users\holar\.vscode\extensions\redhat.java-1.32.0-win32-x64\jre\17.0.11-win32-x86_64\bin\verify.dll
0x00007ff8c9c90000 - 0x00007ff8c9cd4000 	C:\Users\holar\AppData\Roaming\Code\User\globalStorage\redhat.java\1.32.0\config_ss_win\org.eclipse.equinox.launcher\org.eclipse.equinox.launcher.win32.win32.x86_64_1.2.1100.v20240613-2013\eclipse_11903.dll
0x00007ff8d8330000 - 0x00007ff8d845b000 	C:\WINDOWS\System32\ole32.dll

dbghelp: loaded successfully - version: 4.0.5 - missing functions: none
symbol engine: initialized successfully - sym options: 0x614 - pdb path: .;c:\Users\holar\.vscode\extensions\redhat.java-1.32.0-win32-x64\jre\17.0.11-win32-x86_64\bin;C:\WINDOWS\SYSTEM32;C:\WINDOWS\WinSxS\amd64_microsoft.windows.common-controls_6595b64144ccf1df_6.0.19041.4355_none_60b8b9eb71f62e16;c:\Users\holar\.vscode\extensions\redhat.java-1.32.0-win32-x64\jre\17.0.11-win32-x86_64\bin\server;C:\Users\holar\AppData\Roaming\Code\User\globalStorage\redhat.java\1.32.0\config_ss_win\org.eclipse.equinox.launcher\org.eclipse.equinox.launcher.win32.win32.x86_64_1.2.1100.v20240613-2013

VM Arguments:
jvm_args: --add-modules=ALL-SYSTEM --add-opens=java.base/java.util=ALL-UNNAMED --add-opens=java.base/java.lang=ALL-UNNAMED --add-opens=java.base/sun.nio.fs=ALL-UNNAMED -Declipse.application=org.eclipse.jdt.ls.core.id1 -Dosgi.bundles.defaultStartLevel=4 -Declipse.product=org.eclipse.jdt.ls.core.product -Djava.import.generatesMetadataFilesAtProjectRoot=false -DDetectVMInstallationsJob.disabled=true -Dfile.encoding=utf8 -XX:+UseParallelGC -XX:GCTimeRatio=4 -XX:AdaptiveSizePolicyWeight=90 -Dsun.zip.disableMemoryMapping=true -Xmx1G -Xms100m -Xlog:disable -javaagent:c:\Users\holar\.vscode\extensions\redhat.java-1.32.0-win32-x64\lombok\lombok-1.18.33.jar 
java_command: c:\Users\holar\.vscode\extensions\redhat.java-1.32.0-win32-x64\server\plugins\org.eclipse.equinox.launcher_1.6.900.v20240613-2009.jar -configuration c:\Users\holar\AppData\Roaming\Code\User\globalStorage\redhat.java\1.32.0\config_ss_win -data c:\Users\holar\AppData\Roaming\Code\User\workspaceStorage\86730f4890879325f6a557beb621e666\redhat.java\ss_ws --pipe=\\.\pipe\lsp-3dd9368fecbd91045f13b5ce34a65b8e-sock
java_class_path (initial): c:\Users\holar\.vscode\extensions\redhat.java-1.32.0-win32-x64\server\plugins\org.eclipse.equinox.launcher_1.6.900.v20240613-2009.jar
Launcher Type: SUN_STANDARD

[Global flags]
    uintx AdaptiveSizePolicyWeight                 = 90                                        {product} {command line}
     intx CICompilerCount                          = 3                                         {product} {ergonomic}
    uintx GCTimeRatio                              = 4                                         {product} {command line}
   size_t InitialHeapSize                          = 104857600                                 {product} {command line}
   size_t MaxHeapSize                              = 1073741824                                {product} {command line}
   size_t MaxNewSize                               = 357564416                                 {product} {ergonomic}
   size_t MinHeapDeltaBytes                        = 524288                                    {product} {ergonomic}
   size_t MinHeapSize                              = 104857600                                 {product} {command line}
   size_t NewSize                                  = 34603008                                  {product} {ergonomic}
    uintx NonNMethodCodeHeapSize                   = 5832780                                {pd product} {ergonomic}
    uintx NonProfiledCodeHeapSize                  = 122912730                              {pd product} {ergonomic}
   size_t OldSize                                  = 70254592                                  {product} {ergonomic}
    uintx ProfiledCodeHeapSize                     = 122912730                              {pd product} {ergonomic}
    uintx ReservedCodeCacheSize                    = 251658240                              {pd product} {ergonomic}
     bool SegmentedCodeCache                       = true                                      {product} {ergonomic}
   size_t SoftMaxHeapSize                          = 1073741824                             {manageable} {ergonomic}
     bool UseCompressedClassPointers               = true                           {product lp64_product} {ergonomic}
     bool UseCompressedOops                        = true                           {product lp64_product} {ergonomic}
     bool UseLargePagesIndividualAllocation        = false                                  {pd product} {ergonomic}
     bool UseParallelGC                            = true                                      {product} {command line}

Logging:
Log output configuration:
 #0: stdout all=off uptime,level,tags
 #1: stderr all=off uptime,level,tags

Environment Variables:
PATH=C:\Users\holar\miniconda3\condabin;C:\Users\holar\bin;C:\Program Files\Git\mingw64\bin;C:\Program Files\Git\usr\local\bin;C:\Program Files\Git\usr\bin;C:\Program Files\Git\usr\bin;C:\Program Files\Git\mingw64\bin;C:\Program Files\Git\usr\bin;C:\Users\holar\bin;C:\Program Files\Common Files\Oracle\Java\javapath;C:\WINDOWS\system32;C:\WINDOWS;C:\WINDOWS\System32\Wbem;C:\WINDOWS\System32\WindowsPowerShell\v1.0;C:\WINDOWS\System32\OpenSSH;C:\Program Files\nodejs;C:\Program Files\Git\cmd;C:\Program Files\Docker\Docker\resources\bin;C:\Users\holar\AppData\Local\Microsoft\WindowsApps;C:\Users\holar\AppData\Local\Programs\Microsoft VS Code\bin;C:\Users\holar\AppData\Roaming\npm;C:\Program Files\PostgreSQL\16\bin;C:\Program Files\maven\apache-maven-3.9.6\bin;C:\Users\holar\Desktop\redis\Redis-x64-3.0.504;C:\Program Files\Git\usr\bin\vendor_perl;C:\Program Files\Git\usr\bin\core_perl
USERNAME=Holar
SHELL=C:\Program Files\Git\usr\bin\bash.exe
DISPLAY=needs-to-be-defined
LC_CTYPE=en_GB.UTF-8
TERM=xterm
TMPDIR=C:\Users\holar\AppData\Local\Temp
OS=Windows_NT
PROCESSOR_IDENTIFIER=Intel64 Family 6 Model 78 Stepping 3, GenuineIntel
TMP=C:\Users\holar\AppData\Local\Temp
TEMP=C:\Users\holar\AppData\Local\Temp



Periodic native trim disabled


---------------  S Y S T E M  ---------------

OS:
 Windows 10 , 64 bit Build 19041 (10.0.19041.4597)
OS uptime: 0 days 15:31 hours
Hyper-V role detected

CPU: total 4 (initial active 4) (2 cores per cpu, 2 threads per core) family 6 model 78 stepping 3 microcode 0xcc, cx8, cmov, fxsr, ht, mmx, 3dnowpref, sse, sse2, sse3, ssse3, sse4.1, sse4.2, popcnt, lzcnt, tsc, tscinvbit, avx, avx2, aes, erms, clmul, bmi1, bmi2, rtm, adx, fma, vzeroupper, clflush, clflushopt, hv
Processor Information for processor 0
  Max Mhz: 2304, Current Mhz: 2304, Mhz Limit: 2304
Processor Information for processor 1
  Max Mhz: 2304, Current Mhz: 2304, Mhz Limit: 2304
Processor Information for processor 2
  Max Mhz: 2304, Current Mhz: 2304, Mhz Limit: 2304
Processor Information for processor 3
  Max Mhz: 2304, Current Mhz: 1402, Mhz Limit: 2304

Memory: 4k page, system-wide physical 3984M (66M free)
TotalPageFile size 16272M (AvailPageFile size 1M)
current process WorkingSet (physical memory assigned to process): 81M, peak: 81M
current process commit charge ("private bytes"): 190M, peak: 191M

vm_info: OpenJDK 64-Bit Server VM (17.0.11+9) for windows-amd64 JRE (17.0.11+9), built on Apr 17 2024 06:07:48 by "admin" with MS VC++ 16.10 / 16.11 (VS2019)

END.
