#
# There is insufficient memory for the Java Runtime Environment to continue.
# Native memory allocation (malloc) failed to allocate 340048 bytes. Error detail: Chunk::new
# Possible reasons:
#   The system is out of physical RAM or swap space
#   This process is running with CompressedOops enabled, and the Java Heap may be blocking the growth of the native heap
# Possible solutions:
#   Reduce memory load on the system
#   Increase physical memory or swap space
#   Check if swap backing store is full
#   Decrease Java heap size (-Xmx/-Xms)
#   Decrease number of Java threads
#   Decrease Java thread stack sizes (-Xss)
#   Set larger code cache with -XX:ReservedCodeCacheSize=
#   JVM is running with Unscaled Compressed Oops mode in which the Java heap is
#     placed in the first 4GB address space. The Java Heap base address is the
#     maximum limit for the native heap growth. Please use -XX:HeapBaseMinAddress
#     to set the Java Heap base and to place the Java Heap above 4GB virtual address.
# This output file may be truncated or incomplete.
#
#  Out of Memory Error (arena.cpp:191), pid=10332, tid=1952
#
# JRE version: OpenJDK Runtime Environment Temurin-17.0.11+9 (17.0.11+9) (build 17.0.11+9)
# Java VM: OpenJDK 64-Bit Server VM Temurin-17.0.11+9 (17.0.11+9, mixed mode, tiered, compressed oops, compressed class ptrs, parallel gc, windows-amd64)
# No core dump will be written. Minidumps are not enabled by default on client versions of Windows
#

---------------  S U M M A R Y ------------

Command Line: --add-modules=ALL-SYSTEM --add-opens=java.base/java.util=ALL-UNNAMED --add-opens=java.base/java.lang=ALL-UNNAMED --add-opens=java.base/sun.nio.fs=ALL-UNNAMED -Declipse.application=org.eclipse.jdt.ls.core.id1 -Dosgi.bundles.defaultStartLevel=4 -Declipse.product=org.eclipse.jdt.ls.core.product -Djava.import.generatesMetadataFilesAtProjectRoot=false -DDetectVMInstallationsJob.disabled=true -Dfile.encoding=utf8 -XX:+UseParallelGC -XX:GCTimeRatio=4 -XX:AdaptiveSizePolicyWeight=90 -Dsun.zip.disableMemoryMapping=true -Xmx1G -Xms100m -Xlog:disable -javaagent:c:\Users\holar\.vscode\extensions\redhat.java-1.32.0-win32-x64\lombok\lombok-1.18.33.jar -XX:+HeapDumpOnOutOfMemoryError -XX:HeapDumpPath=c:\Users\holar\AppData\Roaming\Code\User\workspaceStorage\86730f4890879325f6a557beb621e666\redhat.java -Daether.dependencyCollector.impl=bf c:\Users\holar\.vscode\extensions\redhat.java-1.32.0-win32-x64\server\plugins\org.eclipse.equinox.launcher_1.6.900.v20240613-2009.jar -configuration c:\Users\holar\AppData\Roaming\Code\User\globalStorage\redhat.java\1.32.0\config_win -data c:\Users\holar\AppData\Roaming\Code\User\workspaceStorage\86730f4890879325f6a557beb621e666\redhat.java\jdt_ws --pipe=\\.\pipe\lsp-7046a80b194c276d366b97dc9c5f1de0-sock

Host: Intel(R) Core(TM) i3-6100U CPU @ 2.30GHz, 4 cores, 3G,  Windows 10 , 64 bit Build 19041 (10.0.19041.4597)
Time: Sat Jul  6 22:54:35 2024 W. Central Africa Standard Time elapsed time: 9.051448 seconds (0d 0h 0m 9s)

---------------  T H R E A D  ---------------

Current thread (0x0000013e16f23910):  JavaThread "C2 CompilerThread0" daemon [_thread_in_native, id=1952, stack(0x0000001f8ad00000,0x0000001f8ae00000)]


Current CompileTask:
C2:   9051 1317       4       lombok.patcher.scripts.MethodLevelPatchScript::patch (21 bytes)

Stack: [0x0000001f8ad00000,0x0000001f8ae00000]
Native frames: (J=compiled Java code, j=interpreted, Vv=VM code, C=native code)
V  [jvm.dll+0x67d429]
V  [jvm.dll+0x834b7a]
V  [jvm.dll+0x83663e]
V  [jvm.dll+0x836ca3]
V  [jvm.dll+0x247dbf]
V  [jvm.dll+0xac534]
V  [jvm.dll+0xacb7c]
V  [jvm.dll+0x366647]
V  [jvm.dll+0x330bba]
V  [jvm.dll+0x33005a]
V  [jvm.dll+0x21a471]
V  [jvm.dll+0x2198b1]
V  [jvm.dll+0x1a534d]
V  [jvm.dll+0x2295cd]
V  [jvm.dll+0x22779c]
V  [jvm.dll+0x7e9d07]
V  [jvm.dll+0x7e410a]
V  [jvm.dll+0x67c315]
C  [ucrtbase.dll+0x21bb2]
C  [KERNEL32.DLL+0x17374]
C  [ntdll.dll+0x4cc91]


---------------  P R O C E S S  ---------------

Threads class SMR info:
_java_thread_list=0x0000013e1c8f6430, length=13, elements={
0x0000013e01184a20, 0x0000013e0123b670, 0x0000013e0123cf10, 0x0000013e16f1d140,
0x0000013e16f1dfc0, 0x0000013e16f20e50, 0x0000013e16f22a20, 0x0000013e16f23910,
0x0000013e1c13ca80, 0x0000013e1c13f750, 0x0000013e1c1bdb20, 0x0000013e1c36ca80,
0x0000013e1c90af40
}

Java Threads: ( => current thread )
  0x0000013e01184a20 JavaThread "main" [_thread_in_vm, id=9164, stack(0x0000001f8a400000,0x0000001f8a500000)]
  0x0000013e0123b670 JavaThread "Reference Handler" daemon [_thread_blocked, id=4828, stack(0x0000001f8a700000,0x0000001f8a800000)]
  0x0000013e0123cf10 JavaThread "Finalizer" daemon [_thread_blocked, id=7836, stack(0x0000001f8a800000,0x0000001f8a900000)]
  0x0000013e16f1d140 JavaThread "Signal Dispatcher" daemon [_thread_blocked, id=8080, stack(0x0000001f8a900000,0x0000001f8aa00000)]
  0x0000013e16f1dfc0 JavaThread "Attach Listener" daemon [_thread_blocked, id=17732, stack(0x0000001f8aa00000,0x0000001f8ab00000)]
  0x0000013e16f20e50 JavaThread "Service Thread" daemon [_thread_blocked, id=17984, stack(0x0000001f8ab00000,0x0000001f8ac00000)]
  0x0000013e16f22a20 JavaThread "Monitor Deflation Thread" daemon [_thread_blocked, id=17764, stack(0x0000001f8ac00000,0x0000001f8ad00000)]
=>0x0000013e16f23910 JavaThread "C2 CompilerThread0" daemon [_thread_in_native, id=1952, stack(0x0000001f8ad00000,0x0000001f8ae00000)]
  0x0000013e1c13ca80 JavaThread "C1 CompilerThread0" daemon [_thread_blocked, id=3444, stack(0x0000001f8ae00000,0x0000001f8af00000)]
  0x0000013e1c13f750 JavaThread "Sweeper thread" daemon [_thread_blocked, id=9076, stack(0x0000001f8af00000,0x0000001f8b000000)]
  0x0000013e1c1bdb20 JavaThread "Common-Cleaner" daemon [_thread_blocked, id=1316, stack(0x0000001f8b000000,0x0000001f8b100000)]
  0x0000013e1c36ca80 JavaThread "Notification Thread" daemon [_thread_blocked, id=13708, stack(0x0000001f8b100000,0x0000001f8b200000)]
  0x0000013e1c90af40 JavaThread "Active Thread: Equinox Container: 34b20ea7-25bf-45b2-936e-40526cd3e9ff" [_thread_blocked, id=8668, stack(0x0000001f8b600000,0x0000001f8b700000)]

Other Threads:
  0x0000013e16ee6a20 VMThread "VM Thread" [stack: 0x0000001f8a600000,0x0000001f8a700000] [id=18860]
  0x0000013e1c39d340 WatcherThread [stack: 0x0000001f8b200000,0x0000001f8b300000] [id=17116]
  0x0000013e0119a1e0 GCTaskThread "GC Thread#0" [stack: 0x0000001f8a500000,0x0000001f8a600000] [id=7544]
  0x0000013e1c8c0030 GCTaskThread "GC Thread#1" [stack: 0x0000001f8b300000,0x0000001f8b400000] [id=10644]
  0x0000013e1c635c60 GCTaskThread "GC Thread#2" [stack: 0x0000001f8b400000,0x0000001f8b500000] [id=18020]
  0x0000013e1c635f20 GCTaskThread "GC Thread#3" [stack: 0x0000001f8b500000,0x0000001f8b600000] [id=7864]

Threads with active compile tasks:
C2 CompilerThread0     9135 1317       4       lombok.patcher.scripts.MethodLevelPatchScript::patch (21 bytes)

VM state: not at safepoint (normal execution)

VM Mutex/Monitor currently owned by a thread: None

Heap address: 0x00000000c0000000, size: 1024 MB, Compressed Oops mode: 32-bit

CDS archive(s) not mapped
Compressed class space mapped at: 0x0000000100000000-0x0000000140000000, reserved size: 1073741824
Narrow klass base: 0x0000000000000000, Narrow klass shift: 3, Narrow klass range: 0x140000000

GC Precious Log:
 CPUs: 4 total, 4 available
 Memory: 3984M
 Large Page Support: Disabled
 NUMA Support: Disabled
 Compressed Oops: Enabled (32-bit)
 Alignments: Space 512K, Generation 512K, Heap 2M
 Heap Min Capacity: 100M
 Heap Initial Capacity: 100M
 Heap Max Capacity: 1G
 Pre-touch: Disabled
 Parallel Workers: 4

Heap:
 PSYoungGen      total 29696K, used 17486K [0x00000000eab00000, 0x00000000ecc00000, 0x0000000100000000)
  eden space 25600K, 56% used [0x00000000eab00000,0x00000000eb902698,0x00000000ec400000)
  from space 4096K, 76% used [0x00000000ec400000,0x00000000ec711278,0x00000000ec800000)
  to   space 4096K, 0% used [0x00000000ec800000,0x00000000ec800000,0x00000000ecc00000)
 ParOldGen       total 68608K, used 0K [0x00000000c0000000, 0x00000000c4300000, 0x00000000eab00000)
  object space 68608K, 0% used [0x00000000c0000000,0x00000000c0000000,0x00000000c4300000)
 Metaspace       used 12930K, committed 13056K, reserved 1114112K
  class space    used 1263K, committed 1344K, reserved 1048576K

Card table byte_map: [0x0000013e147c0000,0x0000013e149d0000] _byte_map_base: 0x0000013e141c0000

Marking Bits: (ParMarkBitMap*) 0x00007ff84fc5d820
 Begin Bits: [0x0000013e14b30000, 0x0000013e15b30000)
 End Bits:   [0x0000013e15b30000, 0x0000013e16b30000)

Polling page: 0x0000013e01010000

Metaspace:

Usage:
  Non-class:     11.39 MB used.
      Class:      1.23 MB used.
       Both:     12.63 MB used.

Virtual space:
  Non-class space:       64.00 MB reserved,      11.44 MB ( 18%) committed,  1 nodes.
      Class space:        1.00 GB reserved,       1.31 MB ( <1%) committed,  1 nodes.
             Both:        1.06 GB reserved,      12.75 MB (  1%) committed. 

Chunk freelists:
   Non-Class:  3.95 MB
       Class:  14.57 MB
        Both:  18.53 MB

MaxMetaspaceSize: unlimited
CompressedClassSpaceSize: 1.00 GB
Initial GC threshold: 21.00 MB
Current GC threshold: 21.00 MB
CDS: off
MetaspaceReclaimPolicy: balanced
 - commit_granule_bytes: 65536.
 - commit_granule_words: 8192.
 - virtual_space_node_default_size: 8388608.
 - enlarge_chunks_in_place: 1.
 - new_chunks_are_fully_committed: 0.
 - uncommit_free_chunks: 1.
 - use_allocation_guard: 0.
 - handle_deallocations: 1.


Internal statistics:

num_allocs_failed_limit: 0.
num_arena_births: 40.
num_arena_deaths: 0.
num_vsnodes_births: 2.
num_vsnodes_deaths: 0.
num_space_committed: 204.
num_space_uncommitted: 0.
num_chunks_returned_to_freelist: 0.
num_chunks_taken_from_freelist: 172.
num_chunk_merges: 0.
num_chunk_splits: 114.
num_chunks_enlarged: 95.
num_inconsistent_stats: 0.

CodeHeap 'non-profiled nmethods': size=120000Kb used=555Kb max_used=555Kb free=119445Kb
 bounds [0x0000013e0d0b0000, 0x0000013e0d320000, 0x0000013e145e0000]
CodeHeap 'profiled nmethods': size=120000Kb used=2406Kb max_used=2406Kb free=117593Kb
 bounds [0x0000013e055e0000, 0x0000013e05850000, 0x0000013e0cb10000]
CodeHeap 'non-nmethods': size=5760Kb used=1157Kb max_used=1174Kb free=4602Kb
 bounds [0x0000013e0cb10000, 0x0000013e0cd80000, 0x0000013e0d0b0000]
 total_blobs=1806 nmethods=1361 adapters=359
 compilation: enabled
              stopped_count=0, restarted_count=0
 full_count=0

Compilation events (20 events):
Event: 8.974 Thread 0x0000013e1c13ca80 1327  s    3       java.util.Hashtable::remove (133 bytes)
Event: 8.975 Thread 0x0000013e1c13ca80 nmethod 1327 0x0000013e05824c90 code [0x0000013e05824e80, 0x0000013e058255b8]
Event: 8.975 Thread 0x0000013e1c13ca80 1326       3       java.lang.String::encode (48 bytes)
Event: 8.975 Thread 0x0000013e1c13ca80 nmethod 1326 0x0000013e05825810 code [0x0000013e05825a00, 0x0000013e05825d58]
Event: 8.976 Thread 0x0000013e1c13ca80 1328       3       jdk.internal.loader.URLClassPath::getResource (74 bytes)
Event: 8.977 Thread 0x0000013e1c13ca80 nmethod 1328 0x0000013e05825e90 code [0x0000013e05826060, 0x0000013e058263b8]
Event: 8.979 Thread 0x0000013e1c13ca80 1329       3       sun.security.util.ManifestEntryVerifier::<init> (65 bytes)
Event: 8.985 Thread 0x0000013e1c13ca80 nmethod 1329 0x0000013e05826510 code [0x0000013e05826740, 0x0000013e05826e68]
Event: 8.985 Thread 0x0000013e1c13ca80 1332       3       java.util.Base64$Decoder::decodeBlock (186 bytes)
Event: 8.988 Thread 0x0000013e1c13ca80 nmethod 1332 0x0000013e05827110 code [0x0000013e058272e0, 0x0000013e05827778]
Event: 8.989 Thread 0x0000013e1c13ca80 1330       3       java.security.MessageDigest::reset (10 bytes)
Event: 8.989 Thread 0x0000013e1c13ca80 nmethod 1330 0x0000013e05827a10 code [0x0000013e05827bc0, 0x0000013e05827e88]
Event: 8.989 Thread 0x0000013e1c13ca80 1331       3       java.security.MessageDigest$Delegate::engineReset (8 bytes)
Event: 8.989 Thread 0x0000013e1c13ca80 nmethod 1331 0x0000013e05827f90 code [0x0000013e05828140, 0x0000013e05828308]
Event: 9.029 Thread 0x0000013e1c13ca80 1334       3       java.util.zip.ZipFile$ZipFileInputStream::initDataOffset (117 bytes)
Event: 9.031 Thread 0x0000013e1c13ca80 nmethod 1334 0x0000013e05828410 code [0x0000013e05828640, 0x0000013e05828e68]
Event: 9.032 Thread 0x0000013e1c13ca80 1335   !   3       java.util.zip.ZipFile$Source::readAt (39 bytes)
Event: 9.033 Thread 0x0000013e1c13ca80 nmethod 1335 0x0000013e05829190 code [0x0000013e05829380, 0x0000013e058297e8]
Event: 9.033 Thread 0x0000013e1c13ca80 1336       3       java.util.zip.CRC32::<init> (5 bytes)
Event: 9.033 Thread 0x0000013e1c13ca80 nmethod 1336 0x0000013e05829b10 code [0x0000013e05829ca0, 0x0000013e05829df8]

GC Heap History (2 events):
Event: 5.117 GC heap before
{Heap before GC invocations=1 (full 0):
 PSYoungGen      total 29696K, used 25600K [0x00000000eab00000, 0x00000000ecc00000, 0x0000000100000000)
  eden space 25600K, 100% used [0x00000000eab00000,0x00000000ec400000,0x00000000ec400000)
  from space 4096K, 0% used [0x00000000ec800000,0x00000000ec800000,0x00000000ecc00000)
  to   space 4096K, 0% used [0x00000000ec400000,0x00000000ec400000,0x00000000ec800000)
 ParOldGen       total 68608K, used 0K [0x00000000c0000000, 0x00000000c4300000, 0x00000000eab00000)
  object space 68608K, 0% used [0x00000000c0000000,0x00000000c0000000,0x00000000c4300000)
 Metaspace       used 10967K, committed 11200K, reserved 1114112K
  class space    used 1089K, committed 1216K, reserved 1048576K
}
Event: 5.139 GC heap after
{Heap after GC invocations=1 (full 0):
 PSYoungGen      total 29696K, used 3140K [0x00000000eab00000, 0x00000000ecc00000, 0x0000000100000000)
  eden space 25600K, 0% used [0x00000000eab00000,0x00000000eab00000,0x00000000ec400000)
  from space 4096K, 76% used [0x00000000ec400000,0x00000000ec711278,0x00000000ec800000)
  to   space 4096K, 0% used [0x00000000ec800000,0x00000000ec800000,0x00000000ecc00000)
 ParOldGen       total 68608K, used 0K [0x00000000c0000000, 0x00000000c4300000, 0x00000000eab00000)
  object space 68608K, 0% used [0x00000000c0000000,0x00000000c0000000,0x00000000c4300000)
 Metaspace       used 10967K, committed 11200K, reserved 1114112K
  class space    used 1089K, committed 1216K, reserved 1048576K
}

Dll operation events (8 events):
Event: 0.140 Loaded shared library c:\Users\holar\.vscode\extensions\redhat.java-1.32.0-win32-x64\jre\17.0.11-win32-x86_64\bin\java.dll
Event: 1.394 Loaded shared library c:\Users\holar\.vscode\extensions\redhat.java-1.32.0-win32-x64\jre\17.0.11-win32-x86_64\bin\zip.dll
Event: 1.413 Loaded shared library C:\Users\holar\.vscode\extensions\redhat.java-1.32.0-win32-x64\jre\17.0.11-win32-x86_64\bin\instrument.dll
Event: 1.535 Loaded shared library C:\Users\holar\.vscode\extensions\redhat.java-1.32.0-win32-x64\jre\17.0.11-win32-x86_64\bin\net.dll
Event: 1.540 Loaded shared library C:\Users\holar\.vscode\extensions\redhat.java-1.32.0-win32-x64\jre\17.0.11-win32-x86_64\bin\nio.dll
Event: 1.651 Loaded shared library C:\Users\holar\.vscode\extensions\redhat.java-1.32.0-win32-x64\jre\17.0.11-win32-x86_64\bin\zip.dll
Event: 1.795 Loaded shared library C:\Users\holar\.vscode\extensions\redhat.java-1.32.0-win32-x64\jre\17.0.11-win32-x86_64\bin\jimage.dll
Event: 2.261 Loaded shared library c:\Users\holar\.vscode\extensions\redhat.java-1.32.0-win32-x64\jre\17.0.11-win32-x86_64\bin\verify.dll

Deoptimization events (20 events):
Event: 7.724 Thread 0x0000013e01184a20 DEOPT PACKING pc=0x0000013e0d0e8c70 sp=0x0000001f8a4f8030
Event: 7.724 Thread 0x0000013e01184a20 DEOPT UNPACKING pc=0x0000013e0cb666a3 sp=0x0000001f8a4f7ff0 mode 2
Event: 7.724 Thread 0x0000013e01184a20 Uncommon trap: trap_request=0xffffff45 fr.pc=0x0000013e0d0e1b14 relative=0x0000000000000074
Event: 7.724 Thread 0x0000013e01184a20 Uncommon trap: reason=unstable_if action=reinterpret pc=0x0000013e0d0e1b14 method=lombok.patcher.scripts.MethodLevelPatchScript.patch(Ljava/lang/String;[BLlombok/patcher/TransplantMapper;)[B @ 8 c2
Event: 7.724 Thread 0x0000013e01184a20 DEOPT PACKING pc=0x0000013e0d0e1b14 sp=0x0000001f8a4f80a0
Event: 7.807 Thread 0x0000013e01184a20 DEOPT UNPACKING pc=0x0000013e0cb666a3 sp=0x0000001f8a4f8030 mode 2
Event: 7.807 Thread 0x0000013e01184a20 Uncommon trap: trap_request=0xffffff45 fr.pc=0x0000013e0d109a18 relative=0x0000000000000478
Event: 7.807 Thread 0x0000013e01184a20 Uncommon trap: reason=unstable_if action=reinterpret pc=0x0000013e0d109a18 method=java.lang.String.<init>([BIILjava/nio/charset/Charset;)V @ 47 c2
Event: 7.807 Thread 0x0000013e01184a20 DEOPT PACKING pc=0x0000013e0d109a18 sp=0x0000001f8a4f7420
Event: 7.807 Thread 0x0000013e01184a20 DEOPT UNPACKING pc=0x0000013e0cb666a3 sp=0x0000001f8a4f73d8 mode 2
Event: 7.812 Thread 0x0000013e01184a20 DEOPT PACKING pc=0x0000013e056526c5 sp=0x0000001f8a4f74f0
Event: 7.812 Thread 0x0000013e01184a20 DEOPT UNPACKING pc=0x0000013e0cb66e43 sp=0x0000001f8a4f69a0 mode 0
Event: 8.241 Thread 0x0000013e01184a20 Uncommon trap: trap_request=0xffffffc6 fr.pc=0x0000013e0d0da6e0 relative=0x00000000000002c0
Event: 8.241 Thread 0x0000013e01184a20 Uncommon trap: reason=bimorphic_or_optimized_type_check action=maybe_recompile pc=0x0000013e0d0da6e0 method=java.util.Collections$UnmodifiableCollection$1.next()Ljava/lang/Object; @ 4 c2
Event: 8.241 Thread 0x0000013e01184a20 DEOPT PACKING pc=0x0000013e0d0da6e0 sp=0x0000001f8a4f7af0
Event: 8.241 Thread 0x0000013e01184a20 DEOPT UNPACKING pc=0x0000013e0cb666a3 sp=0x0000001f8a4f7aa0 mode 2
Event: 8.241 Thread 0x0000013e01184a20 Uncommon trap: trap_request=0xffffffc6 fr.pc=0x0000013e0d0da6e0 relative=0x00000000000002c0
Event: 8.241 Thread 0x0000013e01184a20 Uncommon trap: reason=bimorphic_or_optimized_type_check action=maybe_recompile pc=0x0000013e0d0da6e0 method=java.util.Collections$UnmodifiableCollection$1.next()Ljava/lang/Object; @ 4 c2
Event: 8.241 Thread 0x0000013e01184a20 DEOPT PACKING pc=0x0000013e0d0da6e0 sp=0x0000001f8a4f7af0
Event: 8.241 Thread 0x0000013e01184a20 DEOPT UNPACKING pc=0x0000013e0cb666a3 sp=0x0000001f8a4f7aa0 mode 2

Classes unloaded (0 events):
No events

Classes redefined (0 events):
No events

Internal exceptions (20 events):
Event: 3.934 Thread 0x0000013e01184a20 Exception <a 'java/io/FileNotFoundException'{0x00000000eb891938}> (0x00000000eb891938) 
thrown [s\src\hotspot\share\prims\jni.cpp, line 516]
Event: 3.935 Thread 0x0000013e01184a20 Exception <a 'java/io/FileNotFoundException'{0x00000000eb892628}> (0x00000000eb892628) 
thrown [s\src\hotspot\share\prims\jni.cpp, line 516]
Event: 3.935 Thread 0x0000013e01184a20 Exception <a 'java/io/FileNotFoundException'{0x00000000eb8932e8}> (0x00000000eb8932e8) 
thrown [s\src\hotspot\share\prims\jni.cpp, line 516]
Event: 3.944 Thread 0x0000013e01184a20 Implicit null exception at 0x0000013e0d0d4772 to 0x0000013e0d0d4cc0
Event: 3.958 Thread 0x0000013e01184a20 Exception <a 'java/io/FileNotFoundException'{0x00000000eb8cc0e8}> (0x00000000eb8cc0e8) 
thrown [s\src\hotspot\share\prims\jni.cpp, line 516]
Event: 4.877 Thread 0x0000013e01184a20 Exception <a 'java/lang/ClassNotFoundException'{0x00000000ec0ed168}: sun/net/www/protocol/c/Handler> (0x00000000ec0ed168) 
thrown [s\src\hotspot\share\classfile\systemDictionary.cpp, line 256]
Event: 4.877 Thread 0x0000013e01184a20 Exception <a 'java/lang/ClassNotFoundException'{0x00000000ec0ee4d8}: sun/net/www/protocol/c/Handler> (0x00000000ec0ee4d8) 
thrown [s\src\hotspot\share\classfile\systemDictionary.cpp, line 256]
Event: 4.878 Thread 0x0000013e01184a20 Exception <a 'java/lang/ClassNotFoundException'{0x00000000ec0ef6a0}: sun/net/www/protocol/c/Handler> (0x00000000ec0ef6a0) 
thrown [s\src\hotspot\share\classfile\systemDictionary.cpp, line 256]
Event: 4.896 Thread 0x0000013e01184a20 Exception <a 'java/io/FileNotFoundException'{0x00000000ec116ae8}> (0x00000000ec116ae8) 
thrown [s\src\hotspot\share\prims\jni.cpp, line 516]
Event: 4.989 Thread 0x0000013e01184a20 Implicit null exception at 0x0000013e0d0ef6e0 to 0x0000013e0d0efff8
Event: 4.990 Thread 0x0000013e01184a20 Implicit null exception at 0x0000013e0d0fa2ec to 0x0000013e0d0fa4d8
Event: 4.990 Thread 0x0000013e01184a20 Implicit null exception at 0x0000013e0d0f9c6c to 0x0000013e0d0f9e54
Event: 4.990 Thread 0x0000013e01184a20 Implicit null exception at 0x0000013e0d0f3a0f to 0x0000013e0d0f3a89
Event: 5.101 Thread 0x0000013e01184a20 Exception <a 'java/lang/NoSuchMethodError'{0x00000000ec3ef598}: 'int java.lang.invoke.DirectMethodHandle$Holder.invokeStaticInit(java.lang.Object, java.lang.Object, java.lang.Object, java.lang.Object)'> (0x00000000ec3ef598) 
thrown [s\src\hotspot\share\interpreter\linkResolver.cpp, line 759]
Event: 5.115 Thread 0x0000013e01184a20 Exception <a 'java/lang/NoSuchMethodError'{0x00000000ec3f9c08}: 'java.lang.Object java.lang.invoke.DirectMethodHandle$Holder.invokeInterface(java.lang.Object, java.lang.Object)'> (0x00000000ec3f9c08) 
thrown [s\src\hotspot\share\interpreter\linkResolver.cpp, line 759]
Event: 5.116 Thread 0x0000013e01184a20 Exception <a 'java/lang/IncompatibleClassChangeError'{0x00000000ec3fd400}: Found class java.lang.Object, but interface was expected> (0x00000000ec3fd400) 
thrown [s\src\hotspot\share\interpreter\linkResolver.cpp, line 826]
Event: 5.141 Thread 0x0000013e01184a20 Exception <a 'java/lang/NoSuchMethodError'{0x00000000eab01c30}: 'void java.lang.invoke.DirectMethodHandle$Holder.invokeStatic(java.lang.Object, java.lang.Object)'> (0x00000000eab01c30) 
thrown [s\src\hotspot\share\interpreter\linkResolver.cpp, line 759]
Event: 5.142 Thread 0x0000013e01184a20 Exception <a 'java/lang/NoSuchMethodError'{0x00000000eab05430}: 'void java.lang.invoke.DirectMethodHandle$Holder.invokeStaticInit(java.lang.Object, java.lang.Object)'> (0x00000000eab05430) 
thrown [s\src\hotspot\share\interpreter\linkResolver.cpp, line 759]
Event: 5.144 Thread 0x0000013e01184a20 Exception <a 'java/lang/NoSuchMethodError'{0x00000000eab0c940}: 'int java.lang.invoke.DirectMethodHandle$Holder.invokeStaticInit(java.lang.Object, java.lang.Object)'> (0x00000000eab0c940) 
thrown [s\src\hotspot\share\interpreter\linkResolver.cpp, line 759]
Event: 7.207 Thread 0x0000013e01184a20 Exception <a 'java/lang/NoSuchMethodError'{0x00000000eac4f8f8}: 'void java.lang.invoke.DirectMethodHandle$Holder.invokeSpecial(java.lang.Object, java.lang.Object, java.lang.Object)'> (0x00000000eac4f8f8) 
thrown [s\src\hotspot\share\interpreter\linkResolver.cpp, line 759]

VM Operations (20 events):
Event: 1.277 Executing VM operation: HandshakeAllThreads
Event: 1.277 Executing VM operation: HandshakeAllThreads done
Event: 1.990 Executing VM operation: HandshakeAllThreads
Event: 1.990 Executing VM operation: HandshakeAllThreads done
Event: 1.990 Executing VM operation: Cleanup
Event: 1.990 Executing VM operation: Cleanup done
Event: 2.996 Executing VM operation: Cleanup
Event: 2.996 Executing VM operation: Cleanup done
Event: 3.585 Executing VM operation: HandshakeAllThreads
Event: 3.585 Executing VM operation: HandshakeAllThreads done
Event: 3.723 Executing VM operation: HandshakeAllThreads
Event: 3.723 Executing VM operation: HandshakeAllThreads done
Event: 4.728 Executing VM operation: Cleanup
Event: 4.730 Executing VM operation: Cleanup done
Event: 5.117 Executing VM operation: ParallelGCFailedAllocation
Event: 5.139 Executing VM operation: ParallelGCFailedAllocation done
Event: 6.150 Executing VM operation: Cleanup
Event: 6.150 Executing VM operation: Cleanup done
Event: 8.167 Executing VM operation: Cleanup
Event: 8.167 Executing VM operation: Cleanup done

Events (20 events):
Event: 8.994 loading class java/util/concurrent/Future done
Event: 8.994 loading class java/util/concurrent/RunnableFuture done
Event: 8.994 loading class java/util/concurrent/ScheduledFuture
Event: 8.995 loading class java/util/concurrent/Delayed
Event: 8.995 loading class java/util/concurrent/Delayed done
Event: 8.995 loading class java/util/concurrent/ScheduledFuture done
Event: 8.995 loading class java/util/concurrent/RunnableScheduledFuture done
Event: 8.996 loading class java/util/concurrent/ScheduledThreadPoolExecutor$ScheduledFutureTask
Event: 8.996 loading class java/util/concurrent/FutureTask
Event: 9.018 loading class java/util/concurrent/FutureTask done
Event: 9.018 loading class java/util/concurrent/ScheduledThreadPoolExecutor$ScheduledFutureTask done
Event: 9.018 loading class java/util/concurrent/FutureTask$WaitNode
Event: 9.018 loading class java/util/concurrent/FutureTask$WaitNode done
Event: 9.018 loading class java/util/concurrent/Executors$RunnableAdapter
Event: 9.021 loading class java/util/concurrent/Executors$RunnableAdapter done
Event: 9.022 loading class java/util/concurrent/ThreadPoolExecutor$Worker
Event: 9.022 loading class java/util/concurrent/ThreadPoolExecutor$Worker done
Event: 9.023 loading class java/lang/Thread$State
Event: 9.024 loading class java/lang/Thread$State done
Event: 9.028 Thread 0x0000013e1c90af40 Thread added: 0x0000013e1c90af40


Dynamic libraries:
0x00007ff66df20000 - 0x00007ff66df2e000 	c:\Users\holar\.vscode\extensions\redhat.java-1.32.0-win32-x64\jre\17.0.11-win32-x86_64\bin\java.exe
0x00007ff8d9a90000 - 0x00007ff8d9c88000 	C:\WINDOWS\SYSTEM32\ntdll.dll
0x00007ff8d8fc0000 - 0x00007ff8d9081000 	C:\WINDOWS\System32\KERNEL32.DLL
0x00007ff8d7600000 - 0x00007ff8d78f6000 	C:\WINDOWS\System32\KERNELBASE.dll
0x00007ff8d79c0000 - 0x00007ff8d7ac0000 	C:\WINDOWS\System32\ucrtbase.dll
0x00007ff8d1a10000 - 0x00007ff8d1a27000 	c:\Users\holar\.vscode\extensions\redhat.java-1.32.0-win32-x64\jre\17.0.11-win32-x86_64\bin\jli.dll
0x00007ff8d9740000 - 0x00007ff8d98df000 	C:\WINDOWS\System32\USER32.dll
0x00007ff8d7290000 - 0x00007ff8d72b2000 	C:\WINDOWS\System32\win32u.dll
0x00007ff8d9710000 - 0x00007ff8d973b000 	C:\WINDOWS\System32\GDI32.dll
0x00007ff8d7170000 - 0x00007ff8d7287000 	C:\WINDOWS\System32\gdi32full.dll
0x00007ff8d74d0000 - 0x00007ff8d756d000 	C:\WINDOWS\System32\msvcp_win.dll
0x00007ff8c9eb0000 - 0x00007ff8c9ecb000 	c:\Users\holar\.vscode\extensions\redhat.java-1.32.0-win32-x64\jre\17.0.11-win32-x86_64\bin\VCRUNTIME140.dll
0x00007ff8c6590000 - 0x00007ff8c682a000 	C:\WINDOWS\WinSxS\amd64_microsoft.windows.common-controls_6595b64144ccf1df_6.0.19041.4355_none_60b8b9eb71f62e16\COMCTL32.dll
0x00007ff8d8950000 - 0x00007ff8d89ee000 	C:\WINDOWS\System32\msvcrt.dll
0x00007ff8d9a20000 - 0x00007ff8d9a4f000 	C:\WINDOWS\System32\IMM32.DLL
0x00007ff8d1450000 - 0x00007ff8d145c000 	c:\Users\holar\.vscode\extensions\redhat.java-1.32.0-win32-x64\jre\17.0.11-win32-x86_64\bin\vcruntime140_1.dll
0x00007ff89e4f0000 - 0x00007ff89e57d000 	c:\Users\holar\.vscode\extensions\redhat.java-1.32.0-win32-x64\jre\17.0.11-win32-x86_64\bin\msvcp140.dll
0x00007ff84f0c0000 - 0x00007ff84fd22000 	c:\Users\holar\.vscode\extensions\redhat.java-1.32.0-win32-x64\jre\17.0.11-win32-x86_64\bin\server\jvm.dll
0x00007ff8d98e0000 - 0x00007ff8d9990000 	C:\WINDOWS\System32\ADVAPI32.dll
0x00007ff8d8230000 - 0x00007ff8d82d0000 	C:\WINDOWS\System32\sechost.dll
0x00007ff8d89f0000 - 0x00007ff8d8b13000 	C:\WINDOWS\System32\RPCRT4.dll
0x00007ff8d7140000 - 0x00007ff8d7167000 	C:\WINDOWS\System32\bcrypt.dll
0x00007ff8d6f90000 - 0x00007ff8d6fdb000 	C:\WINDOWS\SYSTEM32\POWRPROF.dll
0x00007ff8c4cd0000 - 0x00007ff8c4cd9000 	C:\WINDOWS\SYSTEM32\WSOCK32.dll
0x00007ff8d91b0000 - 0x00007ff8d921b000 	C:\WINDOWS\System32\WS2_32.dll
0x00007ff8c5520000 - 0x00007ff8c5547000 	C:\WINDOWS\SYSTEM32\WINMM.dll
0x00007ff8c6840000 - 0x00007ff8c684a000 	C:\WINDOWS\SYSTEM32\VERSION.dll
0x00007ff8d6f70000 - 0x00007ff8d6f82000 	C:\WINDOWS\SYSTEM32\UMPDC.dll
0x00007ff8d5910000 - 0x00007ff8d5922000 	C:\WINDOWS\SYSTEM32\kernel.appcore.dll
0x00007ff8d09f0000 - 0x00007ff8d09fa000 	c:\Users\holar\.vscode\extensions\redhat.java-1.32.0-win32-x64\jre\17.0.11-win32-x86_64\bin\jimage.dll
0x00007ff8d4e00000 - 0x00007ff8d4fe4000 	C:\WINDOWS\SYSTEM32\DBGHELP.DLL
0x00007ff8ba000000 - 0x00007ff8ba034000 	C:\WINDOWS\SYSTEM32\dbgcore.DLL
0x00007ff8d7570000 - 0x00007ff8d75f2000 	C:\WINDOWS\System32\bcryptPrimitives.dll
0x00007ff8cb3e0000 - 0x00007ff8cb3ee000 	c:\Users\holar\.vscode\extensions\redhat.java-1.32.0-win32-x64\jre\17.0.11-win32-x86_64\bin\instrument.dll
0x00007ff8c9bf0000 - 0x00007ff8c9c15000 	c:\Users\holar\.vscode\extensions\redhat.java-1.32.0-win32-x64\jre\17.0.11-win32-x86_64\bin\java.dll
0x00007ff8c9e90000 - 0x00007ff8c9ea8000 	c:\Users\holar\.vscode\extensions\redhat.java-1.32.0-win32-x64\jre\17.0.11-win32-x86_64\bin\zip.dll
0x00007ff8d7ac0000 - 0x00007ff8d822c000 	C:\WINDOWS\System32\SHELL32.dll
0x00007ff8d5160000 - 0x00007ff8d58fd000 	C:\WINDOWS\SYSTEM32\windows.storage.dll
0x00007ff8d8510000 - 0x00007ff8d8863000 	C:\WINDOWS\System32\combase.dll
0x00007ff8d69b0000 - 0x00007ff8d69de000 	C:\WINDOWS\SYSTEM32\Wldp.dll
0x00007ff8d94a0000 - 0x00007ff8d956d000 	C:\WINDOWS\System32\OLEAUT32.dll
0x00007ff8d8460000 - 0x00007ff8d850d000 	C:\WINDOWS\System32\SHCORE.dll
0x00007ff8d96b0000 - 0x00007ff8d9705000 	C:\WINDOWS\System32\shlwapi.dll
0x00007ff8d7070000 - 0x00007ff8d7094000 	C:\WINDOWS\SYSTEM32\profapi.dll
0x00007ff8bc6f0000 - 0x00007ff8bc709000 	C:\Users\holar\.vscode\extensions\redhat.java-1.32.0-win32-x64\jre\17.0.11-win32-x86_64\bin\net.dll
0x00007ff8c8880000 - 0x00007ff8c898a000 	C:\WINDOWS\SYSTEM32\WINHTTP.dll
0x00007ff8d6790000 - 0x00007ff8d67fa000 	C:\WINDOWS\system32\mswsock.dll
0x00007ff8ba040000 - 0x00007ff8ba056000 	C:\Users\holar\.vscode\extensions\redhat.java-1.32.0-win32-x64\jre\17.0.11-win32-x86_64\bin\nio.dll
0x00007ff8c7720000 - 0x00007ff8c7730000 	c:\Users\holar\.vscode\extensions\redhat.java-1.32.0-win32-x64\jre\17.0.11-win32-x86_64\bin\verify.dll

dbghelp: loaded successfully - version: 4.0.5 - missing functions: none
symbol engine: initialized successfully - sym options: 0x614 - pdb path: .;c:\Users\holar\.vscode\extensions\redhat.java-1.32.0-win32-x64\jre\17.0.11-win32-x86_64\bin;C:\WINDOWS\SYSTEM32;C:\WINDOWS\WinSxS\amd64_microsoft.windows.common-controls_6595b64144ccf1df_6.0.19041.4355_none_60b8b9eb71f62e16;c:\Users\holar\.vscode\extensions\redhat.java-1.32.0-win32-x64\jre\17.0.11-win32-x86_64\bin\server

VM Arguments:
jvm_args: --add-modules=ALL-SYSTEM --add-opens=java.base/java.util=ALL-UNNAMED --add-opens=java.base/java.lang=ALL-UNNAMED --add-opens=java.base/sun.nio.fs=ALL-UNNAMED -Declipse.application=org.eclipse.jdt.ls.core.id1 -Dosgi.bundles.defaultStartLevel=4 -Declipse.product=org.eclipse.jdt.ls.core.product -Djava.import.generatesMetadataFilesAtProjectRoot=false -DDetectVMInstallationsJob.disabled=true -Dfile.encoding=utf8 -XX:+UseParallelGC -XX:GCTimeRatio=4 -XX:AdaptiveSizePolicyWeight=90 -Dsun.zip.disableMemoryMapping=true -Xmx1G -Xms100m -Xlog:disable -javaagent:c:\Users\holar\.vscode\extensions\redhat.java-1.32.0-win32-x64\lombok\lombok-1.18.33.jar -XX:+HeapDumpOnOutOfMemoryError -XX:HeapDumpPath=c:\Users\holar\AppData\Roaming\Code\User\workspaceStorage\86730f4890879325f6a557beb621e666\redhat.java -Daether.dependencyCollector.impl=bf 
java_command: c:\Users\holar\.vscode\extensions\redhat.java-1.32.0-win32-x64\server\plugins\org.eclipse.equinox.launcher_1.6.900.v20240613-2009.jar -configuration c:\Users\holar\AppData\Roaming\Code\User\globalStorage\redhat.java\1.32.0\config_win -data c:\Users\holar\AppData\Roaming\Code\User\workspaceStorage\86730f4890879325f6a557beb621e666\redhat.java\jdt_ws --pipe=\\.\pipe\lsp-7046a80b194c276d366b97dc9c5f1de0-sock
java_class_path (initial): c:\Users\holar\.vscode\extensions\redhat.java-1.32.0-win32-x64\server\plugins\org.eclipse.equinox.launcher_1.6.900.v20240613-2009.jar
Launcher Type: SUN_STANDARD

[Global flags]
    uintx AdaptiveSizePolicyWeight                 = 90                                        {product} {command line}
     intx CICompilerCount                          = 3                                         {product} {ergonomic}
    uintx GCTimeRatio                              = 4                                         {product} {command line}
     bool HeapDumpOnOutOfMemoryError               = true                                   {manageable} {command line}
    ccstr HeapDumpPath                             = c:\Users\holar\AppData\Roaming\Code\User\workspaceStorage\86730f4890879325f6a557beb621e666\redhat.java         {manageable} {command line}
   size_t InitialHeapSize                          = 104857600                                 {product} {command line}
   size_t MaxHeapSize                              = 1073741824                                {product} {command line}
   size_t MaxNewSize                               = 357564416                                 {product} {ergonomic}
   size_t MinHeapDeltaBytes                        = 524288                                    {product} {ergonomic}
   size_t MinHeapSize                              = 104857600                                 {product} {command line}
   size_t NewSize                                  = 34603008                                  {product} {ergonomic}
    uintx NonNMethodCodeHeapSize                   = 5832780                                {pd product} {ergonomic}
    uintx NonProfiledCodeHeapSize                  = 122912730                              {pd product} {ergonomic}
   size_t OldSize                                  = 70254592                                  {product} {ergonomic}
    uintx ProfiledCodeHeapSize                     = 122912730                              {pd product} {ergonomic}
    uintx ReservedCodeCacheSize                    = 251658240                              {pd product} {ergonomic}
     bool SegmentedCodeCache                       = true                                      {product} {ergonomic}
   size_t SoftMaxHeapSize                          = 1073741824                             {manageable} {ergonomic}
     bool UseCompressedClassPointers               = true                           {product lp64_product} {ergonomic}
     bool UseCompressedOops                        = true                           {product lp64_product} {ergonomic}
     bool UseLargePagesIndividualAllocation        = false                                  {pd product} {ergonomic}
     bool UseParallelGC                            = true                                      {product} {command line}

Logging:
Log output configuration:
 #0: stdout all=off uptime,level,tags
 #1: stderr all=off uptime,level,tags

Environment Variables:
PATH=C:\Users\holar\miniconda3\condabin;C:\Users\holar\bin;C:\Program Files\Git\mingw64\bin;C:\Program Files\Git\usr\local\bin;C:\Program Files\Git\usr\bin;C:\Program Files\Git\usr\bin;C:\Program Files\Git\mingw64\bin;C:\Program Files\Git\usr\bin;C:\Users\holar\bin;C:\Program Files\Common Files\Oracle\Java\javapath;C:\WINDOWS\system32;C:\WINDOWS;C:\WINDOWS\System32\Wbem;C:\WINDOWS\System32\WindowsPowerShell\v1.0;C:\WINDOWS\System32\OpenSSH;C:\Program Files\nodejs;C:\Program Files\Git\cmd;C:\Program Files\Docker\Docker\resources\bin;C:\Users\holar\AppData\Local\Microsoft\WindowsApps;C:\Users\holar\AppData\Local\Programs\Microsoft VS Code\bin;C:\Users\holar\AppData\Roaming\npm;C:\Program Files\PostgreSQL\16\bin;C:\Program Files\maven\apache-maven-3.9.6\bin;C:\Users\holar\Desktop\redis\Redis-x64-3.0.504;C:\Program Files\Git\usr\bin\vendor_perl;C:\Program Files\Git\usr\bin\core_perl
USERNAME=Holar
SHELL=C:\Program Files\Git\usr\bin\bash.exe
DISPLAY=needs-to-be-defined
LC_CTYPE=en_GB.UTF-8
TERM=xterm
TMPDIR=C:\Users\holar\AppData\Local\Temp
OS=Windows_NT
PROCESSOR_IDENTIFIER=Intel64 Family 6 Model 78 Stepping 3, GenuineIntel
TMP=C:\Users\holar\AppData\Local\Temp
TEMP=C:\Users\holar\AppData\Local\Temp



Periodic native trim disabled


---------------  S Y S T E M  ---------------

OS:
 Windows 10 , 64 bit Build 19041 (10.0.19041.4597)
OS uptime: 0 days 15:38 hours
Hyper-V role detected

CPU: total 4 (initial active 4) (2 cores per cpu, 2 threads per core) family 6 model 78 stepping 3 microcode 0xcc, cx8, cmov, fxsr, ht, mmx, 3dnowpref, sse, sse2, sse3, ssse3, sse4.1, sse4.2, popcnt, lzcnt, tsc, tscinvbit, avx, avx2, aes, erms, clmul, bmi1, bmi2, rtm, adx, fma, vzeroupper, clflush, clflushopt, hv
Processor Information for all 4 processors :
  Max Mhz: 2304, Current Mhz: 2304, Mhz Limit: 2304

Memory: 4k page, system-wide physical 3984M (312M free)
TotalPageFile size 16272M (AvailPageFile size 3M)
current process WorkingSet (physical memory assigned to process): 79M, peak: 79M
current process commit charge ("private bytes"): 188M, peak: 189M

vm_info: OpenJDK 64-Bit Server VM (17.0.11+9) for windows-amd64 JRE (17.0.11+9), built on Apr 17 2024 06:07:48 by "admin" with MS VC++ 16.10 / 16.11 (VS2019)

END.
