#
# There is insufficient memory for the Java Runtime Environment to continue.
# Native memory allocation (malloc) failed to allocate 1048576 bytes. Error detail: AllocateHeap
# Possible reasons:
#   The system is out of physical RAM or swap space
#   This process is running with CompressedOops enabled, and the Java Heap may be blocking the growth of the native heap
# Possible solutions:
#   Reduce memory load on the system
#   Increase physical memory or swap space
#   Check if swap backing store is full
#   Decrease Java heap size (-Xmx/-Xms)
#   Decrease number of Java threads
#   Decrease Java thread stack sizes (-Xss)
#   Set larger code cache with -XX:ReservedCodeCacheSize=
#   JVM is running with Unscaled Compressed Oops mode in which the Java heap is
#     placed in the first 4GB address space. The Java Heap base address is the
#     maximum limit for the native heap growth. Please use -XX:HeapBaseMinAddress
#     to set the Java Heap base and to place the Java Heap above 4GB virtual address.
# This output file may be truncated or incomplete.
#
#  Out of Memory Error (allocation.cpp:44), pid=4640, tid=18824
#
# JRE version: OpenJDK Runtime Environment Temurin-17.0.11+9 (17.0.11+9) (build 17.0.11+9)
# Java VM: OpenJDK 64-Bit Server VM Temurin-17.0.11+9 (17.0.11+9, mixed mode, emulated-client, tiered, compressed oops, compressed class ptrs, g1 gc, windows-amd64)
# No core dump will be written. Minidumps are not enabled by default on client versions of Windows
#

---------------  S U M M A R Y ------------

Command Line: -Xmx1024m -Dsts.lsp.client=vscode -Dsts.log.file=/dev/null -XX:TieredStopAtLevel=1 -Xlog:jni+resolve=off -Dspring.config.location=file:c:\Users\holar\.vscode\extensions\vmware.vscode-spring-boot-1.55.1\language-server\BOOT-INF\classes\application.properties org.springframework.ide.vscode.boot.app.BootLanguageServerBootApp

Host: Intel(R) Core(TM) i3-6100U CPU @ 2.30GHz, 4 cores, 3G,  Windows 10 , 64 bit Build 19041 (10.0.19041.4597)
Time: Sat Jul  6 22:54:34 2024 W. Central Africa Standard Time elapsed time: 463.263164 seconds (0d 0h 7m 43s)

---------------  T H R E A D  ---------------

Current thread (0x0000023ea2a53fc0):  VMThread "VM Thread" [stack: 0x000000a11d200000,0x000000a11d300000] [id=18824]

Stack: [0x000000a11d200000,0x000000a11d300000]
Native frames: (J=compiled Java code, j=interpreted, Vv=VM code, C=native code)
V  [jvm.dll+0x67d429]
V  [jvm.dll+0x834b7a]
V  [jvm.dll+0x83663e]
V  [jvm.dll+0x836ca3]
V  [jvm.dll+0x247dbf]
V  [jvm.dll+0xa6cb3]
V  [jvm.dll+0x2f8ad3]
V  [jvm.dll+0x2f4750]
V  [jvm.dll+0x2dcf67]
V  [jvm.dll+0x31fb67]
V  [jvm.dll+0x83b19b]
V  [jvm.dll+0x83bed2]
V  [jvm.dll+0x83c3ed]
V  [jvm.dll+0x83c7c4]
V  [jvm.dll+0x83c890]
V  [jvm.dll+0x7e410a]
V  [jvm.dll+0x67c315]
C  [ucrtbase.dll+0x21bb2]
C  [KERNEL32.DLL+0x17374]
C  [ntdll.dll+0x4cc91]

VM_Operation (0x000000a11e0ff190): G1CollectFull, mode: safepoint, requested by thread 0x0000023ea7c375f0


---------------  P R O C E S S  ---------------

Threads class SMR info:
_java_thread_list=0x0000023ea7bc23a0, length=15, elements={
0x0000023ea2a69b40, 0x0000023ea2a6b9d0, 0x0000023ea2a98a40, 0x0000023ea2a99600,
0x0000023ea2a9c870, 0x0000023ea2a9e8f0, 0x0000023ea2aa2f10, 0x0000023ea2aa5fd0,
0x0000023ea2db0030, 0x0000023ea2db67f0, 0x0000023ea7c37110, 0x0000023ea7c375f0,
0x0000023ea8223ea0, 0x0000023e962ce5a0, 0x0000023ea2d67700
}

Java Threads: ( => current thread )
  0x0000023ea2a69b40 JavaThread "Reference Handler" daemon [_thread_blocked, id=9084, stack(0x000000a11d300000,0x000000a11d400000)]
  0x0000023ea2a6b9d0 JavaThread "Finalizer" daemon [_thread_blocked, id=16552, stack(0x000000a11d400000,0x000000a11d500000)]
  0x0000023ea2a98a40 JavaThread "Signal Dispatcher" daemon [_thread_blocked, id=2964, stack(0x000000a11d500000,0x000000a11d600000)]
  0x0000023ea2a99600 JavaThread "Attach Listener" daemon [_thread_blocked, id=18780, stack(0x000000a11d600000,0x000000a11d700000)]
  0x0000023ea2a9c870 JavaThread "Service Thread" daemon [_thread_blocked, id=12380, stack(0x000000a11d700000,0x000000a11d800000)]
  0x0000023ea2a9e8f0 JavaThread "Monitor Deflation Thread" daemon [_thread_blocked, id=8864, stack(0x000000a11d800000,0x000000a11d900000)]
  0x0000023ea2aa2f10 JavaThread "C1 CompilerThread0" daemon [_thread_blocked, id=10300, stack(0x000000a11d900000,0x000000a11da00000)]
  0x0000023ea2aa5fd0 JavaThread "Sweeper thread" daemon [_thread_blocked, id=12668, stack(0x000000a11da00000,0x000000a11db00000)]
  0x0000023ea2db0030 JavaThread "Notification Thread" daemon [_thread_blocked, id=15708, stack(0x000000a11db00000,0x000000a11dc00000)]
  0x0000023ea2db67f0 JavaThread "Common-Cleaner" daemon [_thread_blocked, id=7376, stack(0x000000a11dd00000,0x000000a11de00000)]
  0x0000023ea7c37110 JavaThread "boundedElastic-evictor-1" daemon [_thread_blocked, id=6808, stack(0x000000a11cb00000,0x000000a11cc00000)]
  0x0000023ea7c375f0 JavaThread "pool-13-thread-1" [_thread_blocked, id=4796, stack(0x000000a11e000000,0x000000a11e100000)]
  0x0000023ea8223ea0 JavaThread "LanguageServerApp-lifecycle" [_thread_blocked, id=18740, stack(0x000000a11e200000,0x000000a11e300000)]
  0x0000023e962ce5a0 JavaThread "DestroyJavaVM" [_thread_blocked, id=8336, stack(0x000000a11cc00000,0x000000a11cd00000)]
  0x0000023ea2d67700 JavaThread "pool-14-thread-1" [_thread_in_native, id=19268, stack(0x000000a11e300000,0x000000a11e400000)]

Other Threads:
=>0x0000023ea2a53fc0 VMThread "VM Thread" [stack: 0x000000a11d200000,0x000000a11d300000] [id=18824]
  0x0000023ea2db0510 WatcherThread [stack: 0x000000a11dc00000,0x000000a11dd00000] [id=19364]
  0x0000023e984484f0 GCTaskThread "GC Thread#0" [stack: 0x000000a11cd00000,0x000000a11ce00000] [id=15892]
  0x0000023ea745b210 GCTaskThread "GC Thread#1" [stack: 0x000000a11de00000,0x000000a11df00000] [id=8432]
  0x0000023ea7495390 GCTaskThread "GC Thread#2" [stack: 0x000000a11df00000,0x000000a11e000000] [id=5900]
  0x0000023ea7679080 GCTaskThread "GC Thread#3" [stack: 0x000000a11e100000,0x000000a11e200000] [id=8852]
  0x0000023e98451440 ConcurrentGCThread "G1 Main Marker" [stack: 0x000000a11ce00000,0x000000a11cf00000] [id=10588]
  0x0000023e98451e60 ConcurrentGCThread "G1 Conc#0" [stack: 0x000000a11cf00000,0x000000a11d000000] [id=14316]
  0x0000023e984a26f0 ConcurrentGCThread "G1 Refine#0" [stack: 0x000000a11d000000,0x000000a11d100000] [id=7420]
  0x0000023e984a3120 ConcurrentGCThread "G1 Service" [stack: 0x000000a11d100000,0x000000a11d200000] [id=14852]

Threads with active compile tasks:

VM state: at safepoint (normal execution)

VM Mutex/Monitor currently owned by a thread:  ([mutex/lock_event])
[0x0000023e96211090] Threads_lock - owner thread: 0x0000023ea2a53fc0
[0x0000023e98402f50] Heap_lock - owner thread: 0x0000023ea7c375f0

Heap address: 0x00000000c0000000, size: 1024 MB, Compressed Oops mode: 32-bit

CDS archive(s) not mapped
Compressed class space mapped at: 0x0000000100000000-0x0000000140000000, reserved size: 1073741824
Narrow klass base: 0x0000000000000000, Narrow klass shift: 3, Narrow klass range: 0x140000000

GC Precious Log:
 CPUs: 4 total, 4 available
 Memory: 3984M
 Large Page Support: Disabled
 NUMA Support: Disabled
 Compressed Oops: Enabled (32-bit)
 Heap Region Size: 1M
 Heap Min Capacity: 8M
 Heap Initial Capacity: 64M
 Heap Max Capacity: 1G
 Pre-touch: Disabled
 Parallel Workers: 4
 Concurrent Workers: 1
 Concurrent Refinement Workers: 4
 Periodic GC: Disabled

Heap:
 garbage-first heap   total 65536K, used 24383K [0x00000000c0000000, 0x0000000100000000)
  region size 1024K, 1 young (1024K), 0 survivors (0K)
 Metaspace       used 38091K, committed 38592K, reserved 1114112K
  class space    used 4961K, committed 5184K, reserved 1048576K

Heap Regions: E=young(eden), S=young(survivor), O=old, HS=humongous(starts), HC=humongous(continues), CS=collection set, F=free, OA=open archive, CA=closed archive, TAMS=top-at-mark-start (previous, next)
|   0|0x00000000c0000000, 0x00000000c0100000, 0x00000000c0100000|100%|HS|  |TAMS 0x00000000c0100000, 0x00000000c0000000| Untracked 
|   1|0x00000000c0100000, 0x00000000c0200000, 0x00000000c0200000|100%|HC|  |TAMS 0x00000000c0200000, 0x00000000c0100000| Untracked 
|   2|0x00000000c0200000, 0x00000000c0300000, 0x00000000c0300000|100%|HC|  |TAMS 0x00000000c0300000, 0x00000000c0200000| Untracked 
|   3|0x00000000c0300000, 0x00000000c0400000, 0x00000000c0400000|100%|HC|  |TAMS 0x00000000c0400000, 0x00000000c0300000| Untracked 
|   4|0x00000000c0400000, 0x00000000c04fffc0, 0x00000000c0500000| 99%| O|  |TAMS 0x00000000c04fffc0, 0x00000000c0400000| Untracked 
|   5|0x00000000c0500000, 0x00000000c0600000, 0x00000000c0600000|100%| O|  |TAMS 0x00000000c0600000, 0x00000000c0500000| Untracked 
|   6|0x00000000c0600000, 0x00000000c0700000, 0x00000000c0700000|100%| O|  |TAMS 0x00000000c0700000, 0x00000000c0600000| Untracked 
|   7|0x00000000c0700000, 0x00000000c0800000, 0x00000000c0800000|100%| O|  |TAMS 0x00000000c0800000, 0x00000000c0700000| Untracked 
|   8|0x00000000c0800000, 0x00000000c0900000, 0x00000000c0900000|100%| O|  |TAMS 0x00000000c0900000, 0x00000000c0800000| Untracked 
|   9|0x00000000c0900000, 0x00000000c0a00000, 0x00000000c0a00000|100%| O|  |TAMS 0x00000000c0a00000, 0x00000000c0900000| Untracked 
|  10|0x00000000c0a00000, 0x00000000c0b00000, 0x00000000c0b00000|100%|HS|  |TAMS 0x00000000c0b00000, 0x00000000c0a00000| Untracked 
|  11|0x00000000c0b00000, 0x00000000c0c00000, 0x00000000c0c00000|100%|HC|  |TAMS 0x00000000c0c00000, 0x00000000c0b00000| Untracked 
|  12|0x00000000c0c00000, 0x00000000c0cffff8, 0x00000000c0d00000| 99%| O|  |TAMS 0x00000000c0cffff8, 0x00000000c0c00000| Untracked 
|  13|0x00000000c0d00000, 0x00000000c0dfe3b0, 0x00000000c0e00000| 99%| O|  |TAMS 0x00000000c0dfe3b0, 0x00000000c0d00000| Untracked 
|  14|0x00000000c0e00000, 0x00000000c0ef8e08, 0x00000000c0f00000| 97%| O|  |TAMS 0x00000000c0ef8e08, 0x00000000c0e00000| Untracked 
|  15|0x00000000c0f00000, 0x00000000c0ffffc0, 0x00000000c1000000| 99%| O|  |TAMS 0x00000000c0ffffc0, 0x00000000c0f00000| Untracked 
|  16|0x00000000c1000000, 0x00000000c1100000, 0x00000000c1100000|100%| O|  |TAMS 0x00000000c1100000, 0x00000000c1000000| Untracked 
|  17|0x00000000c1100000, 0x00000000c11fffe0, 0x00000000c1200000| 99%| O|  |TAMS 0x00000000c11fffe0, 0x00000000c1100000| Untracked 
|  18|0x00000000c1200000, 0x00000000c12fffb8, 0x00000000c1300000| 99%| O|  |TAMS 0x00000000c12fffb8, 0x00000000c1200000| Untracked 
|  19|0x00000000c1300000, 0x00000000c1400000, 0x00000000c1400000|100%| O|  |TAMS 0x00000000c1400000, 0x00000000c1300000| Untracked 
|  20|0x00000000c1400000, 0x00000000c14ffff0, 0x00000000c1500000| 99%| O|  |TAMS 0x00000000c14ffff0, 0x00000000c1400000| Untracked 
|  21|0x00000000c1500000, 0x00000000c1600000, 0x00000000c1600000|100%| O|  |TAMS 0x00000000c1600000, 0x00000000c1500000| Untracked 
|  22|0x00000000c1600000, 0x00000000c16fffe0, 0x00000000c1700000| 99%| O|  |TAMS 0x00000000c16fffe0, 0x00000000c1600000| Untracked 
|  23|0x00000000c1700000, 0x00000000c17912e0, 0x00000000c1800000| 56%| O|  |TAMS 0x00000000c1700000, 0x00000000c1700000| Untracked 
|  24|0x00000000c1800000, 0x00000000c1847bf0, 0x00000000c1900000| 28%| O|  |TAMS 0x00000000c1800000, 0x00000000c1800000| Untracked 
|  25|0x00000000c1900000, 0x00000000c1900000, 0x00000000c1a00000|  0%| F|  |TAMS 0x00000000c1900000, 0x00000000c1900000| Untracked 
|  26|0x00000000c1a00000, 0x00000000c1a00000, 0x00000000c1b00000|  0%| F|  |TAMS 0x00000000c1a00000, 0x00000000c1a00000| Untracked 
|  27|0x00000000c1b00000, 0x00000000c1b00000, 0x00000000c1c00000|  0%| F|  |TAMS 0x00000000c1b00000, 0x00000000c1b00000| Untracked 
|  28|0x00000000c1c00000, 0x00000000c1c00000, 0x00000000c1d00000|  0%| F|  |TAMS 0x00000000c1c00000, 0x00000000c1c00000| Untracked 
|  29|0x00000000c1d00000, 0x00000000c1d00000, 0x00000000c1e00000|  0%| F|  |TAMS 0x00000000c1d00000, 0x00000000c1d00000| Untracked 
|  30|0x00000000c1e00000, 0x00000000c1e00000, 0x00000000c1f00000|  0%| F|  |TAMS 0x00000000c1e00000, 0x00000000c1e00000| Untracked 
|  31|0x00000000c1f00000, 0x00000000c1f00000, 0x00000000c2000000|  0%| F|  |TAMS 0x00000000c1f00000, 0x00000000c1f00000| Untracked 
|  32|0x00000000c2000000, 0x00000000c2000000, 0x00000000c2100000|  0%| F|  |TAMS 0x00000000c2000000, 0x00000000c2000000| Untracked 
|  33|0x00000000c2100000, 0x00000000c2100000, 0x00000000c2200000|  0%| F|  |TAMS 0x00000000c2100000, 0x00000000c2100000| Untracked 
|  34|0x00000000c2200000, 0x00000000c2200000, 0x00000000c2300000|  0%| F|  |TAMS 0x00000000c2200000, 0x00000000c2200000| Untracked 
|  35|0x00000000c2300000, 0x00000000c2300000, 0x00000000c2400000|  0%| F|  |TAMS 0x00000000c2300000, 0x00000000c2300000| Untracked 
|  36|0x00000000c2400000, 0x00000000c2400000, 0x00000000c2500000|  0%| F|  |TAMS 0x00000000c2400000, 0x00000000c2400000| Untracked 
|  37|0x00000000c2500000, 0x00000000c2500000, 0x00000000c2600000|  0%| F|  |TAMS 0x00000000c2500000, 0x00000000c2500000| Untracked 
|  38|0x00000000c2600000, 0x00000000c2600000, 0x00000000c2700000|  0%| F|  |TAMS 0x00000000c2600000, 0x00000000c2600000| Untracked 
|  39|0x00000000c2700000, 0x00000000c2700000, 0x00000000c2800000|  0%| F|  |TAMS 0x00000000c2700000, 0x00000000c2700000| Untracked 
|  40|0x00000000c2800000, 0x00000000c2800000, 0x00000000c2900000|  0%| F|  |TAMS 0x00000000c2800000, 0x00000000c2800000| Untracked 
|  41|0x00000000c2900000, 0x00000000c2900000, 0x00000000c2a00000|  0%| F|  |TAMS 0x00000000c2900000, 0x00000000c2900000| Untracked 
|  42|0x00000000c2a00000, 0x00000000c2a00000, 0x00000000c2b00000|  0%| F|  |TAMS 0x00000000c2a00000, 0x00000000c2a00000| Untracked 
|  43|0x00000000c2b00000, 0x00000000c2b00000, 0x00000000c2c00000|  0%| F|  |TAMS 0x00000000c2b00000, 0x00000000c2b00000| Untracked 
|  44|0x00000000c2c00000, 0x00000000c2c00000, 0x00000000c2d00000|  0%| F|  |TAMS 0x00000000c2c00000, 0x00000000c2c00000| Untracked 
|  45|0x00000000c2d00000, 0x00000000c2d00000, 0x00000000c2e00000|  0%| F|  |TAMS 0x00000000c2d00000, 0x00000000c2d00000| Untracked 
|  46|0x00000000c2e00000, 0x00000000c2e00000, 0x00000000c2f00000|  0%| F|  |TAMS 0x00000000c2e00000, 0x00000000c2e00000| Untracked 
|  47|0x00000000c2f00000, 0x00000000c2f00000, 0x00000000c3000000|  0%| F|  |TAMS 0x00000000c2f00000, 0x00000000c2f00000| Untracked 
|  48|0x00000000c3000000, 0x00000000c3000000, 0x00000000c3100000|  0%| F|  |TAMS 0x00000000c3000000, 0x00000000c3000000| Untracked 
|  49|0x00000000c3100000, 0x00000000c3100000, 0x00000000c3200000|  0%| F|  |TAMS 0x00000000c3100000, 0x00000000c3100000| Untracked 
|  50|0x00000000c3200000, 0x00000000c3200000, 0x00000000c3300000|  0%| F|  |TAMS 0x00000000c3200000, 0x00000000c3200000| Untracked 
|  51|0x00000000c3300000, 0x00000000c3300000, 0x00000000c3400000|  0%| F|  |TAMS 0x00000000c3300000, 0x00000000c3300000| Untracked 
|  52|0x00000000c3400000, 0x00000000c3400000, 0x00000000c3500000|  0%| F|  |TAMS 0x00000000c3400000, 0x00000000c3400000| Untracked 
|  53|0x00000000c3500000, 0x00000000c3500000, 0x00000000c3600000|  0%| F|  |TAMS 0x00000000c3500000, 0x00000000c3500000| Untracked 
|  54|0x00000000c3600000, 0x00000000c3600000, 0x00000000c3700000|  0%| F|  |TAMS 0x00000000c3600000, 0x00000000c3600000| Untracked 
|  55|0x00000000c3700000, 0x00000000c3700000, 0x00000000c3800000|  0%| F|  |TAMS 0x00000000c3700000, 0x00000000c3700000| Untracked 
|  56|0x00000000c3800000, 0x00000000c3800000, 0x00000000c3900000|  0%| F|  |TAMS 0x00000000c3800000, 0x00000000c3800000| Untracked 
|  57|0x00000000c3900000, 0x00000000c3900000, 0x00000000c3a00000|  0%| F|  |TAMS 0x00000000c3900000, 0x00000000c3900000| Untracked 
|  58|0x00000000c3a00000, 0x00000000c3a00000, 0x00000000c3b00000|  0%| F|  |TAMS 0x00000000c3a00000, 0x00000000c3a00000| Untracked 
|  59|0x00000000c3b00000, 0x00000000c3b00000, 0x00000000c3c00000|  0%| F|  |TAMS 0x00000000c3b00000, 0x00000000c3b00000| Untracked 
|  60|0x00000000c3c00000, 0x00000000c3c00000, 0x00000000c3d00000|  0%| F|  |TAMS 0x00000000c3c00000, 0x00000000c3c00000| Untracked 
|  61|0x00000000c3d00000, 0x00000000c3d00000, 0x00000000c3e00000|  0%| F|  |TAMS 0x00000000c3d00000, 0x00000000c3d00000| Untracked 
|  62|0x00000000c3e00000, 0x00000000c3e00000, 0x00000000c3f00000|  0%| F|  |TAMS 0x00000000c3e00000, 0x00000000c3e00000| Untracked 
|  63|0x00000000c3f00000, 0x00000000c3f3d738, 0x00000000c4000000| 24%| E|  |TAMS 0x00000000c3f00000, 0x00000000c3f00000| Complete 

Card table byte_map: [0x0000023e9e0a0000,0x0000023e9e2a0000] _byte_map_base: 0x0000023e9daa0000

Marking Bits (Prev, Next): (CMBitMap*) 0x0000023e98448b10, (CMBitMap*) 0x0000023e98448b50
 Prev Bits: [0x0000023e9e4a0000, 0x0000023e9f4a0000)
 Next Bits: [0x0000023e9f4a0000, 0x0000023ea04a0000)

Polling page: 0x0000023e97bc0000

Metaspace:

Usage:
  Non-class:     32.35 MB used.
      Class:      4.85 MB used.
       Both:     37.20 MB used.

Virtual space:
  Non-class space:       64.00 MB reserved,      32.62 MB ( 51%) committed,  1 nodes.
      Class space:        1.00 GB reserved,       5.06 MB ( <1%) committed,  1 nodes.
             Both:        1.06 GB reserved,      37.69 MB (  3%) committed. 

Chunk freelists:
   Non-Class:  15.14 MB
       Class:  10.95 MB
        Both:  26.09 MB

MaxMetaspaceSize: unlimited
CompressedClassSpaceSize: 1.00 GB
Initial GC threshold: 21.00 MB
Current GC threshold: 62.81 MB
CDS: off
MetaspaceReclaimPolicy: balanced
 - commit_granule_bytes: 65536.
 - commit_granule_words: 8192.
 - virtual_space_node_default_size: 8388608.
 - enlarge_chunks_in_place: 1.
 - new_chunks_are_fully_committed: 0.
 - uncommit_free_chunks: 1.
 - use_allocation_guard: 0.
 - handle_deallocations: 1.


Internal statistics:

num_allocs_failed_limit: 8.
num_arena_births: 470.
num_arena_deaths: 128.
num_vsnodes_births: 2.
num_vsnodes_deaths: 0.
num_space_committed: 603.
num_space_uncommitted: 0.
num_chunks_returned_to_freelist: 147.
num_chunks_taken_from_freelist: 1598.
num_chunk_merges: 41.
num_chunk_splits: 1103.
num_chunks_enlarged: 841.
num_inconsistent_stats: 0.

CodeCache: size=49152Kb used=6677Kb max_used=6677Kb free=42474Kb
 bounds [0x0000023e9b0a0000, 0x0000023e9b730000, 0x0000023e9e0a0000]
 total_blobs=4124 nmethods=3579 adapters=472
 compilation: enabled
              stopped_count=0, restarted_count=0
 full_count=0

Compilation events (20 events):
Event: 37.032 Thread 0x0000023ea2aa2f10 3568       1       java.lang.reflect.Field::getRoot (5 bytes)
Event: 37.032 Thread 0x0000023ea2aa2f10 nmethod 3568 0x0000023e9b71ee90 code [0x0000023e9b71f020, 0x0000023e9b71f0f8]
Event: 37.032 Thread 0x0000023ea2aa2f10 3569       1       jdk.internal.reflect.UnsafeFieldAccessorFactory::newFieldAccessor (638 bytes)
Event: 37.035 Thread 0x0000023ea2aa2f10 nmethod 3569 0x0000023e9b71f190 code [0x0000023e9b71f7c0, 0x0000023e9b721398]
Event: 37.035 Thread 0x0000023ea2aa2f10 3570       1       jdk.internal.reflect.UnsafeFieldAccessorImpl::<init> (56 bytes)
Event: 37.036 Thread 0x0000023ea2aa2f10 nmethod 3570 0x0000023e9b721f10 code [0x0000023e9b7220e0, 0x0000023e9b7223f8]
Event: 37.036 Thread 0x0000023ea2aa2f10 3571       1       jdk.internal.reflect.FieldAccessorImpl::<init> (5 bytes)
Event: 37.036 Thread 0x0000023ea2aa2f10 nmethod 3571 0x0000023e9b722590 code [0x0000023e9b722720, 0x0000023e9b7227d8]
Event: 64.057 Thread 0x0000023ea2aa2f10 3572       1       java.util.ArrayList::<init> (63 bytes)
Event: 64.083 Thread 0x0000023ea2aa2f10 nmethod 3572 0x0000023e9b722890 code [0x0000023e9b722a60, 0x0000023e9b722d38]
Event: 228.433 Thread 0x0000023ea2aa2f10 3575       1       java.lang.System::checkKey (34 bytes)
Event: 228.490 Thread 0x0000023ea2aa2f10 nmethod 3575 0x0000023e9b723410 code [0x0000023e9b7235c0, 0x0000023e9b7237b8]
Event: 284.035 Thread 0x0000023ea2aa2f10 3576       1       java.util.concurrent.ThreadPoolExecutor::runStateAtLeast (11 bytes)
Event: 284.035 Thread 0x0000023ea2aa2f10 nmethod 3576 0x0000023e9b723910 code [0x0000023e9b723aa0, 0x0000023e9b723b58]
Event: 343.156 Thread 0x0000023ea2aa2f10 3577       1       java.lang.ProcessImpl::needsEscaping (169 bytes)
Event: 343.182 Thread 0x0000023ea2aa2f10 nmethod 3577 0x0000023e9b723c10 code [0x0000023e9b723e60, 0x0000023e9b724568]
Event: 343.182 Thread 0x0000023ea2aa2f10 3578       1       java.lang.ProcessImpl::unQuote (40 bytes)
Event: 343.184 Thread 0x0000023ea2aa2f10 nmethod 3578 0x0000023e9b724990 code [0x0000023e9b724b40, 0x0000023e9b724d08]
Event: 374.722 Thread 0x0000023ea2aa2f10 3579       1       java.lang.System::getProperty (25 bytes)
Event: 374.790 Thread 0x0000023ea2aa2f10 nmethod 3579 0x0000023e9b724e90 code [0x0000023e9b725080, 0x0000023e9b725448]

GC Heap History (20 events):
Event: 353.894 GC heap before
{Heap before GC invocations=39 (full 26):
 garbage-first heap   total 65536K, used 24383K [0x00000000c0000000, 0x0000000100000000)
  region size 1024K, 1 young (1024K), 0 survivors (0K)
 Metaspace       used 38091K, committed 38592K, reserved 1114112K
  class space    used 4961K, committed 5184K, reserved 1048576K
}
Event: 353.941 GC heap after
{Heap after GC invocations=40 (full 27):
 garbage-first heap   total 65536K, used 24383K [0x00000000c0000000, 0x0000000100000000)
  region size 1024K, 0 young (0K), 0 survivors (0K)
 Metaspace       used 38091K, committed 38592K, reserved 1114112K
  class space    used 4961K, committed 5184K, reserved 1048576K
}
Event: 364.345 GC heap before
{Heap before GC invocations=40 (full 27):
 garbage-first heap   total 65536K, used 24383K [0x00000000c0000000, 0x0000000100000000)
  region size 1024K, 1 young (1024K), 0 survivors (0K)
 Metaspace       used 38091K, committed 38592K, reserved 1114112K
  class space    used 4961K, committed 5184K, reserved 1048576K
}
Event: 364.395 GC heap after
{Heap after GC invocations=41 (full 28):
 garbage-first heap   total 65536K, used 24383K [0x00000000c0000000, 0x0000000100000000)
  region size 1024K, 0 young (0K), 0 survivors (0K)
 Metaspace       used 38091K, committed 38592K, reserved 1114112K
  class space    used 4961K, committed 5184K, reserved 1048576K
}
Event: 374.722 GC heap before
{Heap before GC invocations=41 (full 28):
 garbage-first heap   total 65536K, used 24383K [0x00000000c0000000, 0x0000000100000000)
  region size 1024K, 1 young (1024K), 0 survivors (0K)
 Metaspace       used 38091K, committed 38592K, reserved 1114112K
  class space    used 4961K, committed 5184K, reserved 1048576K
}
Event: 374.772 GC heap after
{Heap after GC invocations=42 (full 29):
 garbage-first heap   total 65536K, used 24383K [0x00000000c0000000, 0x0000000100000000)
  region size 1024K, 0 young (0K), 0 survivors (0K)
 Metaspace       used 38091K, committed 38592K, reserved 1114112K
  class space    used 4961K, committed 5184K, reserved 1048576K
}
Event: 385.126 GC heap before
{Heap before GC invocations=42 (full 29):
 garbage-first heap   total 65536K, used 24383K [0x00000000c0000000, 0x0000000100000000)
  region size 1024K, 1 young (1024K), 0 survivors (0K)
 Metaspace       used 38091K, committed 38592K, reserved 1114112K
  class space    used 4961K, committed 5184K, reserved 1048576K
}
Event: 385.178 GC heap after
{Heap after GC invocations=43 (full 30):
 garbage-first heap   total 65536K, used 24383K [0x00000000c0000000, 0x0000000100000000)
  region size 1024K, 0 young (0K), 0 survivors (0K)
 Metaspace       used 38091K, committed 38592K, reserved 1114112K
  class space    used 4961K, committed 5184K, reserved 1048576K
}
Event: 395.590 GC heap before
{Heap before GC invocations=43 (full 30):
 garbage-first heap   total 65536K, used 24383K [0x00000000c0000000, 0x0000000100000000)
  region size 1024K, 1 young (1024K), 0 survivors (0K)
 Metaspace       used 38091K, committed 38592K, reserved 1114112K
  class space    used 4961K, committed 5184K, reserved 1048576K
}
Event: 395.639 GC heap after
{Heap after GC invocations=44 (full 31):
 garbage-first heap   total 65536K, used 24383K [0x00000000c0000000, 0x0000000100000000)
  region size 1024K, 0 young (0K), 0 survivors (0K)
 Metaspace       used 38091K, committed 38592K, reserved 1114112K
  class space    used 4961K, committed 5184K, reserved 1048576K
}
Event: 405.983 GC heap before
{Heap before GC invocations=44 (full 31):
 garbage-first heap   total 65536K, used 24383K [0x00000000c0000000, 0x0000000100000000)
  region size 1024K, 1 young (1024K), 0 survivors (0K)
 Metaspace       used 38091K, committed 38592K, reserved 1114112K
  class space    used 4961K, committed 5184K, reserved 1048576K
}
Event: 406.020 GC heap after
{Heap after GC invocations=45 (full 32):
 garbage-first heap   total 65536K, used 24383K [0x00000000c0000000, 0x0000000100000000)
  region size 1024K, 0 young (0K), 0 survivors (0K)
 Metaspace       used 38091K, committed 38592K, reserved 1114112K
  class space    used 4961K, committed 5184K, reserved 1048576K
}
Event: 416.337 GC heap before
{Heap before GC invocations=45 (full 32):
 garbage-first heap   total 65536K, used 24383K [0x00000000c0000000, 0x0000000100000000)
  region size 1024K, 1 young (1024K), 0 survivors (0K)
 Metaspace       used 38091K, committed 38592K, reserved 1114112K
  class space    used 4961K, committed 5184K, reserved 1048576K
}
Event: 416.387 GC heap after
{Heap after GC invocations=46 (full 33):
 garbage-first heap   total 65536K, used 24383K [0x00000000c0000000, 0x0000000100000000)
  region size 1024K, 0 young (0K), 0 survivors (0K)
 Metaspace       used 38091K, committed 38592K, reserved 1114112K
  class space    used 4961K, committed 5184K, reserved 1048576K
}
Event: 426.880 GC heap before
{Heap before GC invocations=46 (full 33):
 garbage-first heap   total 65536K, used 24383K [0x00000000c0000000, 0x0000000100000000)
  region size 1024K, 1 young (1024K), 0 survivors (0K)
 Metaspace       used 38091K, committed 38592K, reserved 1114112K
  class space    used 4961K, committed 5184K, reserved 1048576K
}
Event: 426.938 GC heap after
{Heap after GC invocations=47 (full 34):
 garbage-first heap   total 65536K, used 24383K [0x00000000c0000000, 0x0000000100000000)
  region size 1024K, 0 young (0K), 0 survivors (0K)
 Metaspace       used 38091K, committed 38592K, reserved 1114112K
  class space    used 4961K, committed 5184K, reserved 1048576K
}
Event: 439.140 GC heap before
{Heap before GC invocations=47 (full 34):
 garbage-first heap   total 65536K, used 24383K [0x00000000c0000000, 0x0000000100000000)
  region size 1024K, 1 young (1024K), 0 survivors (0K)
 Metaspace       used 38091K, committed 38592K, reserved 1114112K
  class space    used 4961K, committed 5184K, reserved 1048576K
}
Event: 439.239 GC heap after
{Heap after GC invocations=48 (full 35):
 garbage-first heap   total 65536K, used 24383K [0x00000000c0000000, 0x0000000100000000)
  region size 1024K, 0 young (0K), 0 survivors (0K)
 Metaspace       used 38091K, committed 38592K, reserved 1114112K
  class space    used 4961K, committed 5184K, reserved 1048576K
}
Event: 451.946 GC heap before
{Heap before GC invocations=48 (full 35):
 garbage-first heap   total 65536K, used 24383K [0x00000000c0000000, 0x0000000100000000)
  region size 1024K, 1 young (1024K), 0 survivors (0K)
 Metaspace       used 38091K, committed 38592K, reserved 1114112K
  class space    used 4961K, committed 5184K, reserved 1048576K
}
Event: 451.987 GC heap after
{Heap after GC invocations=49 (full 36):
 garbage-first heap   total 65536K, used 24383K [0x00000000c0000000, 0x0000000100000000)
  region size 1024K, 0 young (0K), 0 survivors (0K)
 Metaspace       used 38091K, committed 38592K, reserved 1114112K
  class space    used 4961K, committed 5184K, reserved 1048576K
}

Dll operation events (8 events):
Event: 0.122 Loaded shared library c:\Users\holar\.vscode\extensions\redhat.java-1.32.0-win32-x64\jre\17.0.11-win32-x86_64\bin\java.dll
Event: 2.364 Loaded shared library C:\Users\holar\.vscode\extensions\redhat.java-1.32.0-win32-x64\jre\17.0.11-win32-x86_64\bin\net.dll
Event: 2.368 Loaded shared library C:\Users\holar\.vscode\extensions\redhat.java-1.32.0-win32-x64\jre\17.0.11-win32-x86_64\bin\nio.dll
Event: 2.408 Loaded shared library C:\Users\holar\.vscode\extensions\redhat.java-1.32.0-win32-x64\jre\17.0.11-win32-x86_64\bin\zip.dll
Event: 4.540 Loaded shared library C:\Users\holar\.vscode\extensions\redhat.java-1.32.0-win32-x64\jre\17.0.11-win32-x86_64\bin\jimage.dll
Event: 15.735 Loaded shared library c:\Users\holar\.vscode\extensions\redhat.java-1.32.0-win32-x64\jre\17.0.11-win32-x86_64\bin\verify.dll
Event: 35.512 Loaded shared library C:\Users\holar\.vscode\extensions\redhat.java-1.32.0-win32-x64\jre\17.0.11-win32-x86_64\bin\management.dll
Event: 35.521 Loaded shared library C:\Users\holar\.vscode\extensions\redhat.java-1.32.0-win32-x64\jre\17.0.11-win32-x86_64\bin\management_ext.dll

Deoptimization events (0 events):
No events

Classes unloaded (20 events):
Event: 90.258 Thread 0x0000023ea2a53fc0 Unloading class 0x0000000100094800 'java/lang/invoke/LambdaForm$MH+0x0000000100094800'
Event: 90.258 Thread 0x0000023ea2a53fc0 Unloading class 0x0000000100094400 'java/lang/invoke/LambdaForm$MH+0x0000000100094400'
Event: 90.258 Thread 0x0000023ea2a53fc0 Unloading class 0x000000010008e800 'java/lang/invoke/LambdaForm$MH+0x000000010008e800'
Event: 90.258 Thread 0x0000023ea2a53fc0 Unloading class 0x000000010008e400 'java/lang/invoke/LambdaForm$MH+0x000000010008e400'
Event: 90.258 Thread 0x0000023ea2a53fc0 Unloading class 0x000000010008e000 'java/lang/invoke/LambdaForm$MH+0x000000010008e000'
Event: 90.258 Thread 0x0000023ea2a53fc0 Unloading class 0x000000010008dc00 'java/lang/invoke/LambdaForm$MH+0x000000010008dc00'
Event: 90.259 Thread 0x0000023ea2a53fc0 Unloading class 0x000000010008d800 'java/lang/invoke/LambdaForm$MH+0x000000010008d800'
Event: 90.259 Thread 0x0000023ea2a53fc0 Unloading class 0x000000010008d400 'java/lang/invoke/LambdaForm$MH+0x000000010008d400'
Event: 90.259 Thread 0x0000023ea2a53fc0 Unloading class 0x000000010008cc00 'java/lang/invoke/LambdaForm$MH+0x000000010008cc00'
Event: 90.259 Thread 0x0000023ea2a53fc0 Unloading class 0x000000010008c800 'java/lang/invoke/LambdaForm$MH+0x000000010008c800'
Event: 90.259 Thread 0x0000023ea2a53fc0 Unloading class 0x000000010008c000 'java/lang/invoke/LambdaForm$MH+0x000000010008c000'
Event: 90.259 Thread 0x0000023ea2a53fc0 Unloading class 0x000000010008bc00 'java/lang/invoke/LambdaForm$MH+0x000000010008bc00'
Event: 90.259 Thread 0x0000023ea2a53fc0 Unloading class 0x000000010008ac00 'java/lang/invoke/LambdaForm$MH+0x000000010008ac00'
Event: 90.259 Thread 0x0000023ea2a53fc0 Unloading class 0x000000010008a400 'java/lang/invoke/LambdaForm$MH+0x000000010008a400'
Event: 90.259 Thread 0x0000023ea2a53fc0 Unloading class 0x000000010008a000 'java/lang/invoke/LambdaForm$MH+0x000000010008a000'
Event: 90.259 Thread 0x0000023ea2a53fc0 Unloading class 0x0000000100089c00 'java/lang/invoke/LambdaForm$MH+0x0000000100089c00'
Event: 90.259 Thread 0x0000023ea2a53fc0 Unloading class 0x0000000100089800 'java/lang/invoke/LambdaForm$MH+0x0000000100089800'
Event: 90.259 Thread 0x0000023ea2a53fc0 Unloading class 0x0000000100089400 'java/lang/invoke/LambdaForm$MH+0x0000000100089400'
Event: 90.259 Thread 0x0000023ea2a53fc0 Unloading class 0x0000000100088c00 'java/lang/invoke/LambdaForm$MH+0x0000000100088c00'
Event: 90.259 Thread 0x0000023ea2a53fc0 Unloading class 0x0000000100088400 'java/lang/invoke/LambdaForm$MH+0x0000000100088400'

Classes redefined (0 events):
No events

Internal exceptions (20 events):
Event: 22.585 Thread 0x0000023e962ce5a0 Exception <a 'java/lang/NoSuchMethodError'{0x00000000c39f3888}: 'int java.lang.invoke.DirectMethodHandle$Holder.invokeSpecial(java.lang.Object, java.lang.Object, int)'> (0x00000000c39f3888) 
thrown [s\src\hotspot\share\interpreter\linkResolver.cpp, line 759]
Event: 22.586 Thread 0x0000023e962ce5a0 Exception <a 'java/lang/NoSuchMethodError'{0x00000000c39fb180}: 'int java.lang.invoke.Invokers$Holder.linkToTargetMethod(java.lang.Object, java.lang.Object)'> (0x00000000c39fb180) 
thrown [s\src\hotspot\share\interpreter\linkResolver.cpp, line 759]
Event: 22.839 Thread 0x0000023e962ce5a0 Exception <a 'java/lang/NoSuchMethodError'{0x00000000c38ed848}: 'java.lang.Object java.lang.invoke.DirectMethodHandle$Holder.invokeSpecial(java.lang.Object, java.lang.Object, java.lang.Object, java.lang.Object, java.lang.Object, java.lang.Object, java.lang.Object, java.lang.Object, java.lang.Object, java.lang.Object)'> (0x00000000c38ed848) 
thrown [s\src\hotspot\share\interpreter\linkResolver.cpp, line 759]
Event: 22.839 Thread 0x0000023e962ce5a0 Exception <a 'java/lang/NoSuchMethodError'{0x00000000c38f1e30}: 'java.lang.Object java.lang.invoke.Invokers$Holder.invoke_MT(java.lang.Object, java.lang.Object, java.lang.Object, java.lang.Object, java.lang.Object, java.lang.Object, java.lang.Object, java.lang.Object, java.lang.Object, java.lang.Object)'> (0x00000000c38f1e30) 
thrown [s\src\hotspot\share\interpreter\linkResolver.cpp, line 759]
Event: 22.865 Thread 0x0000023e962ce5a0 Exception <a 'java/lang/NoSuchMethodError'{0x00000000c373a298}: 'java.lang.Object java.lang.invoke.DirectMethodHandle$Holder.invokeSpecial(java.lang.Object, java.lang.Object, int, java.lang.Object, java.lang.Object)'> (0x00000000c373a298) 
thrown [s\src\hotspot\share\interpreter\linkResolver.cpp, line 759]
Event: 22.865 Thread 0x0000023e962ce5a0 Exception <a 'java/lang/NoSuchMethodError'{0x00000000c373df40}: 'java.lang.Object java.lang.invoke.DelegatingMethodHandle$Holder.delegate(java.lang.Object, int, java.lang.Object, java.lang.Object)'> (0x00000000c373df40) 
thrown [s\src\hotspot\share\interpreter\linkResolver.cpp, line 759]
Event: 22.869 Thread 0x0000023e962ce5a0 Exception <a 'java/lang/NoSuchMethodError'{0x00000000c374edc8}: 'int java.lang.invoke.Invokers$Holder.linkToTargetMethod(java.lang.Object, java.lang.Object, java.lang.Object)'> (0x00000000c374edc8) 
thrown [s\src\hotspot\share\interpreter\linkResolver.cpp, line 759]
Event: 23.543 Thread 0x0000023e962ce5a0 Exception <a 'java/lang/NoSuchMethodError'{0x00000000c322e720}: 'java.lang.Object java.lang.invoke.DirectMethodHandle$Holder.invokeStaticInit(java.lang.Object, int, int, int, int)'> (0x00000000c322e720) 
thrown [s\src\hotspot\share\interpreter\linkResolver.cpp, line 759]
Event: 24.284 Thread 0x0000023e962ce5a0 Exception <a 'java/lang/NoSuchMethodError'{0x00000000c3116ef0}: 'java.lang.Object java.lang.invoke.DirectMethodHandle$Holder.invokeStaticInit(java.lang.Object, java.lang.Object, int, int, int, int)'> (0x00000000c3116ef0) 
thrown [s\src\hotspot\share\interpreter\linkResolver.cpp, line 759]
Event: 26.040 Thread 0x0000023e962ce5a0 Exception <a 'java/lang/NoSuchMethodError'{0x00000000c3ec3c38}: 'void java.lang.invoke.DirectMethodHandle$Holder.invokeSpecialIFC(java.lang.Object, java.lang.Object, java.lang.Object)'> (0x00000000c3ec3c38) 
thrown [s\src\hotspot\share\interpreter\linkResolver.cpp, line 759]
Event: 29.976 Thread 0x0000023e962ce5a0 Exception <a 'java/lang/NoSuchMethodError'{0x00000000c2c46ab8}: 'int java.lang.invoke.DirectMethodHandle$Holder.invokeStaticInit(java.lang.Object, java.lang.Object, int, java.lang.Object)'> (0x00000000c2c46ab8) 
thrown [s\src\hotspot\share\interpreter\linkResolver.cpp, line 759]
Event: 30.276 Thread 0x0000023e962ce5a0 Exception <a 'java/lang/NoSuchMethodError'{0x00000000c2b6c140}: 'void java.lang.invoke.DirectMethodHandle$Holder.invokeSpecial(java.lang.Object, java.lang.Object, java.lang.Object, java.lang.Object, java.lang.Object, java.lang.Object, java.lang.Object)'> (0x00000000c2b6c140) 
thrown [s\src\hotspot\share\interpreter\linkResolver.cpp, line 759]
Event: 32.537 Thread 0x0000023e962ce5a0 Exception <a 'java/lang/NoSuchMethodError'{0x00000000c3b97308}: 'java.lang.Object java.lang.invoke.DirectMethodHandle$Holder.invokeInterface(java.lang.Object, java.lang.Object, int)'> (0x00000000c3b97308) 
thrown [s\src\hotspot\share\interpreter\linkResolver.cpp, line 759]
Event: 32.542 Thread 0x0000023e962ce5a0 Exception <a 'java/lang/IncompatibleClassChangeError'{0x00000000c3bae090}: Found class java.lang.Object, but interface was expected> (0x00000000c3bae090) 
thrown [s\src\hotspot\share\interpreter\linkResolver.cpp, line 826]
Event: 35.396 Thread 0x0000023e962ce5a0 Exception <a 'java/lang/NoSuchMethodError'{0x00000000c3a28bc8}: 'java.lang.Object java.lang.invoke.DirectMethodHandle$Holder.newInvokeSpecial(java.lang.Object, java.lang.Object, int, java.lang.Object, java.lang.Object)'> (0x00000000c3a28bc8) 
thrown [s\src\hotspot\share\interpreter\linkResolver.cpp, line 759]
Event: 35.401 Thread 0x0000023e962ce5a0 Exception <a 'java/lang/NoSuchMethodError'{0x00000000c3a3c2c8}: 'java.lang.Object java.lang.invoke.DirectMethodHandle$Holder.invokeSpecial(java.lang.Object, java.lang.Object, int, java.lang.Object, int, java.lang.Object)'> (0x00000000c3a3c2c8) 
thrown [s\src\hotspot\share\interpreter\linkResolver.cpp, line 759]
Event: 35.402 Thread 0x0000023e962ce5a0 Exception <a 'java/lang/NoSuchMethodError'{0x00000000c3a440d0}: 'java.lang.Object java.lang.invoke.DirectMethodHandle$Holder.newInvokeSpecial(java.lang.Object, java.lang.Object, int, java.lang.Object, int)'> (0x00000000c3a440d0) 
thrown [s\src\hotspot\share\interpreter\linkResolver.cpp, line 759]
Event: 35.403 Thread 0x0000023e962ce5a0 Exception <a 'java/lang/NoSuchMethodError'{0x00000000c3a481d0}: 'java.lang.Object java.lang.invoke.DirectMethodHandle$Holder.invokeSpecial(java.lang.Object, java.lang.Object, java.lang.Object, int, java.lang.Object, int)'> (0x00000000c3a481d0) 
thrown [s\src\hotspot\share\interpreter\linkResolver.cpp, line 759]
Event: 76.852 Thread 0x0000023ea7c375f0 Exception <a 'java/lang/NoSuchMethodError'{0x00000000c3abbfb8}: 'void java.lang.invoke.DirectMethodHandle$Holder.invokeStatic(java.lang.Object, long)'> (0x00000000c3abbfb8) 
thrown [s\src\hotspot\share\interpreter\linkResolver.cpp, line 759]
Event: 76.882 Thread 0x0000023ea7c375f0 Exception <a 'java/lang/NoSuchMethodError'{0x00000000c3ac1360}: 'java.lang.Object java.lang.invoke.DirectMethodHandle$Holder.newInvokeSpecial(java.lang.Object, long)'> (0x00000000c3ac1360) 
thrown [s\src\hotspot\share\interpreter\linkResolver.cpp, line 759]

VM Operations (20 events):
Event: 353.941 Executing VM operation: G1CollectFull done
Event: 364.344 Executing VM operation: G1CollectFull
Event: 364.395 Executing VM operation: G1CollectFull done
Event: 374.721 Executing VM operation: G1CollectFull
Event: 374.772 Executing VM operation: G1CollectFull done
Event: 385.126 Executing VM operation: G1CollectFull
Event: 385.178 Executing VM operation: G1CollectFull done
Event: 395.590 Executing VM operation: G1CollectFull
Event: 395.639 Executing VM operation: G1CollectFull done
Event: 405.982 Executing VM operation: G1CollectFull
Event: 406.021 Executing VM operation: G1CollectFull done
Event: 416.336 Executing VM operation: G1CollectFull
Event: 416.387 Executing VM operation: G1CollectFull done
Event: 426.880 Executing VM operation: G1CollectFull
Event: 426.939 Executing VM operation: G1CollectFull done
Event: 439.139 Executing VM operation: G1CollectFull
Event: 439.240 Executing VM operation: G1CollectFull done
Event: 451.946 Executing VM operation: G1CollectFull
Event: 451.987 Executing VM operation: G1CollectFull done
Event: 463.136 Executing VM operation: G1CollectFull

Events (20 events):
Event: 35.704 Thread 0x0000023e962ce5a0 Thread added: 0x0000023e962ce5a0
Event: 36.088 Thread 0x0000023ea2d67700 Thread added: 0x0000023ea2d67700
Event: 36.245 loading class jdk/internal/reflect/UnsafeQualifiedIntegerFieldAccessorImpl
Event: 36.246 loading class jdk/internal/reflect/UnsafeQualifiedFieldAccessorImpl
Event: 36.246 loading class jdk/internal/reflect/UnsafeQualifiedFieldAccessorImpl done
Event: 36.246 loading class jdk/internal/reflect/UnsafeQualifiedIntegerFieldAccessorImpl done
Event: 36.493 loading class jdk/internal/reflect/UnsafeBooleanFieldAccessorImpl
Event: 36.493 loading class jdk/internal/reflect/UnsafeBooleanFieldAccessorImpl done
Event: 75.513 loading class java/lang/ProcessBuilder
Event: 75.761 loading class java/lang/ProcessBuilder done
Event: 75.915 loading class java/lang/ProcessImpl
Event: 75.943 loading class java/lang/ProcessImpl done
Event: 76.889 loading class java/lang/ProcessImpl$2
Event: 76.893 loading class java/lang/ProcessImpl$2 done
Event: 76.895 loading class java/lang/Process$PipeInputStream
Event: 76.898 loading class java/lang/Process$PipeInputStream done
Event: 77.076 loading class jdk/internal/event/ProcessStartEvent
Event: 77.080 loading class jdk/internal/event/ProcessStartEvent done
Event: 79.223 loading class java/io/FileOutputStream$1
Event: 79.227 loading class java/io/FileOutputStream$1 done


Dynamic libraries:
0x00007ff66df20000 - 0x00007ff66df2e000 	c:\Users\holar\.vscode\extensions\redhat.java-1.32.0-win32-x64\jre\17.0.11-win32-x86_64\bin\java.exe
0x00007ff8d9a90000 - 0x00007ff8d9c88000 	C:\WINDOWS\SYSTEM32\ntdll.dll
0x00007ff8d8fc0000 - 0x00007ff8d9081000 	C:\WINDOWS\System32\KERNEL32.DLL
0x00007ff8d7600000 - 0x00007ff8d78f6000 	C:\WINDOWS\System32\KERNELBASE.dll
0x00007ff8d79c0000 - 0x00007ff8d7ac0000 	C:\WINDOWS\System32\ucrtbase.dll
0x00007ff8d1a10000 - 0x00007ff8d1a27000 	c:\Users\holar\.vscode\extensions\redhat.java-1.32.0-win32-x64\jre\17.0.11-win32-x86_64\bin\jli.dll
0x00007ff8c9eb0000 - 0x00007ff8c9ecb000 	c:\Users\holar\.vscode\extensions\redhat.java-1.32.0-win32-x64\jre\17.0.11-win32-x86_64\bin\VCRUNTIME140.dll
0x00007ff8d9740000 - 0x00007ff8d98df000 	C:\WINDOWS\System32\USER32.dll
0x00007ff8d7290000 - 0x00007ff8d72b2000 	C:\WINDOWS\System32\win32u.dll
0x00007ff8c6590000 - 0x00007ff8c682a000 	C:\WINDOWS\WinSxS\amd64_microsoft.windows.common-controls_6595b64144ccf1df_6.0.19041.4355_none_60b8b9eb71f62e16\COMCTL32.dll
0x00007ff8d9710000 - 0x00007ff8d973b000 	C:\WINDOWS\System32\GDI32.dll
0x00007ff8d8950000 - 0x00007ff8d89ee000 	C:\WINDOWS\System32\msvcrt.dll
0x00007ff8d7170000 - 0x00007ff8d7287000 	C:\WINDOWS\System32\gdi32full.dll
0x00007ff8d74d0000 - 0x00007ff8d756d000 	C:\WINDOWS\System32\msvcp_win.dll
0x00007ff8d9a20000 - 0x00007ff8d9a4f000 	C:\WINDOWS\System32\IMM32.DLL
0x00007ff8d1450000 - 0x00007ff8d145c000 	c:\Users\holar\.vscode\extensions\redhat.java-1.32.0-win32-x64\jre\17.0.11-win32-x86_64\bin\vcruntime140_1.dll
0x00007ff89e4f0000 - 0x00007ff89e57d000 	c:\Users\holar\.vscode\extensions\redhat.java-1.32.0-win32-x64\jre\17.0.11-win32-x86_64\bin\msvcp140.dll
0x00007ff84f0c0000 - 0x00007ff84fd22000 	c:\Users\holar\.vscode\extensions\redhat.java-1.32.0-win32-x64\jre\17.0.11-win32-x86_64\bin\server\jvm.dll
0x00007ff8d98e0000 - 0x00007ff8d9990000 	C:\WINDOWS\System32\ADVAPI32.dll
0x00007ff8d8230000 - 0x00007ff8d82d0000 	C:\WINDOWS\System32\sechost.dll
0x00007ff8d89f0000 - 0x00007ff8d8b13000 	C:\WINDOWS\System32\RPCRT4.dll
0x00007ff8d7140000 - 0x00007ff8d7167000 	C:\WINDOWS\System32\bcrypt.dll
0x00007ff8d6f90000 - 0x00007ff8d6fdb000 	C:\WINDOWS\SYSTEM32\POWRPROF.dll
0x00007ff8c4cd0000 - 0x00007ff8c4cd9000 	C:\WINDOWS\SYSTEM32\WSOCK32.dll
0x00007ff8d91b0000 - 0x00007ff8d921b000 	C:\WINDOWS\System32\WS2_32.dll
0x00007ff8c5520000 - 0x00007ff8c5547000 	C:\WINDOWS\SYSTEM32\WINMM.dll
0x00007ff8c6840000 - 0x00007ff8c684a000 	C:\WINDOWS\SYSTEM32\VERSION.dll
0x00007ff8d6f70000 - 0x00007ff8d6f82000 	C:\WINDOWS\SYSTEM32\UMPDC.dll
0x00007ff8d5910000 - 0x00007ff8d5922000 	C:\WINDOWS\SYSTEM32\kernel.appcore.dll
0x00007ff8d09f0000 - 0x00007ff8d09fa000 	c:\Users\holar\.vscode\extensions\redhat.java-1.32.0-win32-x64\jre\17.0.11-win32-x86_64\bin\jimage.dll
0x00007ff8d4e00000 - 0x00007ff8d4fe4000 	C:\WINDOWS\SYSTEM32\DBGHELP.DLL
0x00007ff8ba000000 - 0x00007ff8ba034000 	C:\WINDOWS\SYSTEM32\dbgcore.DLL
0x00007ff8d7570000 - 0x00007ff8d75f2000 	C:\WINDOWS\System32\bcryptPrimitives.dll
0x00007ff8c9bf0000 - 0x00007ff8c9c15000 	c:\Users\holar\.vscode\extensions\redhat.java-1.32.0-win32-x64\jre\17.0.11-win32-x86_64\bin\java.dll
0x00007ff8c9e90000 - 0x00007ff8c9ea8000 	c:\Users\holar\.vscode\extensions\redhat.java-1.32.0-win32-x64\jre\17.0.11-win32-x86_64\bin\zip.dll
0x00007ff8d7ac0000 - 0x00007ff8d822c000 	C:\WINDOWS\System32\SHELL32.dll
0x00007ff8d5160000 - 0x00007ff8d58fd000 	C:\WINDOWS\SYSTEM32\windows.storage.dll
0x00007ff8d8510000 - 0x00007ff8d8863000 	C:\WINDOWS\System32\combase.dll
0x00007ff8d69b0000 - 0x00007ff8d69de000 	C:\WINDOWS\SYSTEM32\Wldp.dll
0x00007ff8d94a0000 - 0x00007ff8d956d000 	C:\WINDOWS\System32\OLEAUT32.dll
0x00007ff8d8460000 - 0x00007ff8d850d000 	C:\WINDOWS\System32\SHCORE.dll
0x00007ff8d96b0000 - 0x00007ff8d9705000 	C:\WINDOWS\System32\shlwapi.dll
0x00007ff8d7070000 - 0x00007ff8d7094000 	C:\WINDOWS\SYSTEM32\profapi.dll
0x00007ff8bc6f0000 - 0x00007ff8bc709000 	C:\Users\holar\.vscode\extensions\redhat.java-1.32.0-win32-x64\jre\17.0.11-win32-x86_64\bin\net.dll
0x00007ff8c8880000 - 0x00007ff8c898a000 	C:\WINDOWS\SYSTEM32\WINHTTP.dll
0x00007ff8d6790000 - 0x00007ff8d67fa000 	C:\WINDOWS\system32\mswsock.dll
0x00007ff8ba040000 - 0x00007ff8ba056000 	C:\Users\holar\.vscode\extensions\redhat.java-1.32.0-win32-x64\jre\17.0.11-win32-x86_64\bin\nio.dll
0x00007ff8c7720000 - 0x00007ff8c7730000 	c:\Users\holar\.vscode\extensions\redhat.java-1.32.0-win32-x64\jre\17.0.11-win32-x86_64\bin\verify.dll
0x00007ff8d69f0000 - 0x00007ff8d6a08000 	C:\WINDOWS\SYSTEM32\CRYPTSP.dll
0x00007ff8d60d0000 - 0x00007ff8d6104000 	C:\WINDOWS\system32\rsaenh.dll
0x00007ff8d7020000 - 0x00007ff8d704e000 	C:\WINDOWS\SYSTEM32\USERENV.dll
0x00007ff8d6920000 - 0x00007ff8d692c000 	C:\WINDOWS\SYSTEM32\CRYPTBASE.dll
0x00007ff8d6490000 - 0x00007ff8d64cb000 	C:\WINDOWS\SYSTEM32\IPHLPAPI.DLL
0x00007ff8d9a10000 - 0x00007ff8d9a18000 	C:\WINDOWS\System32\NSI.dll
0x00007ff8cd450000 - 0x00007ff8cd467000 	C:\WINDOWS\SYSTEM32\dhcpcsvc6.DLL
0x00007ff8ce260000 - 0x00007ff8ce27d000 	C:\WINDOWS\SYSTEM32\dhcpcsvc.DLL
0x00007ff8d64d0000 - 0x00007ff8d659a000 	C:\WINDOWS\SYSTEM32\DNSAPI.dll
0x00007ff8d3f50000 - 0x00007ff8d3f59000 	C:\Users\holar\.vscode\extensions\redhat.java-1.32.0-win32-x64\jre\17.0.11-win32-x86_64\bin\management.dll
0x00007ff8d3f20000 - 0x00007ff8d3f2b000 	C:\Users\holar\.vscode\extensions\redhat.java-1.32.0-win32-x64\jre\17.0.11-win32-x86_64\bin\management_ext.dll
0x00007ff8d9430000 - 0x00007ff8d9438000 	C:\WINDOWS\System32\PSAPI.DLL

dbghelp: loaded successfully - version: 4.0.5 - missing functions: none
symbol engine: initialized successfully - sym options: 0x614 - pdb path: .;c:\Users\holar\.vscode\extensions\redhat.java-1.32.0-win32-x64\jre\17.0.11-win32-x86_64\bin;C:\WINDOWS\SYSTEM32;C:\WINDOWS\WinSxS\amd64_microsoft.windows.common-controls_6595b64144ccf1df_6.0.19041.4355_none_60b8b9eb71f62e16;c:\Users\holar\.vscode\extensions\redhat.java-1.32.0-win32-x64\jre\17.0.11-win32-x86_64\bin\server

VM Arguments:
jvm_args: -Xmx1024m -Dsts.lsp.client=vscode -Dsts.log.file=/dev/null -XX:TieredStopAtLevel=1 -Xlog:jni+resolve=off -Dspring.config.location=file:c:\Users\holar\.vscode\extensions\vmware.vscode-spring-boot-1.55.1\language-server\BOOT-INF\classes\application.properties 
java_command: org.springframework.ide.vscode.boot.app.BootLanguageServerBootApp
java_class_path (initial): c:\Users\holar\.vscode\extensions\vmware.vscode-spring-boot-1.55.1\language-server\BOOT-INF\classes;c:\Users\holar\.vscode\extensions\vmware.vscode-spring-boot-1.55.1\language-server\BOOT-INF\lib\annotations-24.1.0.jar;c:\Users\holar\.vscode\extensions\vmware.vscode-spring-boot-1.55.1\language-server\BOOT-INF\lib\antlr4-runtime-4.13.1.jar;c:\Users\holar\.vscode\extensions\vmware.vscode-spring-boot-1.55.1\language-server\BOOT-INF\lib\asm-9.7.jar;c:\Users\holar\.vscode\extensions\vmware.vscode-spring-boot-1.55.1\language-server\BOOT-INF\lib\asm-analysis-9.7.jar;c:\Users\holar\.vscode\extensions\vmware.vscode-spring-boot-1.55.1\language-server\BOOT-INF\lib\asm-tree-9.7.jar;c:\Users\holar\.vscode\extensions\vmware.vscode-spring-boot-1.55.1\language-server\BOOT-INF\lib\asm-util-9.7.jar;c:\Users\holar\.vscode\extensions\vmware.vscode-spring-boot-1.55.1\language-server\BOOT-INF\lib\caffeine-3.1.8.jar;c:\Users\holar\.vscode\extensions\vmware.vscode-spring-boot-1.55.1\language-server\BOOT-INF\lib\checker-qual-3.12.0.jar;c:\Users\holar\.vscode\extensions\vmware.vscode-spring-boot-1.55.1\language-server\BOOT-INF\lib\classgraph-4.8.149.jar;c:\Users\holar\.vscode\extensions\vmware.vscode-spring-boot-1.55.1\language-server\BOOT-INF\lib\commons-codec-1.16.1.jar;c:\Users\holar\.vscode\extensions\vmware.vscode-spring-boot-1.55.1\language-server\BOOT-INF\lib\commons-compress-1.26.1.jar;c:\Users\holar\.vscode\extensions\vmware.vscode-spring-boot-1.55.1\language-server\BOOT-INF\lib\commons-io-2.16.1.jar;c:\Users\holar\.vscode\extensions\vmware.vscode-spring-boot-1.55.1\language-server\BOOT-INF\lib\commons-java-1.55.1-SNAPSHOT.jar;c:\Users\holar\.vscode\extensions\vmware.vscode-spring-boot-1.55.1\language-server\BOOT-INF\lib\commons-lang3-3.14.0.jar;c:\Users\holar\.vscode\extensions\vmware.vscode-spring-boot-1.55.1\language-server\BOOT-INF\lib\commons-language-server-1.55.1-SNAPSHOT.jar;c:\Users\holar\.vscode\extensions\vmware.vscode-spring-boot-1.55.1\langu
Launcher Type: SUN_STANDARD

[Global flags]
     intx CICompilerCount                          = 3                                         {product} {ergonomic}
     uint ConcGCThreads                            = 1                                         {product} {ergonomic}
     uint G1ConcRefinementThreads                  = 4                                         {product} {ergonomic}
   size_t G1HeapRegionSize                         = 1048576                                   {product} {ergonomic}
    uintx GCDrainStackTargetSize                   = 64                                        {product} {ergonomic}
   size_t InitialHeapSize                          = 67108864                                  {product} {ergonomic}
   size_t MarkStackSize                            = 4194304                                   {product} {ergonomic}
   size_t MaxHeapSize                              = 1073741824                                {product} {command line}
   size_t MaxNewSize                               = 643825664                                 {product} {ergonomic}
   size_t MinHeapDeltaBytes                        = 1048576                                   {product} {ergonomic}
   size_t MinHeapSize                              = 8388608                                   {product} {ergonomic}
    uintx NonProfiledCodeHeapSize                  = 0                                      {pd product} {ergonomic}
     bool ProfileInterpreter                       = false                                  {pd product} {command line}
    uintx ProfiledCodeHeapSize                     = 0                                      {pd product} {ergonomic}
   size_t SoftMaxHeapSize                          = 1073741824                             {manageable} {ergonomic}
     intx TieredStopAtLevel                        = 1                                         {product} {command line}
     bool UseCompressedClassPointers               = true                           {product lp64_product} {ergonomic}
     bool UseCompressedOops                        = true                           {product lp64_product} {ergonomic}
     bool UseG1GC                                  = true                                      {product} {ergonomic}
     bool UseLargePagesIndividualAllocation        = false                                  {pd product} {ergonomic}

Logging:
Log output configuration:
 #0: stdout all=warning,jni+resolve=off uptime,level,tags
 #1: stderr all=off uptime,level,tags

Environment Variables:
PATH=C:\Users\holar\miniconda3\condabin;C:\Users\holar\bin;C:\Program Files\Git\mingw64\bin;C:\Program Files\Git\usr\local\bin;C:\Program Files\Git\usr\bin;C:\Program Files\Git\usr\bin;C:\Program Files\Git\mingw64\bin;C:\Program Files\Git\usr\bin;C:\Users\holar\bin;C:\Program Files\Common Files\Oracle\Java\javapath;C:\WINDOWS\system32;C:\WINDOWS;C:\WINDOWS\System32\Wbem;C:\WINDOWS\System32\WindowsPowerShell\v1.0;C:\WINDOWS\System32\OpenSSH;C:\Program Files\nodejs;C:\Program Files\Git\cmd;C:\Program Files\Docker\Docker\resources\bin;C:\Users\holar\AppData\Local\Microsoft\WindowsApps;C:\Users\holar\AppData\Local\Programs\Microsoft VS Code\bin;C:\Users\holar\AppData\Roaming\npm;C:\Program Files\PostgreSQL\16\bin;C:\Program Files\maven\apache-maven-3.9.6\bin;C:\Users\holar\Desktop\redis\Redis-x64-3.0.504;C:\Program Files\Git\usr\bin\vendor_perl;C:\Program Files\Git\usr\bin\core_perl
USERNAME=Holar
SHELL=C:\Program Files\Git\usr\bin\bash.exe
DISPLAY=needs-to-be-defined
LC_CTYPE=en_GB.UTF-8
TERM=xterm
TMPDIR=C:\Users\holar\AppData\Local\Temp
OS=Windows_NT
PROCESSOR_IDENTIFIER=Intel64 Family 6 Model 78 Stepping 3, GenuineIntel
TMP=C:\Users\holar\AppData\Local\Temp
TEMP=C:\Users\holar\AppData\Local\Temp



Periodic native trim disabled


---------------  S Y S T E M  ---------------

OS:
 Windows 10 , 64 bit Build 19041 (10.0.19041.4597)
OS uptime: 0 days 15:38 hours
Hyper-V role detected

CPU: total 4 (initial active 4) (2 cores per cpu, 2 threads per core) family 6 model 78 stepping 3 microcode 0xcc, cx8, cmov, fxsr, ht, mmx, 3dnowpref, sse, sse2, sse3, ssse3, sse4.1, sse4.2, popcnt, lzcnt, tsc, tscinvbit, avx, avx2, aes, erms, clmul, bmi1, bmi2, rtm, adx, fma, vzeroupper, clflush, clflushopt, hv
Processor Information for processor 0
  Max Mhz: 2304, Current Mhz: 2304, Mhz Limit: 2304
Processor Information for processor 1
  Max Mhz: 2304, Current Mhz: 2304, Mhz Limit: 2304
Processor Information for processor 2
  Max Mhz: 2304, Current Mhz: 2304, Mhz Limit: 2304
Processor Information for processor 3
  Max Mhz: 2304, Current Mhz: 1402, Mhz Limit: 2304

Memory: 4k page, system-wide physical 3984M (316M free)
TotalPageFile size 16272M (AvailPageFile size 7M)
current process WorkingSet (physical memory assigned to process): 38M, peak: 134M
current process commit charge ("private bytes"): 182M, peak: 188M

vm_info: OpenJDK 64-Bit Server VM (17.0.11+9) for windows-amd64 JRE (17.0.11+9), built on Apr 17 2024 06:07:48 by "admin" with MS VC++ 16.10 / 16.11 (VS2019)

END.
